#
# There is insufficient memory for the Java Runtime Environment to continue.
# Native memory allocation (mmap) failed to map 127926272 bytes for committing reserved memory.
# Possible reasons:
#   The system is out of physical RAM or swap space
#   In 32 bit mode, the process size limit was hit
# Possible solutions:
#   Reduce memory load on the system
#   Increase physical memory or swap space
#   Check if swap backing store is full
#   Use 64 bit Java on a 64 bit OS
#   Decrease Java heap size (-Xmx/-Xms)
#   Decrease number of Java threads
#   Decrease Java thread stack sizes (-Xss)
#   Set larger code cache with -XX:ReservedCodeCacheSize=
# This output file may be truncated or incomplete.
#
#  Out of Memory Error (os_linux.cpp:2627), pid=21203, tid=139946885994240
#
# JRE version: Java(TM) SE Runtime Environment (8.0_91-b14) (build 1.8.0_91-b14)
# Java VM: Java HotSpot(TM) 64-Bit Server VM (25.91-b14 mixed mode linux-amd64 compressed oops)
# Failed to write core dump. Core dumps have been disabled. To enable core dumping, try "ulimit -c unlimited" before starting Java again
#

---------------  T H R E A D  ---------------

Current thread (0x00007f47fc073800):  VMThread [stack: 0x00007f47ec5d5000,0x00007f47ec6d6000] [id=21208]

Stack: [0x00007f47ec5d5000,0x00007f47ec6d6000],  sp=0x00007f47ec6d4240,  free space=1020k
Native frames: (J=compiled Java code, j=interpreted, Vv=VM code, C=native code)
V  [libjvm.so+0xabc18a]  VMError::report_and_die()+0x2ba
V  [libjvm.so+0x4fafeb]  report_vm_out_of_memory(char const*, int, unsigned long, VMErrorType, char const*)+0x8b
V  [libjvm.so+0x91cbb3]  os::Linux::commit_memory_impl(char*, unsigned long, bool)+0x103
V  [libjvm.so+0x91d109]  os::pd_commit_memory(char*, unsigned long, unsigned long, bool)+0x29
V  [libjvm.so+0x91740a]  os::commit_memory(char*, unsigned long, unsigned long, bool)+0x2a
V  [libjvm.so+0x98b033]  PSVirtualSpace::expand_by(unsigned long)+0x53
V  [libjvm.so+0x98c438]  PSYoungGen::resize_generation(unsigned long, unsigned long)+0xf8
V  [libjvm.so+0x98b592]  PSYoungGen::resize(unsigned long, unsigned long)+0x22
V  [libjvm.so+0x98886b]  PSScavenge::invoke_no_policy()+0xf3b
V  [libjvm.so+0x983b15]  PSParallelCompact::invoke(bool)+0x85
V  [libjvm.so+0x482104]  CollectedHeap::collect_as_vm_thread(GCCause::Cause)+0x114
V  [libjvm.so+0xabd601]  VM_CollectForMetadataAllocation::doit()+0x161
V  [libjvm.so+0xac55d5]  VM_Operation::evaluate()+0x55
V  [libjvm.so+0xac39aa]  VMThread::evaluate_operation(VM_Operation*)+0xba
V  [libjvm.so+0xac3d2e]  VMThread::loop()+0x1ce
V  [libjvm.so+0xac41a0]  VMThread::run()+0x70
V  [libjvm.so+0x91ef78]  java_start(Thread*)+0x108

VM_Operation (0x00007f47ec1ceaa0): CollectForMetadataAllocation, mode: safepoint, requested by thread 0x00007f47fc0b7000


---------------  P R O C E S S  ---------------

Java Threads: ( => current thread )
  0x00007f47fc576800 JavaThread "process reaper" daemon [_thread_blocked, id=21218, stack(0x00007f47e4158000,0x00007f47e4191000)]
  0x00007f47fc0c2000 JavaThread "Service Thread" daemon [_thread_blocked, id=21214, stack(0x00007f47e4492000,0x00007f47e4593000)]
  0x00007f47fc0b7000 JavaThread "C1 CompilerThread1" daemon [_thread_blocked, id=21213, stack(0x00007f47ec0d0000,0x00007f47ec1d1000)]
  0x00007f47fc0b4000 JavaThread "C2 CompilerThread0" daemon [_thread_blocked, id=21212, stack(0x00007f47ec1d1000,0x00007f47ec2d2000)]
  0x00007f47fc0b2800 JavaThread "Signal Dispatcher" daemon [_thread_blocked, id=21211, stack(0x00007f47ec2d2000,0x00007f47ec3d3000)]
  0x00007f47fc080000 JavaThread "Finalizer" daemon [_thread_blocked, id=21210, stack(0x00007f47ec3d3000,0x00007f47ec4d4000)]
  0x00007f47fc07b800 JavaThread "Reference Handler" daemon [_thread_blocked, id=21209, stack(0x00007f47ec4d4000,0x00007f47ec5d5000)]
  0x00007f47fc00a000 JavaThread "main" [_thread_blocked, id=21205, stack(0x00007f48047fd000,0x00007f48048fe000)]

Other Threads:
=>0x00007f47fc073800 VMThread [stack: 0x00007f47ec5d5000,0x00007f47ec6d6000] [id=21208]
  0x00007f47fc0c4800 WatcherThread [stack: 0x00007f47e4391000,0x00007f47e4492000] [id=21215]

VM state:at safepoint (normal execution)

VM Mutex/Monitor currently owned by a thread:  ([mutex/lock_event])
[0x00007f47fc0061c0] Threads_lock - owner thread: 0x00007f47fc073800
[0x00007f47fc0066c0] Heap_lock - owner thread: 0x00007f47fc0b7000
[0x00007f47fc006c40] MethodData_lock - owner thread: 0x00007f47fc0b7000

Heap:
 PSYoungGen      total 118784K, used 9709K [0x00000000dc900000, 0x00000000e4800000, 0x0000000100000000)
  eden space 109056K, 0% used [0x00000000dc900000,0x00000000dc900000,0x00000000e3380000)
  from space 9728K, 99% used [0x00000000e3380000,0x00000000e3cfb570,0x00000000e3d00000)
  to   space 8192K, 0% used [0x00000000e3d00000,0x00000000e3d00000,0x00000000e4500000)
 ParOldGen       total 73728K, used 22350K [0x0000000095a00000, 0x000000009a200000, 0x00000000dc900000)
  object space 73728K, 30% used [0x0000000095a00000,0x0000000096fd3a80,0x000000009a200000)
 Metaspace       used 20656K, capacity 21218K, committed 21296K, reserved 1069056K
  class space    used 2421K, capacity 2567K, committed 2608K, reserved 1048576K

Card table byte_map: [0x00007f480126c000,0x00007f48015c0000] byte_map_base: 0x00007f4800dbf000

Marking Bits: (ParMarkBitMap*) 0x00007f4803cd6d60
 Begin Bits: [0x00007f47e4ad0000, 0x00007f47e6568000)
 End Bits:   [0x00007f47e6568000, 0x00007f47e8000000)

Polling page: 0x00007f4804920000

CodeCache: size=245760Kb used=13129Kb max_used=13129Kb free=232630Kb
 bounds [0x00007f47ed000000, 0x00007f47edce0000, 0x00007f47fc000000]
 total_blobs=4234 nmethods=3868 adapters=278
 compilation: enabled

Compilation events (10 events):
Event: 8,082 Thread 0x00007f47fc0b7000 nmethod 3893 0x00007f47edcd8290 code [0x00007f47edcd8400, 0x00007f47edcd85c8]
Event: 8,082 Thread 0x00007f47fc0b7000 3892       2       com.sun.tools.javac.comp.Flow$AssignAnalyzer::referenced (9 bytes)
Event: 8,082 Thread 0x00007f47fc0b7000 nmethod 3892 0x00007f47edcd86d0 code [0x00007f47edcd8840, 0x00007f47edcd89c8]
Event: 8,083 Thread 0x00007f47fc0b7000 3896       2       com.sun.tools.javac.tree.TreeInfo::skipParens (23 bytes)
Event: 8,083 Thread 0x00007f47fc0b7000 nmethod 3896 0x00007f47edcd8a50 code [0x00007f47edcd8bc0, 0x00007f47edcd8de8]
Event: 8,083 Thread 0x00007f47fc0b7000 3894       2       com.sun.tools.javac.util.Bits::<init> (20 bytes)
Event: 8,084 Thread 0x00007f47fc0b7000 nmethod 3894 0x00007f47edcd8f50 code [0x00007f47edcd90c0, 0x00007f47edcd9298]
Event: 8,084 Thread 0x00007f47fc0b7000 3895       2       com.sun.tools.javac.util.Bits::isReset (16 bytes)
Event: 8,084 Thread 0x00007f47fc0b7000 nmethod 3895 0x00007f47edcd9390 code [0x00007f47edcd94e0, 0x00007f47edcd9650]
Event: 8,084 Thread 0x00007f47fc0b7000 3897       2       com.sun.tools.javac.comp.Flow$CaptureAnalyzer::letInit (142 bytes)

GC Heap History (10 events):
Event: 2,200 GC heap after
Heap after GC invocations=2 (full 0):
 PSYoungGen      total 32256K, used 4596K [0x00000000dc900000, 0x00000000e0800000, 0x0000000100000000)
  eden space 27648K, 0% used [0x00000000dc900000,0x00000000dc900000,0x00000000de400000)
  from space 4608K, 99% used [0x00000000de880000,0x00000000decfd128,0x00000000ded00000)
  to   space 4608K, 0% used [0x00000000de400000,0x00000000de400000,0x00000000de880000)
 ParOldGen       total 73728K, used 1112K [0x0000000095a00000, 0x000000009a200000, 0x00000000dc900000)
  object space 73728K, 1% used [0x0000000095a00000,0x0000000095b16258,0x000000009a200000)
 Metaspace       used 11658K, capacity 11968K, committed 12416K, reserved 1060864K
  class space    used 1459K, capacity 1555K, committed 1664K, reserved 1048576K
}
Event: 3,106 GC heap before
{Heap before GC invocations=3 (full 0):
 PSYoungGen      total 32256K, used 32244K [0x00000000dc900000, 0x00000000e0800000, 0x0000000100000000)
  eden space 27648K, 100% used [0x00000000dc900000,0x00000000de400000,0x00000000de400000)
  from space 4608K, 99% used [0x00000000de880000,0x00000000decfd128,0x00000000ded00000)
  to   space 4608K, 0% used [0x00000000de400000,0x00000000de400000,0x00000000de880000)
 ParOldGen       total 73728K, used 1112K [0x0000000095a00000, 0x000000009a200000, 0x00000000dc900000)
  object space 73728K, 1% used [0x0000000095a00000,0x0000000095b16258,0x000000009a200000)
 Metaspace       used 13336K, capacity 13718K, committed 14080K, reserved 1060864K
  class space    used 1619K, capacity 1731K, committed 1792K, reserved 1048576K
Event: 3,125 GC heap after
Heap after GC invocations=3 (full 0):
 PSYoungGen      total 32256K, used 4592K [0x00000000dc900000, 0x00000000e0800000, 0x0000000100000000)
  eden space 27648K, 0% used [0x00000000dc900000,0x00000000dc900000,0x00000000de400000)
  from space 4608K, 99% used [0x00000000de400000,0x00000000de87c010,0x00000000de880000)
  to   space 4608K, 0% used [0x00000000e0380000,0x00000000e0380000,0x00000000e0800000)
 ParOldGen       total 73728K, used 2623K [0x0000000095a00000, 0x000000009a200000, 0x00000000dc900000)
  object space 73728K, 3% used [0x0000000095a00000,0x0000000095c8fcc8,0x000000009a200000)
 Metaspace       used 13336K, capacity 13718K, committed 14080K, reserved 1060864K
  class space    used 1619K, capacity 1731K, committed 1792K, reserved 1048576K
}
Event: 3,576 GC heap before
{Heap before GC invocations=4 (full 0):
 PSYoungGen      total 32256K, used 32240K [0x00000000dc900000, 0x00000000e0800000, 0x0000000100000000)
  eden space 27648K, 100% used [0x00000000dc900000,0x00000000de400000,0x00000000de400000)
  from space 4608K, 99% used [0x00000000de400000,0x00000000de87c010,0x00000000de880000)
  to   space 4608K, 0% used [0x00000000e0380000,0x00000000e0380000,0x00000000e0800000)
 ParOldGen       total 73728K, used 2623K [0x0000000095a00000, 0x000000009a200000, 0x00000000dc900000)
  object space 73728K, 3% used [0x0000000095a00000,0x0000000095c8fcc8,0x000000009a200000)
 Metaspace       used 13626K, capacity 13998K, committed 14336K, reserved 1062912K
  class space    used 1643K, capacity 1735K, committed 1792K, reserved 1048576K
Event: 3,585 GC heap after
Heap after GC invocations=4 (full 0):
 PSYoungGen      total 59904K, used 4576K [0x00000000dc900000, 0x00000000e0800000, 0x0000000100000000)
  eden space 55296K, 0% used [0x00000000dc900000,0x00000000dc900000,0x00000000dff00000)
  from space 4608K, 99% used [0x00000000e0380000,0x00000000e07f8020,0x00000000e0800000)
  to   space 4608K, 0% used [0x00000000dff00000,0x00000000dff00000,0x00000000e0380000)
 ParOldGen       total 73728K, used 3734K [0x0000000095a00000, 0x000000009a200000, 0x00000000dc900000)
  object space 73728K, 5% used [0x0000000095a00000,0x0000000095da5938,0x000000009a200000)
 Metaspace       used 13626K, capacity 13998K, committed 14336K, reserved 1062912K
  class space    used 1643K, capacity 1735K, committed 1792K, reserved 1048576K
}
Event: 4,960 GC heap before
{Heap before GC invocations=5 (full 0):
 PSYoungGen      total 59904K, used 59872K [0x00000000dc900000, 0x00000000e0800000, 0x0000000100000000)
  eden space 55296K, 100% used [0x00000000dc900000,0x00000000dff00000,0x00000000dff00000)
  from space 4608K, 99% used [0x00000000e0380000,0x00000000e07f8020,0x00000000e0800000)
  to   space 4608K, 0% used [0x00000000dff00000,0x00000000dff00000,0x00000000e0380000)
 ParOldGen       total 73728K, used 3734K [0x0000000095a00000, 0x000000009a200000, 0x00000000dc900000)
  object space 73728K, 5% used [0x0000000095a00000,0x0000000095da5938,0x000000009a200000)
 Metaspace       used 14825K, capacity 15342K, committed 15488K, reserved 1062912K
  class space    used 1752K, capacity 1887K, committed 1920K, reserved 1048576K
Event: 5,069 GC heap after
Heap after GC invocations=5 (full 0):
 PSYoungGen      total 59904K, used 4592K [0x00000000dc900000, 0x00000000e4500000, 0x0000000100000000)
  eden space 55296K, 0% used [0x00000000dc900000,0x00000000dc900000,0x00000000dff00000)
  from space 4608K, 99% used [0x00000000dff00000,0x00000000e037c010,0x00000000e0380000)
  to   space 8192K, 0% used [0x00000000e3d00000,0x00000000e3d00000,0x00000000e4500000)
 ParOldGen       total 73728K, used 6618K [0x0000000095a00000, 0x000000009a200000, 0x00000000dc900000)
  object space 73728K, 8% used [0x0000000095a00000,0x0000000096076aa0,0x000000009a200000)
 Metaspace       used 14825K, capacity 15342K, committed 15488K, reserved 1062912K
  class space    used 1752K, capacity 1887K, committed 1920K, reserved 1048576K
}
Event: 5,739 GC heap before
{Heap before GC invocations=6 (full 0):
 PSYoungGen      total 59904K, used 59888K [0x00000000dc900000, 0x00000000e4500000, 0x0000000100000000)
  eden space 55296K, 100% used [0x00000000dc900000,0x00000000dff00000,0x00000000dff00000)
  from space 4608K, 99% used [0x00000000dff00000,0x00000000e037c010,0x00000000e0380000)
  to   space 8192K, 0% used [0x00000000e3d00000,0x00000000e3d00000,0x00000000e4500000)
 ParOldGen       total 73728K, used 6618K [0x0000000095a00000, 0x000000009a200000, 0x00000000dc900000)
  object space 73728K, 8% used [0x0000000095a00000,0x0000000096076aa0,0x000000009a200000)
 Metaspace       used 18457K, capacity 19010K, committed 19072K, reserved 1067008K
  class space    used 2257K, capacity 2407K, committed 2432K, reserved 1048576K
Event: 5,763 GC heap after
Heap after GC invocations=6 (full 0):
 PSYoungGen      total 117248K, used 8169K [0x00000000dc900000, 0x00000000e4800000, 0x0000000100000000)
  eden space 109056K, 0% used [0x00000000dc900000,0x00000000dc900000,0x00000000e3380000)
  from space 8192K, 99% used [0x00000000e3d00000,0x00000000e44fa5d8,0x00000000e4500000)
  to   space 9728K, 0% used [0x00000000e3380000,0x00000000e3380000,0x00000000e3d00000)
 ParOldGen       total 73728K, used 7408K [0x0000000095a00000, 0x000000009a200000, 0x00000000dc900000)
  object space 73728K, 10% used [0x0000000095a00000,0x000000009613c130,0x000000009a200000)
 Metaspace       used 18457K, capacity 19010K, committed 19072K, reserved 1067008K
  class space    used 2257K, capacity 2407K, committed 2432K, reserved 1048576K
}
Event: 8,086 GC heap before
{Heap before GC invocations=7 (full 0):
 PSYoungGen      total 117248K, used 90829K [0x00000000dc900000, 0x00000000e4800000, 0x0000000100000000)
  eden space 109056K, 75% used [0x00000000dc900000,0x00000000e19b8f00,0x00000000e3380000)
  from space 8192K, 99% used [0x00000000e3d00000,0x00000000e44fa5d8,0x00000000e4500000)
  to   space 9728K, 0% used [0x00000000e3380000,0x00000000e3380000,0x00000000e3d00000)
 ParOldGen       total 73728K, used 7408K [0x0000000095a00000, 0x000000009a200000, 0x00000000dc900000)
  object space 73728K, 10% used [0x0000000095a00000,0x000000009613c130,0x000000009a200000)
 Metaspace       used 20656K, capacity 21218K, committed 21296K, reserved 1069056K
  class space    used 2421K, capacity 2567K, committed 2608K, reserved 1048576K

Deoptimization events (10 events):
Event: 7,716 Thread 0x00007f47fc00a000 Uncommon trap: reason=class_check action=maybe_recompile pc=0x00007f47edbda2f8 method=com.sun.tools.javac.util.ListBuffer.next()Ljava/lang/Object; @ 12
Event: 7,716 Thread 0x00007f47fc00a000 Uncommon trap: reason=class_check action=maybe_recompile pc=0x00007f47edbda2f8 method=com.sun.tools.javac.util.ListBuffer.next()Ljava/lang/Object; @ 12
Event: 7,716 Thread 0x00007f47fc00a000 Uncommon trap: reason=class_check action=maybe_recompile pc=0x00007f47edbda2f8 method=com.sun.tools.javac.util.ListBuffer.next()Ljava/lang/Object; @ 12
Event: 7,814 Thread 0x00007f47fc00a000 Uncommon trap: reason=bimorphic action=maybe_recompile pc=0x00007f47edb8699c method=com.sun.tools.javac.code.Type$ClassType.allparams()Lcom/sun/tools/javac/util/List; @ 9
Event: 7,850 Thread 0x00007f47fc00a000 Uncommon trap: reason=bimorphic action=maybe_recompile pc=0x00007f47edb8699c method=com.sun.tools.javac.code.Type$ClassType.allparams()Lcom/sun/tools/javac/util/List; @ 9
Event: 7,864 Thread 0x00007f47fc00a000 Uncommon trap: reason=bimorphic action=maybe_recompile pc=0x00007f47edb8699c method=com.sun.tools.javac.code.Type$ClassType.allparams()Lcom/sun/tools/javac/util/List; @ 9
Event: 7,877 Thread 0x00007f47fc00a000 Uncommon trap: reason=unstable_if action=reinterpret pc=0x00007f47edb26e10 method=com.sun.tools.javac.jvm.ClassReader.sigToType()Lcom/sun/tools/javac/code/Type; @ 288
Event: 7,885 Thread 0x00007f47fc00a000 Uncommon trap: reason=bimorphic action=maybe_recompile pc=0x00007f47edc1b228 method=com.sun.tools.javac.code.Type$ClassType.isErroneous()Z @ 1
Event: 7,885 Thread 0x00007f47fc00a000 Uncommon trap: reason=bimorphic action=maybe_recompile pc=0x00007f47edc1b228 method=com.sun.tools.javac.code.Type$ClassType.isErroneous()Z @ 1
Event: 7,885 Thread 0x00007f47fc00a000 Uncommon trap: reason=bimorphic action=maybe_recompile pc=0x00007f47edc1b228 method=com.sun.tools.javac.code.Type$ClassType.isErroneous()Z @ 1

Internal exceptions (10 events):
Event: 2,112 Thread 0x00007f47fc00a000 Exception <a 'java/lang/NoSuchFieldError': method resolution failed> (0x00000000de2acea0) thrown at [/HUDSON/workspace/8-2-build-linux-amd64/jdk8u91/6644/hotspot/src/share/vm/prims/methodHandles.cpp, line 1146]
Event: 2,510 Thread 0x00007f47fc00a000 Implicit null exception at 0x00007f47ed3a3775 to 0x00007f47ed3a3959
Event: 2,510 Thread 0x00007f47fc00a000 Implicit null exception at 0x00007f47ed2eee6f to 0x00007f47ed2eeed9
Event: 2,876 Thread 0x00007f47fc00a000 Implicit null exception at 0x00007f47ed54303e to 0x00007f47ed543359
Event: 3,661 Thread 0x00007f47fc00a000 Exception <a 'java/lang/NoClassDefFoundError': org/slf4j/Logger> (0x00000000dcac9dc0) thrown at [/HUDSON/workspace/8-2-build-linux-amd64/jdk8u91/6644/hotspot/src/share/vm/oops/constantPool.cpp, line 235]
Event: 3,994 Thread 0x00007f47fc00a000 Exception <a 'java/lang/NoClassDefFoundError': org/slf4j/Logger> (0x00000000ddb15570) thrown at [/HUDSON/workspace/8-2-build-linux-amd64/jdk8u91/6644/hotspot/src/share/vm/oops/constantPool.cpp, line 235]
Event: 4,845 Thread 0x00007f47fc00a000 Exception <a 'java/lang/NoClassDefFoundError': org/slf4j/Logger> (0x00000000dfbebd10) thrown at [/HUDSON/workspace/8-2-build-linux-amd64/jdk8u91/6644/hotspot/src/share/vm/oops/constantPool.cpp, line 235]
Event: 5,099 Thread 0x00007f47fc00a000 Exception <a 'java/lang/ClassNotFoundException': com/sun/tools/javac/api/JavacTool> (0x00000000dc93a3d8) thrown at [/HUDSON/workspace/8-2-build-linux-amd64/jdk8u91/6644/hotspot/src/share/vm/classfile/systemDictionary.cpp, line 210]
Event: 6,340 Thread 0x00007f47fc00a000 Exception <a 'java/io/FileNotFoundException'> (0x00000000dd6b8ac8) thrown at [/HUDSON/workspace/8-2-build-linux-amd64/jdk8u91/6644/hotspot/src/share/vm/prims/jni.cpp, line 709]
Event: 6,372 Thread 0x00007f47fc00a000 Exception <a 'java/io/FileNotFoundException'> (0x00000000dd6ed640) thrown at [/HUDSON/workspace/8-2-build-linux-amd64/jdk8u91/6644/hotspot/src/share/vm/prims/jni.cpp, line 709]

Events (10 events):
Event: 7,885 Thread 0x00007f47fc00a000 DEOPT UNPACKING pc=0x00007f47ed005229 sp=0x00007f48048f8fa0 mode 2
Event: 7,889 loading class com/sun/tools/javac/comp/Flow$BaseAnalyzer$JumpKind
Event: 7,889 loading class com/sun/tools/javac/comp/Flow$BaseAnalyzer$JumpKind done
Event: 7,889 loading class com/sun/tools/javac/comp/Flow$BaseAnalyzer$JumpKind$1
Event: 7,889 loading class com/sun/tools/javac/comp/Flow$BaseAnalyzer$JumpKind$1 done
Event: 7,889 loading class com/sun/tools/javac/comp/Flow$BaseAnalyzer$JumpKind$2
Event: 7,889 loading class com/sun/tools/javac/comp/Flow$BaseAnalyzer$JumpKind$2 done
Event: 8,000 Executing VM operation: ForceSafepoint
Event: 8,001 Executing VM operation: ForceSafepoint done
Event: 8,086 Executing VM operation: CollectForMetadataAllocation


Dynamic libraries:
00400000-00401000 r-xp 00000000 08:01 6555299                            /usr/local/jdk/jdk1.8.0_91/bin/java
00600000-00601000 rw-p 00000000 08:01 6555299                            /usr/local/jdk/jdk1.8.0_91/bin/java
01a59000-01a7a000 rw-p 00000000 00:00 0                                  [heap]
95a00000-9a200000 rw-p 00000000 00:00 0 
9a200000-dc900000 ---p 00000000 00:00 0 
dc900000-e4800000 rw-p 00000000 00:00 0 
ec200000-100000000 ---p 00000000 00:00 0 
100000000-10028c000 rw-p 00000000 00:00 0 
10028c000-140000000 ---p 00000000 00:00 0 
7f47b8000000-7f47b8021000 rw-p 00000000 00:00 0 
7f47b8021000-7f47bc000000 ---p 00000000 00:00 0 
7f47beec6000-7f47bef06000 rw-p 00000000 00:00 0 
7f47bef06000-7f47bf0c6000 ---p 00000000 00:00 0 
7f47bf0c6000-7f47bf0cd000 r--s 00000000 08:01 8914178                    /usr/lib/x86_64-linux-gnu/gconv/gconv-modules.cache
7f47bf0cd000-7f47bf0f3000 r--p 00000000 08:01 6557553                    /usr/share/locale-langpack/es/LC_MESSAGES/libc.mo
7f47bf0f3000-7f47bf0f5000 r--s 00007000 08:01 10486711                   /home/luis/.m2/repository/com/fasterxml/jackson/core/jackson-annotations/2.1.4/jackson-annotations-2.1.4.jar
7f47bf0f5000-7f47bf106000 r--s 000d2000 08:01 10486688                   /home/luis/.m2/repository/com/fasterxml/jackson/core/jackson-databind/2.1.4/jackson-databind-2.1.4.jar
7f47bf106000-7f47bf10a000 r--s 0002f000 08:01 10486701                   /home/luis/.m2/repository/com/fasterxml/jackson/core/jackson-core/2.1.4/jackson-core-2.1.4.jar
7f47bf10a000-7f47bf11a000 r--s 000c4000 08:01 10749625                   /home/luis/.m2/repository/org/codehaus/castor/castor/1.2/castor-1.2.jar
7f47bf11a000-7f47bf13e000 r--s 00341000 08:01 10487086                   /home/luis/.m2/repository/eclipse/jdtcore/3.1.0/jdtcore-3.1.0.jar
7f47bf13e000-7f47bf146000 r--s 00028000 08:01 10879751                   /home/luis/.m2/repository/xml-apis/xml-apis/1.3.02/xml-apis-1.3.02.jar
7f47bf146000-7f47bf156000 r--s 0013f000 08:01 10879815                   /home/luis/.m2/repository/jfree/jfreechart/1.0.12/jfreechart-1.0.12.jar
7f47bf156000-7f47bf15c000 r--s 00046000 08:01 10879808                   /home/luis/.m2/repository/jfree/jcommon/1.0.15/jcommon-1.0.15.jar
7f47bf15c000-7f47bf160000 r--s 0002b000 08:01 10618796                   /home/luis/.m2/repository/org/bouncycastle/bcmail-jdk14/1.38/bcmail-jdk14-1.38.jar
7f47bf160000-7f47bf181000 r--s 0015a000 08:01 10618806                   /home/luis/.m2/repository/org/bouncycastle/bcprov-jdk14/1.38/bcprov-jdk14-1.38.jar
7f47bf181000-7f47bf1a2000 r--s 0015a000 08:01 10486145                   /home/luis/.m2/repository/bouncycastle/bcprov-jdk14/138/bcprov-jdk14-138.jar
7f47bf1a2000-7f47bf1a6000 r--s 0002b000 08:01 10486138                   /home/luis/.m2/repository/bouncycastle/bcmail-jdk14/138/bcmail-jdk14-138.jar
7f47bf1a6000-7f47bf1b3000 r--s 00108000 08:01 10486741                   /home/luis/.m2/repository/com/lowagie/itext/2.1.7.js2/itext-2.1.7.js2.jar
7f47bf1b3000-7f47bf1b5000 r--s 0000d000 08:01 10879887                   /home/luis/.m2/repository/commons-logging/commons-logging/1.1.1/commons-logging-1.1.1.jar
7f47bf1b5000-7f47bf1bb000 r--s 0002b000 08:01 10487036                   /home/luis/.m2/repository/commons-digester/commons-digester/2.1/commons-digester-2.1.jar
7f47bf1bb000-7f47bf1c1000 r--s 00023000 08:01 10879961                   /home/luis/.m2/repository/commons-collections/commons-collections/2.1/commons-collections-2.1.jar
7f47bf1c1000-7f47bf1c6000 r--s 00034000 08:01 10486942                   /home/luis/.m2/repository/commons-beanutils/commons-beanutils/1.8.0/commons-beanutils-1.8.0.jar
7f47bf1c6000-7f47bf218000 r--s 00421000 08:01 10487213                   /home/luis/.m2/repository/net/sf/jasperreports/jasperreports/5.5.0/jasperreports-5.5.0.jar
7f47bf218000-7f47bf21a000 r--s 0025c000 08:01 10490557                   /home/luis/.m2/repository/net/sf/jasperreports/jasperreports-fonts/6.0.0/jasperreports-fonts-6.0.0.jar
7f47bf21a000-7f47bf224000 r--s 0005c000 08:01 10486230                   /home/luis/.m2/repository/javax/servlet/jstl/1.2/jstl-1.2.jar
7f47bf224000-7f47bf238000 r--s 0013a000 08:01 10748764                   /home/luis/.m2/repository/org/primefaces/themes/all-themes/1.0.10/all-themes-1.0.10.jar
7f47bf238000-7f47bf23d000 r--s 0002a000 08:01 10486604                   /home/luis/.m2/repository/com/google/code/gson/gson/2.2.4/gson-2.2.4.jar
7f47bf23d000-7f47bf43d000 rw-p 00000000 00:00 0 
7f47bf43d000-7f47bf63e000 rw-p 00000000 00:00 0 
7f47bf63e000-7f47bf64b000 r--s 0015c000 08:01 10748661                   /home/luis/.m2/repository/org/primefaces/extensions/primefaces-extensions/4.0.0/primefaces-extensions-4.0.0.jar
7f47bf64b000-7f47bf677000 r--s 00318000 08:01 10748789                   /home/luis/.m2/repository/org/primefaces/primefaces/5.3/primefaces-5.3.jar
7f47bf677000-7f47bf67a000 r--s 00015000 08:01 10486258                   /home/luis/.m2/repository/javax/servlet/javax.servlet-api/3.1.0/javax.servlet-api-3.1.0.jar
7f47bf67a000-7f47bf67f000 r--s 00046000 08:01 10618655                   /home/luis/.m2/repository/org/apache/commons/commons-lang3/3.0/commons-lang3-3.0.jar
7f47bf67f000-7f47bf6a1000 r--s 001bb000 08:01 10618685                   /home/luis/.m2/repository/org/apache/poi/poi/3.10-FINAL/poi-3.10-FINAL.jar
7f47bf6a1000-7f47bf6a8000 r--s 00088000 08:01 10486467                   /home/luis/.m2/repository/com/microsoft/sqlserver/sqljdbc/4-4.0.2206.100/sqljdbc-4-4.0.2206.100.jar
7f47bf6a8000-7f47bf6b6000 r--s 00091000 08:01 10748891                   /home/luis/.m2/repository/org/hibernate/hibernate-entitymanager/4.3.8.Final/hibernate-entitymanager-4.3.8.Final.jar
7f47bf6b6000-7f47bf6bb000 r--s 00068000 08:01 10879973                   /home/luis/.m2/repository/antlr/antlr/2.7.7/antlr-2.7.7.jar
7f47bf6bb000-7f47bf6c5000 r--s 000a5000 08:01 10749332                   /home/luis/.m2/repository/org/javassist/javassist/3.18.1-GA/javassist-3.18.1-GA.jar
7f47bf6c5000-7f47bf723000 r--s 004aa000 08:01 10748932                   /home/luis/.m2/repository/org/hibernate/hibernate-core/4.3.8.Final/hibernate-core-4.3.8.Final.jar
7f47bf723000-7f47bf74c000 r--s 002d4000 08:01 10748506                   /home/luis/.m2/repository/org/glassfish/javax.faces/2.2.10/javax.faces-2.2.10.jar
7f47bf74c000-7f47bf79b000 r--s 00378000 08:01 10747980                   /home/luis/.m2/repository/org/jboss/weld/servlet/weld-servlet/2.2.11.Final/weld-servlet-2.2.11.Final.jar
7f47bf79b000-7f47bf7d8000 r--s 0024f000 08:01 10618676                   /home/luis/.m2/repository/org/apache/xmlbeans/xmlbeans/2.3.0/xmlbeans-2.3.0.jar
7f47bf7d8000-7f47bf9d8000 rw-p 00000000 00:00 0 
7f47bf9d8000-7f47bf9e9000 r-xp 00000000 08:01 6555207                    /usr/local/jdk/jdk1.8.0_91/jre/lib/amd64/libnio.so
7f47bf9e9000-7f47bfbe8000 ---p 00011000 08:01 6555207                    /usr/local/jdk/jdk1.8.0_91/jre/lib/amd64/libnio.so
7f47bfbe8000-7f47bfbe9000 rw-p 00010000 08:01 6555207                    /usr/local/jdk/jdk1.8.0_91/jre/lib/amd64/libnio.so
7f47bfbe9000-7f47bfbff000 r-xp 00000000 08:01 6555178                    /usr/local/jdk/jdk1.8.0_91/jre/lib/amd64/libnet.so
7f47bfbff000-7f47bfdff000 ---p 00016000 08:01 6555178                    /usr/local/jdk/jdk1.8.0_91/jre/lib/amd64/libnet.so
7f47bfdff000-7f47bfe00000 rw-p 00016000 08:01 6555178                    /usr/local/jdk/jdk1.8.0_91/jre/lib/amd64/libnet.so
7f47bfe00000-7f47c0000000 rw-p 00000000 00:00 0 
7f47c0000000-7f47c0021000 rw-p 00000000 00:00 0 
7f47c0021000-7f47c4000000 ---p 00000000 00:00 0 
7f47c4000000-7f47c4021000 rw-p 00000000 00:00 0 
7f47c4021000-7f47c8000000 ---p 00000000 00:00 0 
7f47c8000000-7f47c8fe0000 rw-p 00000000 00:00 0 
7f47c8fe0000-7f47cc000000 ---p 00000000 00:00 0 
7f47cc000000-7f47cc982000 rw-p 00000000 00:00 0 
7f47cc982000-7f47d0000000 ---p 00000000 00:00 0 
7f47d0000000-7f47d0021000 rw-p 00000000 00:00 0 
7f47d0021000-7f47d4000000 ---p 00000000 00:00 0 
7f47d4000000-7f47d4021000 rw-p 00000000 00:00 0 
7f47d4021000-7f47d8000000 ---p 00000000 00:00 0 
7f47d8000000-7f47d828b000 rw-p 00000000 00:00 0 
7f47d828b000-7f47dc000000 ---p 00000000 00:00 0 
7f47dc000000-7f47dc021000 rw-p 00000000 00:00 0 
7f47dc021000-7f47e0000000 ---p 00000000 00:00 0 
7f47e0000000-7f47e0021000 rw-p 00000000 00:00 0 
7f47e0021000-7f47e4000000 ---p 00000000 00:00 0 
7f47e4000000-7f47e4001000 r--s 00005000 08:01 10618789                   /home/luis/.m2/repository/org/bouncycastle/bctsp-jdk14/1.38/bctsp-jdk14-1.38.jar
7f47e4001000-7f47e4003000 r--s 00010000 08:01 10486982                   /home/luis/.m2/repository/commons-codec/commons-codec/1.5/commons-codec-1.5.jar
7f47e4003000-7f47e4008000 r--s 00017000 08:01 10748872                   /home/luis/.m2/repository/org/hibernate/javax/persistence/hibernate-jpa-2.1-api/1.0.0.Final/hibernate-jpa-2.1-api-1.0.0.Final.jar
7f47e4008000-7f47e400b000 r--s 00010000 08:01 10748943                   /home/luis/.m2/repository/org/hibernate/common/hibernate-commons-annotations/4.0.5.Final/hibernate-commons-annotations-4.0.5.Final.jar
7f47e400b000-7f47e400c000 r--s 00006000 08:01 10748149                   /home/luis/.m2/repository/org/jboss/spec/javax/transaction/jboss-transaction-api_1.2_spec/1.0.0.Final/jboss-transaction-api_1.2_spec-1.0.0.Final.jar
7f47e400c000-7f47e400d000 r--s 00002000 08:01 10748257                   /home/luis/.m2/repository/org/jboss/logging/jboss-logging-annotations/1.2.0.Beta1/jboss-logging-annotations-1.2.0.Beta1.jar
7f47e400d000-7f47e400f000 r--s 0000d000 08:01 10486667                   /home/luis/.m2/repository/com/fasterxml/classmate/1.0.0/classmate-1.0.0.jar
7f47e400f000-7f47e4011000 r--s 0000c000 08:01 10748241                   /home/luis/.m2/repository/org/jboss/logging/jboss-logging/3.1.3.GA/jboss-logging-3.1.3.GA.jar
7f47e4011000-7f47e4015000 r--s 0000c000 08:01 10486380                   /home/luis/.m2/repository/javax/validation/validation-api/1.1.0.Final/validation-api-1.1.0.Final.jar
7f47e4015000-7f47e4023000 r--s 0008d000 08:01 10748918                   /home/luis/.m2/repository/org/hibernate/hibernate-validator/5.1.3.Final/hibernate-validator-5.1.3.Final.jar
7f47e4023000-7f47e4025000 r--s 00012000 08:01 10748283                   /home/luis/.m2/repository/org/jboss/jandex/1.2.3.Final/jandex-1.2.3.Final.jar
7f47e4025000-7f47e4032000 r--s 0009c000 08:01 10486211                   /home/luis/.m2/repository/javax/faces/javax.faces-api/2.2/javax.faces-api-2.2.jar
7f47e4032000-7f47e4037000 r--s 00048000 08:01 10486967                   /home/luis/.m2/repository/dom4j/dom4j/1.6.1/dom4j-1.6.1.jar
7f47e4037000-7f47e4039000 r--s 00005000 08:01 10487339                   /home/luis/.m2/repository/org/apache/geronimo/specs/geronimo-stax-api_1.0_spec/1.0/geronimo-stax-api_1.0_spec-1.0.jar
7f47e4039000-7f47e403b000 r--s 00005000 08:01 10880017                   /home/luis/.m2/repository/stax/stax-api/1.0.1/stax-api-1.0.1.jar
7f47e403b000-7f47e40ba000 r--s 0034a000 08:01 10618705                   /home/luis/.m2/repository/org/apache/poi/poi-ooxml-schemas/3.7/poi-ooxml-schemas-3.7.jar
7f47e40ba000-7f47e40c1000 r--s 00073000 08:01 10618712                   /home/luis/.m2/repository/org/apache/poi/poi-ooxml/3.7/poi-ooxml-3.7.jar
7f47e40c1000-7f47e413a000 r--s 010e3000 08:01 6554358                    /usr/local/jdk/jdk1.8.0_91/lib/tools.jar
7f47e413a000-7f47e413d000 r--s 0001b000 08:01 10485976                   /home/luis/.m2/repository/junit/junit/3.8.2/junit-3.8.2.jar
7f47e413d000-7f47e414b000 r--s 0008f000 08:01 10486474                   /home/luis/.m2/repository/com/google/collections/google-collections/1.0/google-collections-1.0.jar
7f47e414b000-7f47e414c000 r--s 0000a000 08:01 10879874                   /home/luis/.m2/repository/commons-logging/commons-logging-api/1.1/commons-logging-api-1.1.jar
7f47e414c000-7f47e4153000 r--s 00051000 08:01 10485982                   /home/luis/.m2/repository/log4j/log4j/1.2.12/log4j-1.2.12.jar
7f47e4153000-7f47e4157000 r--s 0001d000 08:01 10616849                   /home/luis/.m2/repository/org/apache/xbean/xbean-reflect/3.4/xbean-reflect-3.4.jar
7f47e4157000-7f47e4158000 r--s 00004000 08:01 10879235                   /home/luis/.m2/repository/org/codehaus/plexus/plexus-compiler-javac/2.0/plexus-compiler-javac-2.0.jar
7f47e4158000-7f47e415b000 ---p 00000000 00:00 0 
7f47e415b000-7f47e4391000 rw-p 00000000 00:00 0                          [stack:21218]
7f47e4391000-7f47e4392000 ---p 00000000 00:00 0 
7f47e4392000-7f47e4492000 rw-p 00000000 00:00 0                          [stack:21215]
7f47e4492000-7f47e4495000 ---p 00000000 00:00 0 
7f47e4495000-7f47e4593000 rw-p 00000000 00:00 0                          [stack:21214]
7f47e4593000-7f47e4ad0000 r--p 00000000 08:01 8783087                    /usr/lib/locale/locale-archive
7f47e4ad0000-7f47e8000000 rw-p 00000000 00:00 0 
7f47e8000000-7f47e8021000 rw-p 00000000 00:00 0 
7f47e8021000-7f47ec000000 ---p 00000000 00:00 0 
7f47ec000000-7f47ec002000 r--s 00000000 08:01 10879048                   /home/luis/.m2/repository/org/codehaus/plexus/plexus-compiler-manager/2.0/plexus-compiler-manager-2.0.jar
7f47ec002000-7f47ec004000 r--s 00005000 08:01 10878996                   /home/luis/.m2/repository/org/codehaus/plexus/plexus-compiler-api/2.0/plexus-compiler-api-2.0.jar
7f47ec004000-7f47ec006000 r--s 00000000 08:01 10879264                   /home/luis/.m2/repository/org/codehaus/plexus/plexus-component-annotations/1.5.5/plexus-component-annotations-1.5.5.jar
7f47ec006000-7f47ec008000 r--s 00002000 08:01 10618400                   /home/luis/.m2/repository/org/apache/maven/shared/maven-shared-incremental/1.0/maven-shared-incremental-1.0.jar
7f47ec008000-7f47ec00a000 r--s 00006000 08:01 10486583                   /home/luis/.m2/repository/com/google/code/findbugs/jsr305/2.0.1/jsr305-2.0.1.jar
7f47ec00a000-7f47ec00d000 r--s 00023000 08:01 10618436                   /home/luis/.m2/repository/org/apache/maven/shared/maven-shared-utils/0.1/maven-shared-utils-0.1.jar
7f47ec00d000-7f47ec011000 r--s 00030000 08:01 10879421                   /home/luis/.m2/repository/org/codehaus/plexus/plexus-utils/1.5.1/plexus-utils-1.5.1.jar
7f47ec011000-7f47ec013000 r--s 00009000 08:01 10617289                   /home/luis/.m2/repository/org/apache/maven/plugins/maven-compiler-plugin/3.0/maven-compiler-plugin-3.0.jar
7f47ec013000-7f47ec015000 r--s 0000d000 08:01 10879620                   /home/luis/.m2/repository/org/codehaus/plexus/plexus-interpolation/1.13/plexus-interpolation-1.13.jar
7f47ec015000-7f47ec016000 r--s 00001000 08:01 10749426                   /home/luis/.m2/repository/org/sonatype/plexus/plexus-build-api/0.0.4/plexus-build-api-0.0.4.jar
7f47ec016000-7f47ec018000 r--s 00007000 08:01 10618468                   /home/luis/.m2/repository/org/apache/maven/shared/maven-filtering/1.0-beta-4/maven-filtering-1.0-beta-4.jar
7f47ec018000-7f47ec01b000 r--s 0001b000 08:01 10485952                   /home/luis/.m2/repository/junit/junit/3.8.1/junit-3.8.1.jar
7f47ec01b000-7f47ec01d000 r--s 00002000 08:01 10879637                   /home/luis/.m2/repository/org/codehaus/plexus/plexus-interactivity-api/1.0-alpha-4/plexus-interactivity-api-1.0-alpha-4.jar
7f47ec01d000-7f47ec01f000 r--s 00006000 08:01 10879911                   /home/luis/.m2/repository/commons-cli/commons-cli/1.0/commons-cli-1.0.jar
7f47ec01f000-7f47ec020000 r--s 00001000 08:01 10617076                   /home/luis/.m2/repository/org/apache/maven/doxia/doxia-sink-api/1.0-alpha-7/doxia-sink-api-1.0-alpha-7.jar
7f47ec020000-7f47ec021000 r--s 00002000 08:01 10618129                   /home/luis/.m2/repository/org/apache/maven/reporting/maven-reporting-api/2.0.6/maven-reporting-api-2.0.6.jar
7f47ec021000-7f47ec022000 r--s 00005000 08:01 10617342                   /home/luis/.m2/repository/org/apache/maven/plugins/maven-resources-plugin/2.4.3/maven-resources-plugin-2.4.3.jar
7f47ec022000-7f47ec026000 r--s 00033000 08:01 10879404                   /home/luis/.m2/repository/org/codehaus/plexus/plexus-utils/2.0.5/plexus-utils-2.0.5.jar
7f47ec026000-7f47ec027000 r--s 00005000 08:01 10617423                   /home/luis/.m2/repository/org/apache/maven/plugins/maven-clean-plugin/2.4.1/maven-clean-plugin-2.4.1.jar
7f47ec027000-7f47ec028000 r--p 00000000 00:00 0 
7f47ec028000-7f47ec02c000 r--s 00097000 08:01 6554928                    /usr/local/jdk/jdk1.8.0_91/jre/lib/jsse.jar
7f47ec02c000-7f47ec02e000 r--s 0000c000 08:01 11537472                   /home/luis/netbeans-8.1/java/maven-nblib/netbeans-eventspy.jar
7f47ec02e000-7f47ec030000 r--s 00006000 08:01 11536326                   /home/luis/netbeans-8.1/java/maven/lib/aether-connector-wagon-1.13.1.jar
7f47ec030000-7f47ec037000 r--s 0003f000 08:01 11536343                   /home/luis/netbeans-8.1/java/maven/lib/sisu-inject-bean-2.3.0.jar
7f47ec037000-7f47ec041000 r--s 00116000 08:01 6555102                    /usr/local/jdk/jdk1.8.0_91/jre/lib/ext/localedata.jar
7f47ec041000-7f47ec05d000 r--s 00393000 08:01 6555099                    /usr/local/jdk/jdk1.8.0_91/jre/lib/ext/cldrdata.jar
7f47ec05d000-7f47ec061000 r--s 00013000 08:01 11536340                   /home/luis/netbeans-8.1/java/maven/lib/aether-api-1.13.1.jar
7f47ec061000-7f47ec064000 r--s 0001d000 08:01 11536323                   /home/luis/netbeans-8.1/java/maven/lib/aether-impl-1.13.1.jar
7f47ec064000-7f47ec06b000 r--s 0002b000 08:01 11536327                   /home/luis/netbeans-8.1/java/maven/lib/sisu-inject-plexus-2.3.0.jar
7f47ec06b000-7f47ec086000 r--s 000e4000 08:01 11536321                   /home/luis/netbeans-8.1/java/maven/lib/wagon-http-2.4-shaded.jar
7f47ec086000-7f47ec087000 r--s 0000a000 08:01 11536341                   /home/luis/netbeans-8.1/java/maven/lib/maven-embedder-3.0.5.jar
7f47ec087000-7f47ec089000 r--s 00002000 08:01 11536344                   /home/luis/netbeans-8.1/java/maven/lib/plexus-cipher-1.7.jar
7f47ec089000-7f47ec08c000 r--s 00008000 08:01 11536329                   /home/luis/netbeans-8.1/java/maven/lib/maven-settings-builder-3.0.5.jar
7f47ec08c000-7f47ec08e000 r--s 00006000 08:01 11536342                   /home/luis/netbeans-8.1/java/maven/lib/maven-repository-metadata-3.0.5.jar
7f47ec08e000-7f47ec092000 r--s 00021000 08:01 11536347                   /home/luis/netbeans-8.1/java/maven/lib/maven-model-builder-3.0.5.jar
7f47ec092000-7f47ec094000 r--s 0000b000 08:01 11536335                   /home/luis/netbeans-8.1/java/maven/lib/wagon-provider-api-2.4.jar
7f47ec094000-7f47ec096000 r--s 0000b000 08:01 11536336                   /home/luis/netbeans-8.1/java/maven/lib/maven-artifact-3.0.5.jar
7f47ec096000-7f47ec098000 r--s 00000000 08:01 11536345                   /home/luis/netbeans-8.1/java/maven/lib/plexus-component-annotations-1.5.5.jar
7f47ec098000-7f47ec09c000 r--s 00033000 08:01 11536338                   /home/luis/netbeans-8.1/java/maven/lib/plexus-utils-2.0.6.jar
7f47ec09c000-7f47ec0a2000 r--s 0003f000 08:01 11536337                   /home/luis/netbeans-8.1/java/maven/lib/maven-compat-3.0.5.jar
7f47ec0a2000-7f47ec0d0000 r--s 001c9000 08:01 11536333                   /home/luis/netbeans-8.1/java/maven/lib/ext/wagon-http-2.8-shaded.jar
7f47ec0d0000-7f47ec0d3000 ---p 00000000 00:00 0 
7f47ec0d3000-7f47ec1d1000 rw-p 00000000 00:00 0                          [stack:21213]
7f47ec1d1000-7f47ec1d4000 ---p 00000000 00:00 0 
7f47ec1d4000-7f47ec2d2000 rw-p 00000000 00:00 0                          [stack:21212]
7f47ec2d2000-7f47ec2d5000 ---p 00000000 00:00 0 
7f47ec2d5000-7f47ec3d3000 rw-p 00000000 00:00 0                          [stack:21211]
7f47ec3d3000-7f47ec3d6000 ---p 00000000 00:00 0 
7f47ec3d6000-7f47ec4d4000 rw-p 00000000 00:00 0                          [stack:21210]
7f47ec4d4000-7f47ec4d7000 ---p 00000000 00:00 0 
7f47ec4d7000-7f47ec5d5000 rw-p 00000000 00:00 0                          [stack:21209]
7f47ec5d5000-7f47ec5d6000 ---p 00000000 00:00 0 
7f47ec5d6000-7f47ed000000 rw-p 00000000 00:00 0                          [stack:21208]
7f47ed000000-7f47edce0000 rwxp 00000000 00:00 0 
7f47edce0000-7f47fc000000 ---p 00000000 00:00 0 
7f47fc000000-7f47fce8c000 rw-p 00000000 00:00 0 
7f47fce8c000-7f4800000000 ---p 00000000 00:00 0 
7f4800000000-7f4800001000 r--s 00006000 08:01 11536348                   /home/luis/netbeans-8.1/java/maven/lib/plexus-sec-dispatcher-1.3.jar
7f4800001000-7f4800020000 r--s 00154000 08:01 11536349                   /home/luis/netbeans-8.1/java/maven/lib/sisu-guava-0.9.9.jar
7f4800020000-7f4800090000 rw-p 00000000 00:00 0 
7f4800090000-7f4800269000 r--s 03d1f000 08:01 6555153                    /usr/local/jdk/jdk1.8.0_91/jre/lib/rt.jar
7f4800269000-7f4800e32000 rw-p 00000000 00:00 0 
7f4800e32000-7f4800e33000 ---p 00000000 00:00 0 
7f4800e33000-7f4800f33000 rw-p 00000000 00:00 0                          [stack:21207]
7f4800f33000-7f4800f34000 ---p 00000000 00:00 0 
7f4800f34000-7f4801058000 rw-p 00000000 00:00 0                          [stack:21206]
7f4801058000-7f480126c000 ---p 00000000 00:00 0 
7f480126c000-7f4801290000 rw-p 00000000 00:00 0 
7f4801290000-7f48014a3000 ---p 00000000 00:00 0 
7f48014a3000-7f48014e3000 rw-p 00000000 00:00 0 
7f48014e3000-7f48015bf000 ---p 00000000 00:00 0 
7f48015bf000-7f48015f4000 rw-p 00000000 00:00 0 
7f48015f4000-7f4801980000 ---p 00000000 00:00 0 
7f4801980000-7f480199a000 r-xp 00000000 08:01 6555168                    /usr/local/jdk/jdk1.8.0_91/jre/lib/amd64/libzip.so
7f480199a000-7f4801b9a000 ---p 0001a000 08:01 6555168                    /usr/local/jdk/jdk1.8.0_91/jre/lib/amd64/libzip.so
7f4801b9a000-7f4801b9b000 rw-p 0001a000 08:01 6555168                    /usr/local/jdk/jdk1.8.0_91/jre/lib/amd64/libzip.so
7f4801b9b000-7f4801ba6000 r-xp 00000000 08:01 2360870                    /lib/x86_64-linux-gnu/libnss_files-2.19.so
7f4801ba6000-7f4801da5000 ---p 0000b000 08:01 2360870                    /lib/x86_64-linux-gnu/libnss_files-2.19.so
7f4801da5000-7f4801da6000 r--p 0000a000 08:01 2360870                    /lib/x86_64-linux-gnu/libnss_files-2.19.so
7f4801da6000-7f4801da7000 rw-p 0000b000 08:01 2360870                    /lib/x86_64-linux-gnu/libnss_files-2.19.so
7f4801da7000-7f4801db2000 r-xp 00000000 08:01 2361003                    /lib/x86_64-linux-gnu/libnss_nis-2.19.so
7f4801db2000-7f4801fb1000 ---p 0000b000 08:01 2361003                    /lib/x86_64-linux-gnu/libnss_nis-2.19.so
7f4801fb1000-7f4801fb2000 r--p 0000a000 08:01 2361003                    /lib/x86_64-linux-gnu/libnss_nis-2.19.so
7f4801fb2000-7f4801fb3000 rw-p 0000b000 08:01 2361003                    /lib/x86_64-linux-gnu/libnss_nis-2.19.so
7f4801fb3000-7f4801fca000 r-xp 00000000 08:01 2360867                    /lib/x86_64-linux-gnu/libnsl-2.19.so
7f4801fca000-7f48021c9000 ---p 00017000 08:01 2360867                    /lib/x86_64-linux-gnu/libnsl-2.19.so
7f48021c9000-7f48021ca000 r--p 00016000 08:01 2360867                    /lib/x86_64-linux-gnu/libnsl-2.19.so
7f48021ca000-7f48021cb000 rw-p 00017000 08:01 2360867                    /lib/x86_64-linux-gnu/libnsl-2.19.so
7f48021cb000-7f48021cd000 rw-p 00000000 00:00 0 
7f48021cd000-7f48021d6000 r-xp 00000000 08:01 2361058                    /lib/x86_64-linux-gnu/libnss_compat-2.19.so
7f48021d6000-7f48023d5000 ---p 00009000 08:01 2361058                    /lib/x86_64-linux-gnu/libnss_compat-2.19.so
7f48023d5000-7f48023d6000 r--p 00008000 08:01 2361058                    /lib/x86_64-linux-gnu/libnss_compat-2.19.so
7f48023d6000-7f48023d7000 rw-p 00009000 08:01 2361058                    /lib/x86_64-linux-gnu/libnss_compat-2.19.so
7f48023d7000-7f4802401000 r-xp 00000000 08:01 6555180                    /usr/local/jdk/jdk1.8.0_91/jre/lib/amd64/libjava.so
7f4802401000-7f4802601000 ---p 0002a000 08:01 6555180                    /usr/local/jdk/jdk1.8.0_91/jre/lib/amd64/libjava.so
7f4802601000-7f4802603000 rw-p 0002a000 08:01 6555180                    /usr/local/jdk/jdk1.8.0_91/jre/lib/amd64/libjava.so
7f4802603000-7f4802610000 r-xp 00000000 08:01 6555181                    /usr/local/jdk/jdk1.8.0_91/jre/lib/amd64/libverify.so
7f4802610000-7f4802810000 ---p 0000d000 08:01 6555181                    /usr/local/jdk/jdk1.8.0_91/jre/lib/amd64/libverify.so
7f4802810000-7f4802812000 rw-p 0000d000 08:01 6555181                    /usr/local/jdk/jdk1.8.0_91/jre/lib/amd64/libverify.so
7f4802812000-7f4802819000 r-xp 00000000 08:01 2360918                    /lib/x86_64-linux-gnu/librt-2.19.so
7f4802819000-7f4802a18000 ---p 00007000 08:01 2360918                    /lib/x86_64-linux-gnu/librt-2.19.so
7f4802a18000-7f4802a19000 r--p 00006000 08:01 2360918                    /lib/x86_64-linux-gnu/librt-2.19.so
7f4802a19000-7f4802a1a000 rw-p 00007000 08:01 2360918                    /lib/x86_64-linux-gnu/librt-2.19.so
7f4802a1a000-7f4802b1f000 r-xp 00000000 08:01 2360993                    /lib/x86_64-linux-gnu/libm-2.19.so
7f4802b1f000-7f4802d1e000 ---p 00105000 08:01 2360993                    /lib/x86_64-linux-gnu/libm-2.19.so
7f4802d1e000-7f4802d1f000 r--p 00104000 08:01 2360993                    /lib/x86_64-linux-gnu/libm-2.19.so
7f4802d1f000-7f4802d20000 rw-p 00105000 08:01 2360993                    /lib/x86_64-linux-gnu/libm-2.19.so
7f4802d20000-7f48039e0000 r-xp 00000000 08:01 6555187                    /usr/local/jdk/jdk1.8.0_91/jre/lib/amd64/server/libjvm.so
7f48039e0000-7f4803be0000 ---p 00cc0000 08:01 6555187                    /usr/local/jdk/jdk1.8.0_91/jre/lib/amd64/server/libjvm.so
7f4803be0000-7f4803cb8000 rw-p 00cc0000 08:01 6555187                    /usr/local/jdk/jdk1.8.0_91/jre/lib/amd64/server/libjvm.so
7f4803cb8000-7f4803d03000 rw-p 00000000 00:00 0 
7f4803d03000-7f4803ebe000 r-xp 00000000 08:01 2360828                    /lib/x86_64-linux-gnu/libc-2.19.so
7f4803ebe000-7f48040be000 ---p 001bb000 08:01 2360828                    /lib/x86_64-linux-gnu/libc-2.19.so
7f48040be000-7f48040c2000 r--p 001bb000 08:01 2360828                    /lib/x86_64-linux-gnu/libc-2.19.so
7f48040c2000-7f48040c4000 rw-p 001bf000 08:01 2360828                    /lib/x86_64-linux-gnu/libc-2.19.so
7f48040c4000-7f48040c9000 rw-p 00000000 00:00 0 
7f48040c9000-7f48040cc000 r-xp 00000000 08:01 2361006                    /lib/x86_64-linux-gnu/libdl-2.19.so
7f48040cc000-7f48042cb000 ---p 00003000 08:01 2361006                    /lib/x86_64-linux-gnu/libdl-2.19.so
7f48042cb000-7f48042cc000 r--p 00002000 08:01 2361006                    /lib/x86_64-linux-gnu/libdl-2.19.so
7f48042cc000-7f48042cd000 rw-p 00003000 08:01 2361006                    /lib/x86_64-linux-gnu/libdl-2.19.so
7f48042cd000-7f48042e2000 r-xp 00000000 08:01 6554355                    /usr/local/jdk/jdk1.8.0_91/lib/amd64/jli/libjli.so
7f48042e2000-7f48044e2000 ---p 00015000 08:01 6554355                    /usr/local/jdk/jdk1.8.0_91/lib/amd64/jli/libjli.so
7f48044e2000-7f48044e3000 rw-p 00015000 08:01 6554355                    /usr/local/jdk/jdk1.8.0_91/lib/amd64/jli/libjli.so
7f48044e3000-7f48044fc000 r-xp 00000000 08:01 2360846                    /lib/x86_64-linux-gnu/libpthread-2.19.so
7f48044fc000-7f48046fb000 ---p 00019000 08:01 2360846                    /lib/x86_64-linux-gnu/libpthread-2.19.so
7f48046fb000-7f48046fc000 r--p 00018000 08:01 2360846                    /lib/x86_64-linux-gnu/libpthread-2.19.so
7f48046fc000-7f48046fd000 rw-p 00019000 08:01 2360846                    /lib/x86_64-linux-gnu/libpthread-2.19.so
7f48046fd000-7f4804701000 rw-p 00000000 00:00 0 
7f4804701000-7f4804724000 r-xp 00000000 08:01 2360891                    /lib/x86_64-linux-gnu/ld-2.19.so
7f4804724000-7f4804726000 r--s 0000d000 08:01 11536352                   /home/luis/netbeans-8.1/java/maven/lib/plexus-interpolation-1.14.jar
7f4804726000-7f4804727000 r--s 00002000 08:01 11536339                   /home/luis/netbeans-8.1/java/maven/lib/wagon-file-2.4.jar
7f4804727000-7f4804729000 r--s 0000b000 08:01 11536330                   /home/luis/netbeans-8.1/java/maven/lib/maven-plugin-api-3.0.5.jar
7f4804729000-7f480472b000 r--s 00009000 08:01 11536325                   /home/luis/netbeans-8.1/java/maven/lib/commons-cli-1.2.jar
7f480472b000-7f4804737000 r--s 0007d000 08:01 11536322                   /home/luis/netbeans-8.1/java/maven/lib/maven-core-3.0.5.jar
7f4804737000-7f48047fd000 rw-p 00000000 00:00 0 
7f48047fd000-7f4804800000 ---p 00000000 00:00 0 
7f4804800000-7f4804902000 rw-p 00000000 00:00 0                          [stack:21205]
7f4804902000-7f4804903000 r--s 00003000 08:01 11536324                   /home/luis/netbeans-8.1/java/maven/lib/aether-spi-1.13.1.jar
7f4804903000-7f4804905000 r--s 0000a000 08:01 11536346                   /home/luis/netbeans-8.1/java/maven/lib/maven-settings-3.0.5.jar
7f4804905000-7f480490d000 r--s 00050000 08:01 11536350                   /home/luis/netbeans-8.1/java/maven/lib/sisu-guice-3.1.0-no_aop.jar
7f480490d000-7f4804911000 r--s 0001c000 08:01 11536351                   /home/luis/netbeans-8.1/java/maven/lib/aether-util-1.13.1.jar
7f4804911000-7f4804913000 r--s 00026000 08:01 11536328                   /home/luis/netbeans-8.1/java/maven/lib/maven-model-3.0.5.jar
7f4804913000-7f4804915000 r--s 0000c000 08:01 11536334                   /home/luis/netbeans-8.1/java/maven/lib/maven-aether-provider-3.0.5.jar
7f4804915000-7f4804917000 r--s 0000a000 08:01 11536363                   /home/luis/netbeans-8.1/java/maven/boot/plexus-classworlds-2.4.jar
7f4804917000-7f480491f000 rw-s 00000000 08:01 1585632                    /tmp/hsperfdata_luis/21203
7f480491f000-7f4804920000 rw-p 00000000 00:00 0 
7f4804920000-7f4804921000 ---p 00000000 00:00 0 
7f4804921000-7f4804923000 rw-p 00000000 00:00 0 
7f4804923000-7f4804924000 r--p 00022000 08:01 2360891                    /lib/x86_64-linux-gnu/ld-2.19.so
7f4804924000-7f4804925000 rw-p 00023000 08:01 2360891                    /lib/x86_64-linux-gnu/ld-2.19.so
7f4804925000-7f4804926000 rw-p 00000000 00:00 0 
7ffffac7e000-7ffffac9f000 rw-p 00000000 00:00 0                          [stack]
7ffffad0e000-7ffffad10000 r-xp 00000000 00:00 0                          [vdso]
ffffffffff600000-ffffffffff601000 r-xp 00000000 00:00 0                  [vsyscall]

VM Arguments:
jvm_args: -Dclassworlds.conf=/home/luis/netbeans-8.1/java/maven/bin/m2.conf -Dmaven.home=/home/luis/netbeans-8.1/java/maven 
java_command: org.codehaus.plexus.classworlds.launcher.Launcher -Dmaven.ext.class.path=/home/luis/netbeans-8.1/java/maven-nblib/netbeans-eventspy.jar clean install
java_class_path (initial): /home/luis/netbeans-8.1/java/maven/boot/plexus-classworlds-2.4.jar
Launcher Type: SUN_STANDARD

Environment Variables:
JAVA_HOME=/usr/local/jdk/jdk1.8.0_91
PATH=/usr/local/sbin:/usr/local/bin:/usr/sbin:/usr/bin:/sbin:/bin:/usr/games:/usr/local/games:/home/luis/bin:/usr/local/jdk/jdk1.8.0_91/bin
USERNAME=luis
LD_LIBRARY_PATH=/usr/local/jdk/jdk1.8.0_91/jre/lib/amd64:/usr/local/jdk/jdk1.8.0_91/jre/lib/i386:
SHELL=/bin/zsh
DISPLAY=:0.0

Signal Handlers:
SIGSEGV: [libjvm.so+0xabca10], sa_mask[0]=11111111011111111101111111111110, sa_flags=SA_RESTART|SA_SIGINFO
SIGBUS: [libjvm.so+0xabca10], sa_mask[0]=11111111011111111101111111111110, sa_flags=SA_RESTART|SA_SIGINFO
SIGFPE: [libjvm.so+0x919a20], sa_mask[0]=11111111011111111101111111111110, sa_flags=SA_RESTART|SA_SIGINFO
SIGPIPE: [libjvm.so+0x919a20], sa_mask[0]=11111111011111111101111111111110, sa_flags=SA_RESTART|SA_SIGINFO
SIGXFSZ: [libjvm.so+0x919a20], sa_mask[0]=11111111011111111101111111111110, sa_flags=SA_RESTART|SA_SIGINFO
SIGILL: [libjvm.so+0x919a20], sa_mask[0]=11111111011111111101111111111110, sa_flags=SA_RESTART|SA_SIGINFO
SIGUSR1: SIG_DFL, sa_mask[0]=00000000000000000000000000000000, sa_flags=none
SIGUSR2: [libjvm.so+0x91b050], sa_mask[0]=00100000000000000000000000000000, sa_flags=SA_RESTART|SA_SIGINFO
SIGHUP: [libjvm.so+0x91c450], sa_mask[0]=11111111011111111101111111111110, sa_flags=SA_RESTART|SA_SIGINFO
SIGINT: SIG_IGN, sa_mask[0]=00000000000000000000000000000000, sa_flags=none
SIGTERM: [libjvm.so+0x91c450], sa_mask[0]=11111111011111111101111111111110, sa_flags=SA_RESTART|SA_SIGINFO
SIGQUIT: [libjvm.so+0x91c450], sa_mask[0]=11111111011111111101111111111110, sa_flags=SA_RESTART|SA_SIGINFO


---------------  S Y S T E M  ---------------

OS:DISTRIB_ID=LinuxMint
DISTRIB_RELEASE=17.1
DISTRIB_CODENAME=rebecca
DISTRIB_DESCRIPTION="Linux Mint 17.1 Rebecca"

uname:Linux 3.13.0-37-generic #64-Ubuntu SMP Mon Sep 22 21:28:38 UTC 2014 x86_64
libc:glibc 2.19 NPTL 2.19 
rlimit: STACK 8192k, CORE 0k, NPROC 54183, NOFILE 4096, AS infinity
load average:2,59 1,42 0,67

/proc/meminfo:
MemTotal:        6966632 kB
MemFree:          126648 kB
Buffers:            1340 kB
Cached:           120784 kB
SwapCached:        20976 kB
Active:          5246736 kB
Inactive:        1303396 kB
Active(anon):    5221396 kB
Inactive(anon):  1279396 kB
Active(file):      25340 kB
Inactive(file):    24000 kB
Unevictable:          76 kB
Mlocked:              76 kB
SwapTotal:        115708 kB
SwapFree:              0 kB
Dirty:               844 kB
Writeback:             0 kB
AnonPages:       6407584 kB
Mapped:           108264 kB
Shmem:             72628 kB
Slab:              58236 kB
SReclaimable:      24912 kB
SUnreclaim:        33324 kB
KernelStack:        6208 kB
PageTables:        56072 kB
NFS_Unstable:          0 kB
Bounce:                0 kB
WritebackTmp:          0 kB
CommitLimit:     3599024 kB
Committed_AS:   10587012 kB
VmallocTotal:   34359738367 kB
VmallocUsed:      162944 kB
VmallocChunk:   34359550632 kB
HardwareCorrupted:     0 kB
AnonHugePages:   4376576 kB
HugePages_Total:       0
HugePages_Free:        0
HugePages_Rsvd:        0
HugePages_Surp:        0
Hugepagesize:       2048 kB
DirectMap4k:       71616 kB
DirectMap2M:     7088128 kB


CPU:total 2 (2 cores per cpu, 1 threads per core) family 6 model 62 stepping 4, cmov, cx8, fxsr, mmx, sse, sse2, sse3, ssse3, sse4.1, sse4.2, popcnt, avx, aes, clmul, tsc, tscinvbit

/proc/cpuinfo:
processor	: 0
vendor_id	: GenuineIntel
cpu family	: 6
model		: 62
model name	: Intel(R) Xeon(R) CPU E5-2650 v2 @ 2.60GHz
stepping	: 4
microcode	: 0x427
cpu MHz		: 2600.000
cache size	: 20480 KB
physical id	: 0
siblings	: 2
core id		: 0
cpu cores	: 2
apicid		: 0
initial apicid	: 0
fpu		: yes
fpu_exception	: yes
cpuid level	: 13
wp		: yes
flags		: fpu vme de pse tsc msr pae mce cx8 apic sep mtrr pge mca cmov pat pse36 clflush dts mmx fxsr sse sse2 ss ht syscall nx rdtscp lm constant_tsc arch_perfmon pebs bts nopl xtopology tsc_reliable nonstop_tsc aperfmperf eagerfpu pni pclmulqdq ssse3 cx16 sse4_1 sse4_2 popcnt aes xsave avx hypervisor lahf_lm ida arat xsaveopt pln pts dtherm
bogomips	: 5200.00
clflush size	: 64
cache_alignment	: 64
address sizes	: 40 bits physical, 48 bits virtual
power management:

processor	: 1
vendor_id	: GenuineIntel
cpu family	: 6
model		: 62
model name	: Intel(R) Xeon(R) CPU E5-2650 v2 @ 2.60GHz
stepping	: 4
microcode	: 0x427
cpu MHz		: 2600.000
cache size	: 20480 KB
physical id	: 0
siblings	: 2
core id		: 1
cpu cores	: 2
apicid		: 1
initial apicid	: 1
fpu		: yes
fpu_exception	: yes
cpuid level	: 13
wp		: yes
flags		: fpu vme de pse tsc msr pae mce cx8 apic sep mtrr pge mca cmov pat pse36 clflush dts mmx fxsr sse sse2 ss ht syscall nx rdtscp lm constant_tsc arch_perfmon pebs bts nopl xtopology tsc_reliable nonstop_tsc aperfmperf eagerfpu pni pclmulqdq ssse3 cx16 sse4_1 sse4_2 popcnt aes xsave avx hypervisor lahf_lm ida arat xsaveopt pln pts dtherm
bogomips	: 5200.00
clflush size	: 64
cache_alignment	: 64
address sizes	: 40 bits physical, 48 bits virtual
power management:



Memory: 4k page, physical 6966632k(126648k free), swap 115708k(0k free)

vm_info: Java HotSpot(TM) 64-Bit Server VM (25.91-b14) for linux-amd64 JRE (1.8.0_91-b14), built on Apr  1 2016 00:57:21 by "java_re" with gcc 4.3.0 20080428 (Red Hat 4.3.0-8)

time: Thu Aug 18 13:44:17 2016
elapsed time: 8 seconds (0d 0h 0m 8s)

