#
# There is insufficient memory for the Java Runtime Environment to continue.
# Native memory allocation (mmap) failed to map 130023424 bytes for committing reserved memory.
# Possible reasons:
#   The system is out of physical RAM or swap space
#   In 32 bit mode, the process size limit was hit
# Possible solutions:
#   Reduce memory load on the system
#   Increase physical memory or swap space
#   Check if swap backing store is full
#   Use 64 bit Java on a 64 bit OS
#   Decrease Java heap size (-Xmx/-Xms)
#   Decrease number of Java threads
#   Decrease Java thread stack sizes (-Xss)
#   Set larger code cache with -XX:ReservedCodeCacheSize=
# This output file may be truncated or incomplete.
#
#  Out of Memory Error (os_linux.cpp:2627), pid=6520, tid=140204123805440
#
# JRE version: Java(TM) SE Runtime Environment (8.0_91-b14) (build 1.8.0_91-b14)
# Java VM: Java HotSpot(TM) 64-Bit Server VM (25.91-b14 mixed mode linux-amd64 compressed oops)
# Failed to write core dump. Core dumps have been disabled. To enable core dumping, try "ulimit -c unlimited" before starting Java again
#

---------------  T H R E A D  ---------------

Current thread (0x00007f83e8078000):  VMThread [stack: 0x00007f83d0eed000,0x00007f83d0fee000] [id=6528]

Stack: [0x00007f83d0eed000,0x00007f83d0fee000],  sp=0x00007f83d0fec0e0,  free space=1020k
Native frames: (J=compiled Java code, j=interpreted, Vv=VM code, C=native code)
V  [libjvm.so+0xabc18a]  VMError::report_and_die()+0x2ba
V  [libjvm.so+0x4fafeb]  report_vm_out_of_memory(char const*, int, unsigned long, VMErrorType, char const*)+0x8b
V  [libjvm.so+0x91cbb3]  os::Linux::commit_memory_impl(char*, unsigned long, bool)+0x103
V  [libjvm.so+0x91d109]  os::pd_commit_memory(char*, unsigned long, unsigned long, bool)+0x29
V  [libjvm.so+0x91740a]  os::commit_memory(char*, unsigned long, unsigned long, bool)+0x2a
V  [libjvm.so+0x98b033]  PSVirtualSpace::expand_by(unsigned long)+0x53
V  [libjvm.so+0x98c438]  PSYoungGen::resize_generation(unsigned long, unsigned long)+0xf8
V  [libjvm.so+0x98b592]  PSYoungGen::resize(unsigned long, unsigned long)+0x22
V  [libjvm.so+0x98886b]  PSScavenge::invoke_no_policy()+0xf3b
V  [libjvm.so+0x988ff1]  PSScavenge::invoke()+0x41
V  [libjvm.so+0x9408b0]  ParallelScavengeHeap::failed_mem_allocate(unsigned long)+0x70
V  [libjvm.so+0xabdba7]  VM_ParallelGCFailedAllocation::doit()+0x97
V  [libjvm.so+0xac55d5]  VM_Operation::evaluate()+0x55
V  [libjvm.so+0xac39aa]  VMThread::evaluate_operation(VM_Operation*)+0xba
V  [libjvm.so+0xac3d2e]  VMThread::loop()+0x1ce
V  [libjvm.so+0xac41a0]  VMThread::run()+0x70
V  [libjvm.so+0x91ef78]  java_start(Thread*)+0x108

VM_Operation (0x00007f83f0753590): ParallelGCFailedAllocation, mode: safepoint, requested by thread 0x00007f83e800a000


---------------  P R O C E S S  ---------------

Java Threads: ( => current thread )
  0x00007f83e85d4800 JavaThread "process reaper" daemon [_thread_blocked, id=6539, stack(0x00007f83d00e2000,0x00007f83d011b000)]
  0x00007f83e80c0000 JavaThread "Service Thread" daemon [_thread_blocked, id=6535, stack(0x00007f83d02a9000,0x00007f83d03aa000)]
  0x00007f83e80bd000 JavaThread "C1 CompilerThread2" daemon [_thread_blocked, id=6534, stack(0x00007f83d03aa000,0x00007f83d04ab000)]
  0x00007f83e80bb000 JavaThread "C2 CompilerThread1" daemon [_thread_blocked, id=6533, stack(0x00007f83d04ab000,0x00007f83d05ac000)]
  0x00007f83e80b8000 JavaThread "C2 CompilerThread0" daemon [_thread_blocked, id=6532, stack(0x00007f83d05ac000,0x00007f83d06ad000)]
  0x00007f83e80b7000 JavaThread "Signal Dispatcher" daemon [_thread_blocked, id=6531, stack(0x00007f83d06ad000,0x00007f83d07ae000)]
  0x00007f83e8084000 JavaThread "Finalizer" daemon [_thread_blocked, id=6530, stack(0x00007f83d0ceb000,0x00007f83d0dec000)]
  0x00007f83e807f800 JavaThread "Reference Handler" daemon [_thread_blocked, id=6529, stack(0x00007f83d0dec000,0x00007f83d0eed000)]
  0x00007f83e800a000 JavaThread "main" [_thread_blocked, id=6523, stack(0x00007f83f0656000,0x00007f83f0757000)]

Other Threads:
=>0x00007f83e8078000 VMThread [stack: 0x00007f83d0eed000,0x00007f83d0fee000] [id=6528]
  0x00007f83e80c3000 WatcherThread [stack: 0x00007f83d01a8000,0x00007f83d02a9000] [id=6536]

VM state:at safepoint (normal execution)

VM Mutex/Monitor currently owned by a thread:  ([mutex/lock_event])
[0x00007f83e80061c0] Threads_lock - owner thread: 0x00007f83e8078000
[0x00007f83e80066c0] Heap_lock - owner thread: 0x00007f83e800a000

Heap:
 PSYoungGen      total 101888K, used 3552K [0x00000000e1500000, 0x00000000e7c00000, 0x0000000100000000)
  eden space 98304K, 0% used [0x00000000e1500000,0x00000000e1500000,0x00000000e7500000)
  from space 3584K, 99% used [0x00000000e7500000,0x00000000e7878020,0x00000000e7880000)
  to   space 3584K, 0% used [0x00000000e7880000,0x00000000e7880000,0x00000000e7c00000)
 ParOldGen       total 64512K, used 24587K [0x00000000a3e00000, 0x00000000a7d00000, 0x00000000e1500000)
  object space 64512K, 38% used [0x00000000a3e00000,0x00000000a5602ed0,0x00000000a7d00000)
 Metaspace       used 19043K, capacity 19618K, committed 19968K, reserved 1067008K
  class space    used 2288K, capacity 2439K, committed 2560K, reserved 1048576K

Card table byte_map: [0x00007f83ed137000,0x00007f83ed419000] byte_map_base: 0x00007f83ecc18000

Marking Bits: (ParMarkBitMap*) 0x00007f83efb2fd60
 Begin Bits: [0x00007f83d11f0000, 0x00007f83d28f8000)
 End Bits:   [0x00007f83d28f8000, 0x00007f83d4000000)

Polling page: 0x00007f83f0779000

CodeCache: size=245760Kb used=11811Kb max_used=11831Kb free=233948Kb
 bounds [0x00007f83d9000000, 0x00007f83d9ba0000, 0x00007f83e8000000]
 total_blobs=3414 nmethods=3052 adapters=275
 compilation: enabled

Compilation events (10 events):
Event: 22,672 Thread 0x00007f83e80b8000 3065       4       com.sun.tools.javac.file.ZipFileIndex::getRelativeDirectory (62 bytes)
Event: 22,682 Thread 0x00007f83e80b8000 nmethod 3065 0x00007f83d9b8bfd0 code [0x00007f83d9b8c1c0, 0x00007f83d9b8cca8]
Event: 22,735 Thread 0x00007f83e80bb000 3066       4       java.util.ComparableTimSort::binarySort (223 bytes)
Event: 22,739 Thread 0x00007f83e80bb000 nmethod 3066 0x00007f83d9b94190 code [0x00007f83d9b94340, 0x00007f83d9b94d58]
Event: 24,798 Thread 0x00007f83e80b8000 3067       4       java.util.ComparableTimSort::binarySort (223 bytes)
Event: 25,451 Thread 0x00007f83e80bb000 3068       4       com.sun.tools.javac.file.RelativePath$RelativeDirectory::<init> (44 bytes)
Event: 26,043 Thread 0x00007f83e80bb000 nmethod 3068 0x00007f83d9b87150 code [0x00007f83d9b872c0, 0x00007f83d9b87518]
Event: 26,086 Thread 0x00007f83e80b8000 nmethod 3067 0x00007f83d9b3d750 code [0x00007f83d9b3d900, 0x00007f83d9b3e478]
Event: 32,083 Thread 0x00007f83e80bb000 3069       4       com.sun.tools.javac.file.RelativePath$RelativeDirectory::dirname (46 bytes)
Event: 32,263 Thread 0x00007f83e80b8000 3070       4       java.util.ComparableTimSort::countRunAndMakeAscending (123 bytes)

GC Heap History (9 events):
Event: 1,093 GC heap before
{Heap before GC invocations=1 (full 0):
 PSYoungGen      total 28160K, used 24576K [0x00000000e1500000, 0x00000000e3400000, 0x0000000100000000)
  eden space 24576K, 100% used [0x00000000e1500000,0x00000000e2d00000,0x00000000e2d00000)
  from space 3584K, 0% used [0x00000000e3080000,0x00000000e3080000,0x00000000e3400000)
  to   space 3584K, 0% used [0x00000000e2d00000,0x00000000e2d00000,0x00000000e3080000)
 ParOldGen       total 64512K, used 0K [0x00000000a3e00000, 0x00000000a7d00000, 0x00000000e1500000)
  object space 64512K, 0% used [0x00000000a3e00000,0x00000000a3e00000,0x00000000a7d00000)
 Metaspace       used 6912K, capacity 7112K, committed 7424K, reserved 1056768K
  class space    used 860K, capacity 924K, committed 1024K, reserved 1048576K
Event: 1,105 GC heap after
Heap after GC invocations=1 (full 0):
 PSYoungGen      total 28160K, used 3574K [0x00000000e1500000, 0x00000000e4c00000, 0x0000000100000000)
  eden space 24576K, 0% used [0x00000000e1500000,0x00000000e1500000,0x00000000e2d00000)
  from space 3584K, 99% used [0x00000000e2d00000,0x00000000e307da18,0x00000000e3080000)
  to   space 3584K, 0% used [0x00000000e4880000,0x00000000e4880000,0x00000000e4c00000)
 ParOldGen       total 64512K, used 208K [0x00000000a3e00000, 0x00000000a7d00000, 0x00000000e1500000)
  object space 64512K, 0% used [0x00000000a3e00000,0x00000000a3e342e8,0x00000000a7d00000)
 Metaspace       used 6912K, capacity 7112K, committed 7424K, reserved 1056768K
  class space    used 860K, capacity 924K, committed 1024K, reserved 1048576K
}
Event: 1,441 GC heap before
{Heap before GC invocations=2 (full 0):
 PSYoungGen      total 28160K, used 28150K [0x00000000e1500000, 0x00000000e4c00000, 0x0000000100000000)
  eden space 24576K, 100% used [0x00000000e1500000,0x00000000e2d00000,0x00000000e2d00000)
  from space 3584K, 99% used [0x00000000e2d00000,0x00000000e307da18,0x00000000e3080000)
  to   space 3584K, 0% used [0x00000000e4880000,0x00000000e4880000,0x00000000e4c00000)
 ParOldGen       total 64512K, used 208K [0x00000000a3e00000, 0x00000000a7d00000, 0x00000000e1500000)
  object space 64512K, 0% used [0x00000000a3e00000,0x00000000a3e342e8,0x00000000a7d00000)
 Metaspace       used 9715K, capacity 9960K, committed 10112K, reserved 1058816K
  class space    used 1241K, capacity 1313K, committed 1408K, reserved 1048576K
Event: 1,450 GC heap after
Heap after GC invocations=2 (full 0):
 PSYoungGen      total 52736K, used 3568K [0x00000000e1500000, 0x00000000e4c00000, 0x0000000100000000)
  eden space 49152K, 0% used [0x00000000e1500000,0x00000000e1500000,0x00000000e4500000)
  from space 3584K, 99% used [0x00000000e4880000,0x00000000e4bfc1b8,0x00000000e4c00000)
  to   space 3584K, 0% used [0x00000000e4500000,0x00000000e4500000,0x00000000e4880000)
 ParOldGen       total 64512K, used 1384K [0x00000000a3e00000, 0x00000000a7d00000, 0x00000000e1500000)
  object space 64512K, 2% used [0x00000000a3e00000,0x00000000a3f5a318,0x00000000a7d00000)
 Metaspace       used 9715K, capacity 9960K, committed 10112K, reserved 1058816K
  class space    used 1241K, capacity 1313K, committed 1408K, reserved 1048576K
}
Event: 2,449 GC heap before
{Heap before GC invocations=3 (full 0):
 PSYoungGen      total 52736K, used 52720K [0x00000000e1500000, 0x00000000e4c00000, 0x0000000100000000)
  eden space 49152K, 100% used [0x00000000e1500000,0x00000000e4500000,0x00000000e4500000)
  from space 3584K, 99% used [0x00000000e4880000,0x00000000e4bfc1b8,0x00000000e4c00000)
  to   space 3584K, 0% used [0x00000000e4500000,0x00000000e4500000,0x00000000e4880000)
 ParOldGen       total 64512K, used 1384K [0x00000000a3e00000, 0x00000000a7d00000, 0x00000000e1500000)
  object space 64512K, 2% used [0x00000000a3e00000,0x00000000a3f5a318,0x00000000a7d00000)
 Metaspace       used 13430K, capacity 13870K, committed 14080K, reserved 1060864K
  class space    used 1628K, capacity 1735K, committed 1792K, reserved 1048576K
Event: 2,462 GC heap after
Heap after GC invocations=3 (full 0):
 PSYoungGen      total 52736K, used 3584K [0x00000000e1500000, 0x00000000e7c00000, 0x0000000100000000)
  eden space 49152K, 0% used [0x00000000e1500000,0x00000000e1500000,0x00000000e4500000)
  from space 3584K, 100% used [0x00000000e4500000,0x00000000e4880000,0x00000000e4880000)
  to   space 3584K, 0% used [0x00000000e7880000,0x00000000e7880000,0x00000000e7c00000)
 ParOldGen       total 64512K, used 4891K [0x00000000a3e00000, 0x00000000a7d00000, 0x00000000e1500000)
  object space 64512K, 7% used [0x00000000a3e00000,0x00000000a42c6de0,0x00000000a7d00000)
 Metaspace       used 13430K, capacity 13870K, committed 14080K, reserved 1060864K
  class space    used 1628K, capacity 1735K, committed 1792K, reserved 1048576K
}
Event: 5,430 GC heap before
{Heap before GC invocations=4 (full 0):
 PSYoungGen      total 52736K, used 52736K [0x00000000e1500000, 0x00000000e7c00000, 0x0000000100000000)
  eden space 49152K, 100% used [0x00000000e1500000,0x00000000e4500000,0x00000000e4500000)
  from space 3584K, 100% used [0x00000000e4500000,0x00000000e4880000,0x00000000e4880000)
  to   space 3584K, 0% used [0x00000000e7880000,0x00000000e7880000,0x00000000e7c00000)
 ParOldGen       total 64512K, used 4891K [0x00000000a3e00000, 0x00000000a7d00000, 0x00000000e1500000)
  object space 64512K, 7% used [0x00000000a3e00000,0x00000000a42c6de0,0x00000000a7d00000)
 Metaspace       used 14425K, capacity 14910K, committed 15232K, reserved 1062912K
  class space    used 1725K, capacity 1847K, committed 1920K, reserved 1048576K
Event: 5,438 GC heap after
Heap after GC invocations=4 (full 0):
 PSYoungGen      total 101888K, used 3584K [0x00000000e1500000, 0x00000000e7c00000, 0x0000000100000000)
  eden space 98304K, 0% used [0x00000000e1500000,0x00000000e1500000,0x00000000e7500000)
  from space 3584K, 100% used [0x00000000e7880000,0x00000000e7c00000,0x00000000e7c00000)
  to   space 3584K, 0% used [0x00000000e7500000,0x00000000e7500000,0x00000000e7880000)
 ParOldGen       total 64512K, used 7400K [0x00000000a3e00000, 0x00000000a7d00000, 0x00000000e1500000)
  object space 64512K, 11% used [0x00000000a3e00000,0x00000000a453a160,0x00000000a7d00000)
 Metaspace       used 14425K, capacity 14910K, committed 15232K, reserved 1062912K
  class space    used 1725K, capacity 1847K, committed 1920K, reserved 1048576K
}
Event: 34,533 GC heap before
{Heap before GC invocations=5 (full 0):
 PSYoungGen      total 101888K, used 101888K [0x00000000e1500000, 0x00000000e7c00000, 0x0000000100000000)
  eden space 98304K, 100% used [0x00000000e1500000,0x00000000e7500000,0x00000000e7500000)
  from space 3584K, 100% used [0x00000000e7880000,0x00000000e7c00000,0x00000000e7c00000)
  to   space 3584K, 0% used [0x00000000e7500000,0x00000000e7500000,0x00000000e7880000)
 ParOldGen       total 64512K, used 7400K [0x00000000a3e00000, 0x00000000a7d00000, 0x00000000e1500000)
  object space 64512K, 11% used [0x00000000a3e00000,0x00000000a453a160,0x00000000a7d00000)
 Metaspace       used 19043K, capacity 19618K, committed 19968K, reserved 1067008K
  class space    used 2288K, capacity 2439K, committed 2560K, reserved 1048576K

Deoptimization events (10 events):
Event: 21,530 Thread 0x00007f83e800a000 Uncommon trap: reason=unstable_if action=reinterpret pc=0x00007f83d9b2dec0 method=com.sun.tools.javac.util.Position$LineMapImpl.build([CI)V @ 102
Event: 21,530 Thread 0x00007f83e800a000 Uncommon trap: reason=unstable_if action=reinterpret pc=0x00007f83d9af77c8 method=com.sun.tools.javac.util.ArrayUtils.ensureCapacity([CI)[C @ 3
Event: 21,569 Thread 0x00007f83e800a000 Uncommon trap: reason=unstable_if action=reinterpret pc=0x00007f83d9b0d8a4 method=com.sun.tools.javac.parser.JavaTokenizer.readToken()Lcom/sun/tools/javac/parser/Tokens$Token; @ 548
Event: 21,570 Thread 0x00007f83e800a000 Uncommon trap: reason=unstable_if action=reinterpret pc=0x00007f83d9b04d48 method=com.sun.tools.javac.util.Position$LineMapImpl.build([CI)V @ 102
Event: 22,652 Thread 0x00007f83e800a000 Uncommon trap: reason=predicate action=maybe_recompile pc=0x00007f83d9b8a70c method=java.util.ComparableTimSort.binarySort([Ljava/lang/Object;III)V @ 37
Event: 22,735 Thread 0x00007f83e800a000 Uncommon trap: reason=array_check action=maybe_recompile pc=0x00007f83d9b87f50 method=java.util.ComparableTimSort.binarySort([Ljava/lang/Object;III)V @ 215
Event: 22,785 Thread 0x00007f83e800a000 Uncommon trap: reason=array_check action=maybe_recompile pc=0x00007f83d9b94b34 method=java.util.ComparableTimSort.binarySort([Ljava/lang/Object;III)V @ 183
Event: 22,785 Thread 0x00007f83e800a000 Uncommon trap: reason=array_check action=maybe_recompile pc=0x00007f83d9b94a3c method=java.util.ComparableTimSort.binarySort([Ljava/lang/Object;III)V @ 193
Event: 24,253 Thread 0x00007f83e800a000 Uncommon trap: reason=array_check action=maybe_recompile pc=0x00007f83d9b94a3c method=java.util.ComparableTimSort.binarySort([Ljava/lang/Object;III)V @ 193
Event: 24,794 Thread 0x00007f83e800a000 Uncommon trap: reason=array_check action=maybe_recompile pc=0x00007f83d9b87f50 method=java.util.ComparableTimSort.binarySort([Ljava/lang/Object;III)V @ 215

Internal exceptions (10 events):
Event: 1,911 Thread 0x00007f83e800a000 Implicit null exception at 0x00007f83d939aa35 to 0x00007f83d939ac3d
Event: 1,911 Thread 0x00007f83e800a000 Implicit null exception at 0x00007f83d930652f to 0x00007f83d9306599
Event: 2,055 Thread 0x00007f83e800a000 Implicit null exception at 0x00007f83d95500c6 to 0x00007f83d95503e9
Event: 2,805 Thread 0x00007f83e800a000 Implicit null exception at 0x00007f83d938cf18 to 0x00007f83d938cfa6
Event: 3,356 Thread 0x00007f83e800a000 Exception <a 'java/lang/NoClassDefFoundError': org/slf4j/Logger> (0x00000000e2443228) thrown at [/HUDSON/workspace/8-2-build-linux-amd64/jdk8u91/6644/hotspot/src/share/vm/oops/constantPool.cpp, line 235]
Event: 4,421 Thread 0x00007f83e800a000 Exception <a 'java/lang/NoClassDefFoundError': org/slf4j/Logger> (0x00000000e343aa18) thrown at [/HUDSON/workspace/8-2-build-linux-amd64/jdk8u91/6644/hotspot/src/share/vm/oops/constantPool.cpp, line 235]
Event: 5,995 Thread 0x00007f83e800a000 Exception <a 'java/lang/NoClassDefFoundError': org/slf4j/Logger> (0x00000000e246f690) thrown at [/HUDSON/workspace/8-2-build-linux-amd64/jdk8u91/6644/hotspot/src/share/vm/oops/constantPool.cpp, line 235]
Event: 6,126 Thread 0x00007f83e800a000 Exception <a 'java/lang/ClassNotFoundException': com/sun/tools/javac/api/JavacTool> (0x00000000e2789ab8) thrown at [/HUDSON/workspace/8-2-build-linux-amd64/jdk8u91/6644/hotspot/src/share/vm/classfile/systemDictionary.cpp, line 210]
Event: 22,559 Thread 0x00007f83e800a000 Exception <a 'java/io/FileNotFoundException'> (0x00000000e6950250) thrown at [/HUDSON/workspace/8-2-build-linux-amd64/jdk8u91/6644/hotspot/src/share/vm/prims/jni.cpp, line 709]
Event: 22,611 Thread 0x00007f83e800a000 Exception <a 'java/io/FileNotFoundException'> (0x00000000e6984db0) thrown at [/HUDSON/workspace/8-2-build-linux-amd64/jdk8u91/6644/hotspot/src/share/vm/prims/jni.cpp, line 709]

Events (10 events):
Event: 22,785 Thread 0x00007f83e800a000 Uncommon trap: trap_request=0xffffffd6 fr.pc=0x00007f83d9b94a3c
Event: 22,785 Thread 0x00007f83e800a000 DEOPT PACKING pc=0x00007f83d9b94a3c sp=0x00007f83f0753680
Event: 22,785 Thread 0x00007f83e800a000 DEOPT UNPACKING pc=0x00007f83d9005229 sp=0x00007f83f0753648 mode 2
Event: 23,971 Thread 0x00007f83e800a000 Uncommon trap: trap_request=0xffffffd6 fr.pc=0x00007f83d9b94a3c
Event: 24,731 Thread 0x00007f83e800a000 DEOPT PACKING pc=0x00007f83d9b94a3c sp=0x00007f83f0753680
Event: 24,770 Thread 0x00007f83e800a000 DEOPT UNPACKING pc=0x00007f83d9005229 sp=0x00007f83f0753648 mode 2
Event: 24,794 Thread 0x00007f83e800a000 Uncommon trap: trap_request=0xffffffd6 fr.pc=0x00007f83d9b87f50
Event: 24,803 Thread 0x00007f83e800a000 DEOPT PACKING pc=0x00007f83d9b87f50 sp=0x00007f83f0753690
Event: 24,803 Thread 0x00007f83e800a000 DEOPT UNPACKING pc=0x00007f83d9005229 sp=0x00007f83f0753658 mode 2
Event: 34,283 Executing VM operation: ParallelGCFailedAllocation


Dynamic libraries:
00400000-00401000 r-xp 00000000 08:03 11933286                           /usr/local/jdk/jdk1.8.0_91/bin/java
00600000-00601000 rw-p 00000000 08:03 11933286                           /usr/local/jdk/jdk1.8.0_91/bin/java
01f4e000-01f6f000 rw-p 00000000 00:00 0                                  [heap]
a3e00000-a7d00000 rw-p 00000000 00:00 0 
a7d00000-e1500000 ---p 00000000 00:00 0 
e1500000-e7c00000 rw-p 00000000 00:00 0 
ef800000-100000000 ---p 00000000 00:00 0 
100000000-100280000 rw-p 00000000 00:00 0 
100280000-140000000 ---p 00000000 00:00 0 
7f8398000000-7f8398021000 rw-p 00000000 00:00 0 
7f8398021000-7f839c000000 ---p 00000000 00:00 0 
7f839c000000-7f839c021000 rw-p 00000000 00:00 0 
7f839c021000-7f83a0000000 ---p 00000000 00:00 0 
7f83a2e2b000-7f83a2e2c000 rw-p 00000000 00:00 0 
7f83a2e2c000-7f83a2e33000 r--s 00000000 08:03 9443445                    /usr/lib/x86_64-linux-gnu/gconv/gconv-modules.cache
7f83a2e33000-7f83a2e59000 r--p 00000000 08:03 11146960                   /usr/share/locale-langpack/es/LC_MESSAGES/libc.mo
7f83a2e59000-7f83a2e5b000 r--s 00007000 08:03 5636261                    /home/luis/.m2/repository/com/fasterxml/jackson/core/jackson-annotations/2.1.4/jackson-annotations-2.1.4.jar
7f83a2e5b000-7f83a2e6c000 r--s 000d2000 08:03 5636287                    /home/luis/.m2/repository/com/fasterxml/jackson/core/jackson-databind/2.1.4/jackson-databind-2.1.4.jar
7f83a2e6c000-7f83a2e70000 r--s 0002f000 08:03 5636274                    /home/luis/.m2/repository/com/fasterxml/jackson/core/jackson-core/2.1.4/jackson-core-2.1.4.jar
7f83a2e70000-7f83a2e80000 r--s 000c4000 08:03 5767281                    /home/luis/.m2/repository/org/codehaus/castor/castor/1.2/castor-1.2.jar
7f83a2e80000-7f83a2ea4000 r--s 00341000 08:03 5636914                    /home/luis/.m2/repository/eclipse/jdtcore/3.1.0/jdtcore-3.1.0.jar
7f83a2ea4000-7f83a2eac000 r--s 00028000 08:03 5506632                    /home/luis/.m2/repository/xml-apis/xml-apis/1.3.02/xml-apis-1.3.02.jar
7f83a2eac000-7f83a2ebc000 r--s 0013f000 08:03 5637133                    /home/luis/.m2/repository/jfree/jfreechart/1.0.12/jfreechart-1.0.12.jar
7f83a2ebc000-7f83a2ec2000 r--s 00046000 08:03 5637126                    /home/luis/.m2/repository/jfree/jcommon/1.0.15/jcommon-1.0.15.jar
7f83a2ec2000-7f83a2ec6000 r--s 0002b000 08:03 5767258                    /home/luis/.m2/repository/org/bouncycastle/bcmail-jdk14/1.38/bcmail-jdk14-1.38.jar
7f83a2ec6000-7f83a2ee7000 r--s 0015a000 08:03 5767265                    /home/luis/.m2/repository/org/bouncycastle/bcprov-jdk14/1.38/bcprov-jdk14-1.38.jar
7f83a2ee7000-7f83a2ee8000 r--s 00005000 08:03 5767272                    /home/luis/.m2/repository/org/bouncycastle/bctsp-jdk14/1.38/bctsp-jdk14-1.38.jar
7f83a2ee8000-7f83a2f09000 r--s 0015a000 08:03 5636186                    /home/luis/.m2/repository/bouncycastle/bcprov-jdk14/138/bcprov-jdk14-138.jar
7f83a2f09000-7f83a2f0d000 r--s 0002b000 08:03 5636179                    /home/luis/.m2/repository/bouncycastle/bcmail-jdk14/138/bcmail-jdk14-138.jar
7f83a2f0d000-7f83a2f1a000 r--s 00108000 08:03 5636457                    /home/luis/.m2/repository/com/lowagie/itext/2.1.7.js2/itext-2.1.7.js2.jar
7f83a2f1a000-7f83a2f1c000 r--s 0000d000 08:03 5636881                    /home/luis/.m2/repository/commons-logging/commons-logging/1.1.1/commons-logging-1.1.1.jar
7f83a2f1c000-7f83a2f22000 r--s 0002b000 08:03 5636791                    /home/luis/.m2/repository/commons-digester/commons-digester/2.1/commons-digester-2.1.jar
7f83a2f22000-7f83a2f28000 r--s 00023000 08:03 5636753                    /home/luis/.m2/repository/commons-collections/commons-collections/2.1/commons-collections-2.1.jar
7f83a2f28000-7f83a2f2d000 r--s 00034000 08:03 5636681                    /home/luis/.m2/repository/commons-beanutils/commons-beanutils/1.8.0/commons-beanutils-1.8.0.jar
7f83a2f2d000-7f83a2f7f000 r--s 00421000 08:03 5637258                    /home/luis/.m2/repository/net/sf/jasperreports/jasperreports/5.5.0/jasperreports-5.5.0.jar
7f83a2f7f000-7f83a2f89000 r--s 0005c000 08:03 5637051                    /home/luis/.m2/repository/javax/servlet/jstl/1.2/jstl-1.2.jar
7f83a2f89000-7f83a2f9d000 r--s 0013a000 08:03 5768773                    /home/luis/.m2/repository/org/primefaces/themes/all-themes/1.0.10/all-themes-1.0.10.jar
7f83a2f9d000-7f83a2fa2000 r--s 0002a000 08:03 5636322                    /home/luis/.m2/repository/com/google/code/gson/gson/2.2.4/gson-2.2.4.jar
7f83a2fa2000-7f83a2faf000 r--s 0015c000 08:03 5768710                    /home/luis/.m2/repository/org/primefaces/extensions/primefaces-extensions/4.0.0/primefaces-extensions-4.0.0.jar
7f83a2faf000-7f83a2fdb000 r--s 00318000 08:03 5768743                    /home/luis/.m2/repository/org/primefaces/primefaces/5.3/primefaces-5.3.jar
7f83a2fdb000-7f83a2fde000 r--s 00015000 08:03 5637040                    /home/luis/.m2/repository/javax/servlet/javax.servlet-api/3.1.0/javax.servlet-api-3.1.0.jar
7f83a2fde000-7f83a2fe3000 r--s 00046000 08:03 5637394                    /home/luis/.m2/repository/org/apache/commons/commons-lang3/3.0/commons-lang3-3.0.jar
7f83a2fe3000-7f83a2fe5000 r--s 00010000 08:03 5636723                    /home/luis/.m2/repository/commons-codec/commons-codec/1.5/commons-codec-1.5.jar
7f83a2fe5000-7f83a3007000 r--s 001bb000 08:03 5767191                    /home/luis/.m2/repository/org/apache/poi/poi/3.10-FINAL/poi-3.10-FINAL.jar
7f83a3007000-7f83a300e000 r--s 00088000 08:03 5636472                    /home/luis/.m2/repository/com/microsoft/sqlserver/sqljdbc/4-4.0.2206.100/sqljdbc-4-4.0.2206.100.jar
7f83a300e000-7f83a301c000 r--s 00091000 08:03 5768146                    /home/luis/.m2/repository/org/hibernate/hibernate-entitymanager/4.3.8.Final/hibernate-entitymanager-4.3.8.Final.jar
7f83a301c000-7f83a3021000 r--s 00068000 08:03 5636103                    /home/luis/.m2/repository/antlr/antlr/2.7.7/antlr-2.7.7.jar
7f83a3021000-7f83a302b000 r--s 000a5000 08:03 5768213                    /home/luis/.m2/repository/org/javassist/javassist/3.18.1-GA/javassist-3.18.1-GA.jar
7f83a302b000-7f83a3030000 r--s 00017000 08:03 5768181                    /home/luis/.m2/repository/org/hibernate/javax/persistence/hibernate-jpa-2.1-api/1.0.0.Final/hibernate-jpa-2.1-api-1.0.0.Final.jar
7f83a3030000-7f83a3033000 r--s 00010000 08:03 5768112                    /home/luis/.m2/repository/org/hibernate/common/hibernate-commons-annotations/4.0.5.Final/hibernate-commons-annotations-4.0.5.Final.jar
7f83a3033000-7f83a3034000 r--s 00006000 08:03 5768395                    /home/luis/.m2/repository/org/jboss/spec/javax/transaction/jboss-transaction-api_1.2_spec/1.0.0.Final/jboss-transaction-api_1.2_spec-1.0.0.Final.jar
7f83a3034000-7f83a3092000 r--s 004aa000 08:03 5768129                    /home/luis/.m2/repository/org/hibernate/hibernate-core/4.3.8.Final/hibernate-core-4.3.8.Final.jar
7f83a3092000-7f83a3094000 r--s 0000d000 08:03 5636244                    /home/luis/.m2/repository/com/fasterxml/classmate/1.0.0/classmate-1.0.0.jar
7f83a3094000-7f83a3096000 r--s 0000c000 08:03 5506588                    /home/luis/.m2/repository/org/jboss/logging/jboss-logging/3.1.3.GA/jboss-logging-3.1.3.GA.jar
7f83a3096000-7f83a30a4000 r--s 0008d000 08:03 5506568                    /home/luis/.m2/repository/org/hibernate/hibernate-validator/5.1.3.Final/hibernate-validator-5.1.3.Final.jar
7f83a30a4000-7f83a30cd000 r--s 002d4000 08:03 5506561                    /home/luis/.m2/repository/org/glassfish/javax.faces/2.2.10/javax.faces-2.2.10.jar
7f83a30cd000-7f83a311c000 r--s 00378000 08:03 5506607                    /home/luis/.m2/repository/org/jboss/weld/servlet/weld-servlet/2.2.11.Final/weld-servlet-2.2.11.Final.jar
7f83a311c000-7f83a3159000 r--s 0024f000 08:03 5506549                    /home/luis/.m2/repository/org/apache/xmlbeans/xmlbeans/2.3.0/xmlbeans-2.3.0.jar
7f83a3159000-7f83a31d8000 r--s 0034a000 08:03 5506547                    /home/luis/.m2/repository/org/apache/poi/poi-ooxml-schemas/3.7/poi-ooxml-schemas-3.7.jar
7f83a31d8000-7f83a32d8000 rw-p 00000000 00:00 0 
7f83a32d8000-7f83a33d8000 ---p 00000000 00:00 0 
7f83a33d8000-7f83a35d8000 rw-p 00000000 00:00 0 
7f83a35d8000-7f83a37d8000 rw-p 00000000 00:00 0 
7f83a37d8000-7f83a37e9000 r-xp 00000000 08:03 11933208                   /usr/local/jdk/jdk1.8.0_91/jre/lib/amd64/libnio.so
7f83a37e9000-7f83a39e8000 ---p 00011000 08:03 11933208                   /usr/local/jdk/jdk1.8.0_91/jre/lib/amd64/libnio.so
7f83a39e8000-7f83a39e9000 rw-p 00010000 08:03 11933208                   /usr/local/jdk/jdk1.8.0_91/jre/lib/amd64/libnio.so
7f83a39e9000-7f83a39ff000 r-xp 00000000 08:03 11933179                   /usr/local/jdk/jdk1.8.0_91/jre/lib/amd64/libnet.so
7f83a39ff000-7f83a3bff000 ---p 00016000 08:03 11933179                   /usr/local/jdk/jdk1.8.0_91/jre/lib/amd64/libnet.so
7f83a3bff000-7f83a3c00000 rw-p 00016000 08:03 11933179                   /usr/local/jdk/jdk1.8.0_91/jre/lib/amd64/libnet.so
7f83a3c00000-7f83a3e00000 rw-p 00000000 00:00 0 
7f83a3e00000-7f83a4000000 rw-p 00000000 00:00 0 
7f83a4000000-7f83a4b20000 rw-p 00000000 00:00 0 
7f83a4b20000-7f83a8000000 ---p 00000000 00:00 0 
7f83a8000000-7f83a8021000 rw-p 00000000 00:00 0 
7f83a8021000-7f83ac000000 ---p 00000000 00:00 0 
7f83ac000000-7f83ae054000 rw-p 00000000 00:00 0 
7f83ae054000-7f83b0000000 ---p 00000000 00:00 0 
7f83b0000000-7f83b22a4000 rw-p 00000000 00:00 0 
7f83b22a4000-7f83b4000000 ---p 00000000 00:00 0 
7f83b4000000-7f83b4021000 rw-p 00000000 00:00 0 
7f83b4021000-7f83b8000000 ---p 00000000 00:00 0 
7f83b8000000-7f83b8021000 rw-p 00000000 00:00 0 
7f83b8021000-7f83bc000000 ---p 00000000 00:00 0 
7f83bc000000-7f83bc28b000 rw-p 00000000 00:00 0 
7f83bc28b000-7f83c0000000 ---p 00000000 00:00 0 
7f83c0000000-7f83c0021000 rw-p 00000000 00:00 0 
7f83c0021000-7f83c4000000 ---p 00000000 00:00 0 
7f83c4000000-7f83c4021000 rw-p 00000000 00:00 0 
7f83c4021000-7f83c8000000 ---p 00000000 00:00 0 
7f83c8000000-7f83c8021000 rw-p 00000000 00:00 0 
7f83c8021000-7f83cc000000 ---p 00000000 00:00 0 
7f83cc000000-7f83cc021000 rw-p 00000000 00:00 0 
7f83cc021000-7f83d0000000 ---p 00000000 00:00 0 
7f83d0000000-7f83d0001000 r--s 00002000 08:03 5768273                    /home/luis/.m2/repository/org/jboss/logging/jboss-logging-annotations/1.2.0.Beta1/jboss-logging-annotations-1.2.0.Beta1.jar
7f83d0001000-7f83d0005000 r--s 0000c000 08:03 5506503                    /home/luis/.m2/repository/javax/validation/validation-api/1.1.0.Final/validation-api-1.1.0.Final.jar
7f83d0005000-7f83d0007000 r--s 00012000 08:03 5506576                    /home/luis/.m2/repository/org/jboss/jandex/1.2.3.Final/jandex-1.2.3.Final.jar
7f83d0007000-7f83d0014000 r--s 0009c000 08:03 5506495                    /home/luis/.m2/repository/javax/faces/javax.faces-api/2.2/javax.faces-api-2.2.jar
7f83d0014000-7f83d0019000 r--s 00048000 08:03 5506486                    /home/luis/.m2/repository/dom4j/dom4j/1.6.1/dom4j-1.6.1.jar
7f83d0019000-7f83d001b000 r--s 00005000 08:03 5506515                    /home/luis/.m2/repository/org/apache/geronimo/specs/geronimo-stax-api_1.0_spec/1.0/geronimo-stax-api_1.0_spec-1.0.jar
7f83d001b000-7f83d001d000 r--s 00005000 08:03 5506623                    /home/luis/.m2/repository/stax/stax-api/1.0.1/stax-api-1.0.1.jar
7f83d001d000-7f83d0024000 r--s 00073000 08:03 5506545                    /home/luis/.m2/repository/org/apache/poi/poi-ooxml/3.7/poi-ooxml-3.7.jar
7f83d0024000-7f83d009d000 r--s 010e3000 08:03 9182454                    /usr/local/jdk/jdk1.8.0_91/lib/tools.jar
7f83d009d000-7f83d00a0000 r--s 0001b000 08:03 5637155                    /home/luis/.m2/repository/junit/junit/3.8.2/junit-3.8.2.jar
7f83d00a0000-7f83d00ae000 r--s 0008f000 08:03 5636348                    /home/luis/.m2/repository/com/google/collections/google-collections/1.0/google-collections-1.0.jar
7f83d00ae000-7f83d00af000 r--s 0000a000 08:03 5636898                    /home/luis/.m2/repository/commons-logging/commons-logging-api/1.1/commons-logging-api-1.1.jar
7f83d00af000-7f83d00b6000 r--s 00051000 08:03 5637179                    /home/luis/.m2/repository/log4j/log4j/1.2.12/log4j-1.2.12.jar
7f83d00b6000-7f83d00ba000 r--s 0001d000 08:03 5767224                    /home/luis/.m2/repository/org/apache/xbean/xbean-reflect/3.4/xbean-reflect-3.4.jar
7f83d00ba000-7f83d00bb000 r--s 00004000 08:03 5767496                    /home/luis/.m2/repository/org/codehaus/plexus/plexus-compiler-javac/2.0/plexus-compiler-javac-2.0.jar
7f83d00bb000-7f83d00bd000 r--s 00000000 08:03 5767515                    /home/luis/.m2/repository/org/codehaus/plexus/plexus-compiler-manager/2.0/plexus-compiler-manager-2.0.jar
7f83d00bd000-7f83d00bf000 r--s 00005000 08:03 5767477                    /home/luis/.m2/repository/org/codehaus/plexus/plexus-compiler-api/2.0/plexus-compiler-api-2.0.jar
7f83d00bf000-7f83d00c1000 r--s 00000000 08:03 5767545                    /home/luis/.m2/repository/org/codehaus/plexus/plexus-component-annotations/1.5.5/plexus-component-annotations-1.5.5.jar
7f83d00c1000-7f83d00c3000 r--s 00002000 08:03 5638746                    /home/luis/.m2/repository/org/apache/maven/shared/maven-shared-incremental/1.0/maven-shared-incremental-1.0.jar
7f83d00c3000-7f83d00c5000 r--s 00006000 08:03 5636310                    /home/luis/.m2/repository/com/google/code/findbugs/jsr305/2.0.1/jsr305-2.0.1.jar
7f83d00c5000-7f83d00c8000 r--s 00023000 08:03 5638766                    /home/luis/.m2/repository/org/apache/maven/shared/maven-shared-utils/0.1/maven-shared-utils-0.1.jar
7f83d00c8000-7f83d00cc000 r--s 00030000 08:03 5767795                    /home/luis/.m2/repository/org/codehaus/plexus/plexus-utils/1.5.1/plexus-utils-1.5.1.jar
7f83d00cc000-7f83d00ce000 r--s 00009000 08:03 5506218                    /home/luis/.m2/repository/org/apache/maven/plugins/maven-compiler-plugin/3.0/maven-compiler-plugin-3.0.jar
7f83d00ce000-7f83d00d0000 r--s 0000d000 08:03 5767703                    /home/luis/.m2/repository/org/codehaus/plexus/plexus-interpolation/1.13/plexus-interpolation-1.13.jar
7f83d00d0000-7f83d00d1000 r--s 00001000 08:03 5769120                    /home/luis/.m2/repository/org/sonatype/plexus/plexus-build-api/0.0.4/plexus-build-api-0.0.4.jar
7f83d00d1000-7f83d00d3000 r--s 00007000 08:03 5898378                    /home/luis/.m2/repository/org/apache/maven/shared/maven-filtering/1.0-beta-4/maven-filtering-1.0-beta-4.jar
7f83d00d3000-7f83d00d6000 r--s 0001b000 08:03 5637149                    /home/luis/.m2/repository/junit/junit/3.8.1/junit-3.8.1.jar
7f83d00d6000-7f83d00d8000 r--s 00002000 08:03 5767679                    /home/luis/.m2/repository/org/codehaus/plexus/plexus-interactivity-api/1.0-alpha-4/plexus-interactivity-api-1.0-alpha-4.jar
7f83d00d8000-7f83d00da000 r--s 00006000 08:03 5636699                    /home/luis/.m2/repository/commons-cli/commons-cli/1.0/commons-cli-1.0.jar
7f83d00da000-7f83d00db000 r--s 00001000 08:03 5637843                    /home/luis/.m2/repository/org/apache/maven/doxia/doxia-sink-api/1.0-alpha-7/doxia-sink-api-1.0-alpha-7.jar
7f83d00db000-7f83d00dc000 r--s 00002000 08:03 5638583                    /home/luis/.m2/repository/org/apache/maven/reporting/maven-reporting-api/2.0.6/maven-reporting-api-2.0.6.jar
7f83d00dc000-7f83d00dd000 r--s 00005000 08:03 5506210                    /home/luis/.m2/repository/org/apache/maven/plugins/maven-resources-plugin/2.4.3/maven-resources-plugin-2.4.3.jar
7f83d00dd000-7f83d00e1000 r--s 00033000 08:03 5767834                    /home/luis/.m2/repository/org/codehaus/plexus/plexus-utils/2.0.5/plexus-utils-2.0.5.jar
7f83d00e1000-7f83d00e2000 r--s 00005000 08:03 5506214                    /home/luis/.m2/repository/org/apache/maven/plugins/maven-clean-plugin/2.4.1/maven-clean-plugin-2.4.1.jar
7f83d00e2000-7f83d00e5000 ---p 00000000 00:00 0 
7f83d00e5000-7f83d011b000 rw-p 00000000 00:00 0                          [stack:6539]
7f83d011b000-7f83d011f000 r--s 00097000 08:03 11667576                   /usr/local/jdk/jdk1.8.0_91/jre/lib/jsse.jar
7f83d011f000-7f83d0121000 r--s 0000c000 08:03 4854023                    /home/luis/netbeans-8.1/java/maven-nblib/netbeans-eventspy.jar
7f83d0121000-7f83d0123000 r--s 0000d000 08:03 4853956                    /home/luis/netbeans-8.1/java/maven/lib/plexus-interpolation-1.14.jar
7f83d0123000-7f83d012d000 r--s 00116000 08:03 11933115                   /usr/local/jdk/jdk1.8.0_91/jre/lib/ext/localedata.jar
7f83d012d000-7f83d0149000 r--s 00393000 08:03 11933112                   /usr/local/jdk/jdk1.8.0_91/jre/lib/ext/cldrdata.jar
7f83d0149000-7f83d014d000 r--s 0001c000 08:03 4854028                    /home/luis/netbeans-8.1/java/maven/lib/aether-util-1.13.1.jar
7f83d014d000-7f83d0155000 r--s 00050000 08:03 4853986                    /home/luis/netbeans-8.1/java/maven/lib/sisu-guice-3.1.0-no_aop.jar
7f83d0155000-7f83d0174000 r--s 00154000 08:03 4854041                    /home/luis/netbeans-8.1/java/maven/lib/sisu-guava-0.9.9.jar
7f83d0174000-7f83d0178000 r--s 00021000 08:03 4853952                    /home/luis/netbeans-8.1/java/maven/lib/maven-model-builder-3.0.5.jar
7f83d0178000-7f83d017a000 r--s 0000a000 08:03 4854015                    /home/luis/netbeans-8.1/java/maven/lib/maven-settings-3.0.5.jar
7f83d017a000-7f83d01a8000 r--s 001c9000 08:03 4853955                    /home/luis/netbeans-8.1/java/maven/lib/ext/wagon-http-2.8-shaded.jar
7f83d01a8000-7f83d01a9000 ---p 00000000 00:00 0 
7f83d01a9000-7f83d02a9000 rw-p 00000000 00:00 0                          [stack:6536]
7f83d02a9000-7f83d02ac000 ---p 00000000 00:00 0 
7f83d02ac000-7f83d03aa000 rw-p 00000000 00:00 0                          [stack:6535]
7f83d03aa000-7f83d03ad000 ---p 00000000 00:00 0 
7f83d03ad000-7f83d04ab000 rw-p 00000000 00:00 0                          [stack:6534]
7f83d04ab000-7f83d04ae000 ---p 00000000 00:00 0 
7f83d04ae000-7f83d05ac000 rw-p 00000000 00:00 0                          [stack:6533]
7f83d05ac000-7f83d05af000 ---p 00000000 00:00 0 
7f83d05af000-7f83d06ad000 rw-p 00000000 00:00 0                          [stack:6532]
7f83d06ad000-7f83d06b0000 ---p 00000000 00:00 0 
7f83d06b0000-7f83d07ae000 rw-p 00000000 00:00 0                          [stack:6531]
7f83d07ae000-7f83d0ceb000 r--p 00000000 08:03 9050153                    /usr/lib/locale/locale-archive
7f83d0ceb000-7f83d0cee000 ---p 00000000 00:00 0 
7f83d0cee000-7f83d0dec000 rw-p 00000000 00:00 0                          [stack:6530]
7f83d0dec000-7f83d0def000 ---p 00000000 00:00 0 
7f83d0def000-7f83d0eed000 rw-p 00000000 00:00 0                          [stack:6529]
7f83d0eed000-7f83d0eee000 ---p 00000000 00:00 0 
7f83d0eee000-7f83d4000000 rw-p 00000000 00:00 0                          [stack:6528]
7f83d4000000-7f83d4021000 rw-p 00000000 00:00 0 
7f83d4021000-7f83d8000000 ---p 00000000 00:00 0 
7f83d8000000-7f83d8001000 r--p 00000000 00:00 0 
7f83d8001000-7f83d8003000 r--s 00000000 08:03 4853683                    /home/luis/netbeans-8.1/java/maven/lib/plexus-component-annotations-1.5.5.jar
7f83d8003000-7f83d8005000 r--s 00002000 08:03 4854033                    /home/luis/netbeans-8.1/java/maven/lib/plexus-cipher-1.7.jar
7f83d8005000-7f83d8020000 r--s 000e4000 08:03 4854008                    /home/luis/netbeans-8.1/java/maven/lib/wagon-http-2.4-shaded.jar
7f83d8020000-7f83d8db1000 rw-p 00000000 00:00 0 
7f83d8db1000-7f83d8f8a000 r--s 03d1f000 08:03 11667601                   /usr/local/jdk/jdk1.8.0_91/jre/lib/rt.jar
7f83d8f8a000-7f83d9000000 rw-p 00000000 00:00 0 
7f83d9000000-7f83d9ba0000 rwxp 00000000 00:00 0 
7f83d9ba0000-7f83e8000000 ---p 00000000 00:00 0 
7f83e8000000-7f83e8f31000 rw-p 00000000 00:00 0 
7f83e8f31000-7f83ec000000 ---p 00000000 00:00 0 
7f83ec000000-7f83ec007000 r--s 0003f000 08:03 4854000                    /home/luis/netbeans-8.1/java/maven/lib/sisu-inject-bean-2.3.0.jar
7f83ec007000-7f83ec009000 r--s 00006000 08:03 4853804                    /home/luis/netbeans-8.1/java/maven/lib/maven-repository-metadata-3.0.5.jar
7f83ec009000-7f83ec00d000 r--s 00013000 08:03 4854034                    /home/luis/netbeans-8.1/java/maven/lib/aether-api-1.13.1.jar
7f83ec00d000-7f83ec011000 r--s 00033000 08:03 4854026                    /home/luis/netbeans-8.1/java/maven/lib/plexus-utils-2.0.6.jar
7f83ec011000-7f83ec017000 r--s 0003f000 08:03 4854029                    /home/luis/netbeans-8.1/java/maven/lib/maven-compat-3.0.5.jar
7f83ec017000-7f83ecb47000 rw-p 00000000 00:00 0 
7f83ecb47000-7f83ecb48000 ---p 00000000 00:00 0 
7f83ecb48000-7f83ecc48000 rw-p 00000000 00:00 0                          [stack:6527]
7f83ecc48000-7f83ecc49000 ---p 00000000 00:00 0 
7f83ecc49000-7f83ecd49000 rw-p 00000000 00:00 0                          [stack:6526]
7f83ecd49000-7f83ecd4a000 ---p 00000000 00:00 0 
7f83ecd4a000-7f83ece4a000 rw-p 00000000 00:00 0                          [stack:6525]
7f83ece4a000-7f83ece4b000 ---p 00000000 00:00 0 
7f83ece4b000-7f83ecf6b000 rw-p 00000000 00:00 0                          [stack:6524]
7f83ecf6b000-7f83ed137000 ---p 00000000 00:00 0 
7f83ed137000-7f83ed157000 rw-p 00000000 00:00 0 
7f83ed157000-7f83ed322000 ---p 00000000 00:00 0 
7f83ed322000-7f83ed356000 rw-p 00000000 00:00 0 
7f83ed356000-7f83ed418000 ---p 00000000 00:00 0 
7f83ed418000-7f83ed448000 rw-p 00000000 00:00 0 
7f83ed448000-7f83ed7d9000 ---p 00000000 00:00 0 
7f83ed7d9000-7f83ed7f3000 r-xp 00000000 08:03 11933169                   /usr/local/jdk/jdk1.8.0_91/jre/lib/amd64/libzip.so
7f83ed7f3000-7f83ed9f3000 ---p 0001a000 08:03 11933169                   /usr/local/jdk/jdk1.8.0_91/jre/lib/amd64/libzip.so
7f83ed9f3000-7f83ed9f4000 rw-p 0001a000 08:03 11933169                   /usr/local/jdk/jdk1.8.0_91/jre/lib/amd64/libzip.so
7f83ed9f4000-7f83ed9ff000 r-xp 00000000 08:03 2363482                    /lib/x86_64-linux-gnu/libnss_files-2.19.so
7f83ed9ff000-7f83edbfe000 ---p 0000b000 08:03 2363482                    /lib/x86_64-linux-gnu/libnss_files-2.19.so
7f83edbfe000-7f83edbff000 r--p 0000a000 08:03 2363482                    /lib/x86_64-linux-gnu/libnss_files-2.19.so
7f83edbff000-7f83edc00000 rw-p 0000b000 08:03 2363482                    /lib/x86_64-linux-gnu/libnss_files-2.19.so
7f83edc00000-7f83edc0b000 r-xp 00000000 08:03 2363492                    /lib/x86_64-linux-gnu/libnss_nis-2.19.so
7f83edc0b000-7f83ede0a000 ---p 0000b000 08:03 2363492                    /lib/x86_64-linux-gnu/libnss_nis-2.19.so
7f83ede0a000-7f83ede0b000 r--p 0000a000 08:03 2363492                    /lib/x86_64-linux-gnu/libnss_nis-2.19.so
7f83ede0b000-7f83ede0c000 rw-p 0000b000 08:03 2363492                    /lib/x86_64-linux-gnu/libnss_nis-2.19.so
7f83ede0c000-7f83ede23000 r-xp 00000000 08:03 2363476                    /lib/x86_64-linux-gnu/libnsl-2.19.so
7f83ede23000-7f83ee022000 ---p 00017000 08:03 2363476                    /lib/x86_64-linux-gnu/libnsl-2.19.so
7f83ee022000-7f83ee023000 r--p 00016000 08:03 2363476                    /lib/x86_64-linux-gnu/libnsl-2.19.so
7f83ee023000-7f83ee024000 rw-p 00017000 08:03 2363476                    /lib/x86_64-linux-gnu/libnsl-2.19.so
7f83ee024000-7f83ee026000 rw-p 00000000 00:00 0 
7f83ee026000-7f83ee02f000 r-xp 00000000 08:03 2363478                    /lib/x86_64-linux-gnu/libnss_compat-2.19.so
7f83ee02f000-7f83ee22e000 ---p 00009000 08:03 2363478                    /lib/x86_64-linux-gnu/libnss_compat-2.19.so
7f83ee22e000-7f83ee22f000 r--p 00008000 08:03 2363478                    /lib/x86_64-linux-gnu/libnss_compat-2.19.so
7f83ee22f000-7f83ee230000 rw-p 00009000 08:03 2363478                    /lib/x86_64-linux-gnu/libnss_compat-2.19.so
7f83ee230000-7f83ee25a000 r-xp 00000000 08:03 11933181                   /usr/local/jdk/jdk1.8.0_91/jre/lib/amd64/libjava.so
7f83ee25a000-7f83ee45a000 ---p 0002a000 08:03 11933181                   /usr/local/jdk/jdk1.8.0_91/jre/lib/amd64/libjava.so
7f83ee45a000-7f83ee45c000 rw-p 0002a000 08:03 11933181                   /usr/local/jdk/jdk1.8.0_91/jre/lib/amd64/libjava.so
7f83ee45c000-7f83ee469000 r-xp 00000000 08:03 11933182                   /usr/local/jdk/jdk1.8.0_91/jre/lib/amd64/libverify.so
7f83ee469000-7f83ee669000 ---p 0000d000 08:03 11933182                   /usr/local/jdk/jdk1.8.0_91/jre/lib/amd64/libverify.so
7f83ee669000-7f83ee66b000 rw-p 0000d000 08:03 11933182                   /usr/local/jdk/jdk1.8.0_91/jre/lib/amd64/libverify.so
7f83ee66b000-7f83ee672000 r-xp 00000000 08:03 2363535                    /lib/x86_64-linux-gnu/librt-2.19.so
7f83ee672000-7f83ee871000 ---p 00007000 08:03 2363535                    /lib/x86_64-linux-gnu/librt-2.19.so
7f83ee871000-7f83ee872000 r--p 00006000 08:03 2363535                    /lib/x86_64-linux-gnu/librt-2.19.so
7f83ee872000-7f83ee873000 rw-p 00007000 08:03 2363535                    /lib/x86_64-linux-gnu/librt-2.19.so
7f83ee873000-7f83ee978000 r-xp 00000000 08:03 2363457                    /lib/x86_64-linux-gnu/libm-2.19.so
7f83ee978000-7f83eeb77000 ---p 00105000 08:03 2363457                    /lib/x86_64-linux-gnu/libm-2.19.so
7f83eeb77000-7f83eeb78000 r--p 00104000 08:03 2363457                    /lib/x86_64-linux-gnu/libm-2.19.so
7f83eeb78000-7f83eeb79000 rw-p 00105000 08:03 2363457                    /lib/x86_64-linux-gnu/libm-2.19.so
7f83eeb79000-7f83ef839000 r-xp 00000000 08:03 11933188                   /usr/local/jdk/jdk1.8.0_91/jre/lib/amd64/server/libjvm.so
7f83ef839000-7f83efa39000 ---p 00cc0000 08:03 11933188                   /usr/local/jdk/jdk1.8.0_91/jre/lib/amd64/server/libjvm.so
7f83efa39000-7f83efb11000 rw-p 00cc0000 08:03 11933188                   /usr/local/jdk/jdk1.8.0_91/jre/lib/amd64/server/libjvm.so
7f83efb11000-7f83efb5c000 rw-p 00000000 00:00 0 
7f83efb5c000-7f83efd17000 r-xp 00000000 08:03 2363406                    /lib/x86_64-linux-gnu/libc-2.19.so
7f83efd17000-7f83eff17000 ---p 001bb000 08:03 2363406                    /lib/x86_64-linux-gnu/libc-2.19.so
7f83eff17000-7f83eff1b000 r--p 001bb000 08:03 2363406                    /lib/x86_64-linux-gnu/libc-2.19.so
7f83eff1b000-7f83eff1d000 rw-p 001bf000 08:03 2363406                    /lib/x86_64-linux-gnu/libc-2.19.so
7f83eff1d000-7f83eff22000 rw-p 00000000 00:00 0 
7f83eff22000-7f83eff25000 r-xp 00000000 08:03 2363423                    /lib/x86_64-linux-gnu/libdl-2.19.so
7f83eff25000-7f83f0124000 ---p 00003000 08:03 2363423                    /lib/x86_64-linux-gnu/libdl-2.19.so
7f83f0124000-7f83f0125000 r--p 00002000 08:03 2363423                    /lib/x86_64-linux-gnu/libdl-2.19.so
7f83f0125000-7f83f0126000 rw-p 00003000 08:03 2363423                    /lib/x86_64-linux-gnu/libdl-2.19.so
7f83f0126000-7f83f013b000 r-xp 00000000 08:03 9311551                    /usr/local/jdk/jdk1.8.0_91/lib/amd64/jli/libjli.so
7f83f013b000-7f83f033b000 ---p 00015000 08:03 9311551                    /usr/local/jdk/jdk1.8.0_91/lib/amd64/jli/libjli.so
7f83f033b000-7f83f033c000 rw-p 00015000 08:03 9311551                    /usr/local/jdk/jdk1.8.0_91/lib/amd64/jli/libjli.so
7f83f033c000-7f83f0355000 r-xp 00000000 08:03 2363527                    /lib/x86_64-linux-gnu/libpthread-2.19.so
7f83f0355000-7f83f0554000 ---p 00019000 08:03 2363527                    /lib/x86_64-linux-gnu/libpthread-2.19.so
7f83f0554000-7f83f0555000 r--p 00018000 08:03 2363527                    /lib/x86_64-linux-gnu/libpthread-2.19.so
7f83f0555000-7f83f0556000 rw-p 00019000 08:03 2363527                    /lib/x86_64-linux-gnu/libpthread-2.19.so
7f83f0556000-7f83f055a000 rw-p 00000000 00:00 0 
7f83f055a000-7f83f057d000 r-xp 00000000 08:03 2363382                    /lib/x86_64-linux-gnu/ld-2.19.so
7f83f057d000-7f83f057e000 r--s 00006000 08:03 4853953                    /home/luis/netbeans-8.1/java/maven/lib/plexus-sec-dispatcher-1.3.jar
7f83f057e000-7f83f057f000 r--s 0000a000 08:03 4854014                    /home/luis/netbeans-8.1/java/maven/lib/maven-embedder-3.0.5.jar
7f83f057f000-7f83f0581000 r--s 0000b000 08:03 4854013                    /home/luis/netbeans-8.1/java/maven/lib/maven-artifact-3.0.5.jar
7f83f0581000-7f83f0583000 r--s 0000b000 08:03 4853998                    /home/luis/netbeans-8.1/java/maven/lib/wagon-provider-api-2.4.jar
7f83f0583000-7f83f0585000 r--s 0000c000 08:03 4853917                    /home/luis/netbeans-8.1/java/maven/lib/maven-aether-provider-3.0.5.jar
7f83f0585000-7f83f0587000 r--s 0000b000 08:03 4853999                    /home/luis/netbeans-8.1/java/maven/lib/maven-plugin-api-3.0.5.jar
7f83f0587000-7f83f058a000 r--s 00008000 08:03 4853899                    /home/luis/netbeans-8.1/java/maven/lib/maven-settings-builder-3.0.5.jar
7f83f058a000-7f83f058c000 r--s 00026000 08:03 4854032                    /home/luis/netbeans-8.1/java/maven/lib/maven-model-3.0.5.jar
7f83f058c000-7f83f0593000 r--s 0002b000 08:03 4853975                    /home/luis/netbeans-8.1/java/maven/lib/sisu-inject-plexus-2.3.0.jar
7f83f0593000-7f83f0595000 r--s 00006000 08:03 4853870                    /home/luis/netbeans-8.1/java/maven/lib/aether-connector-wagon-1.13.1.jar
7f83f0595000-7f83f0656000 rw-p 00000000 00:00 0 
7f83f0656000-7f83f0659000 ---p 00000000 00:00 0 
7f83f0659000-7f83f075b000 rw-p 00000000 00:00 0                          [stack:6523]
7f83f075b000-7f83f075c000 r--s 00002000 08:03 4854045                    /home/luis/netbeans-8.1/java/maven/lib/wagon-file-2.4.jar
7f83f075c000-7f83f075e000 r--s 00009000 08:03 4854043                    /home/luis/netbeans-8.1/java/maven/lib/commons-cli-1.2.jar
7f83f075e000-7f83f075f000 r--s 00003000 08:03 4854035                    /home/luis/netbeans-8.1/java/maven/lib/aether-spi-1.13.1.jar
7f83f075f000-7f83f0762000 r--s 0001d000 08:03 4854027                    /home/luis/netbeans-8.1/java/maven/lib/aether-impl-1.13.1.jar
7f83f0762000-7f83f076e000 r--s 0007d000 08:03 4854040                    /home/luis/netbeans-8.1/java/maven/lib/maven-core-3.0.5.jar
7f83f076e000-7f83f0770000 r--s 0000a000 08:03 4853988                    /home/luis/netbeans-8.1/java/maven/boot/plexus-classworlds-2.4.jar
7f83f0770000-7f83f0778000 rw-s 00000000 08:03 3671209                    /tmp/hsperfdata_luis/6520
7f83f0778000-7f83f0779000 rw-p 00000000 00:00 0 
7f83f0779000-7f83f077a000 ---p 00000000 00:00 0 
7f83f077a000-7f83f077c000 rw-p 00000000 00:00 0 
7f83f077c000-7f83f077d000 r--p 00022000 08:03 2363382                    /lib/x86_64-linux-gnu/ld-2.19.so
7f83f077d000-7f83f077e000 rw-p 00023000 08:03 2363382                    /lib/x86_64-linux-gnu/ld-2.19.so
7f83f077e000-7f83f077f000 rw-p 00000000 00:00 0 
7fff87095000-7fff870b6000 rw-p 00000000 00:00 0                          [stack]
7fff871be000-7fff871c0000 r-xp 00000000 00:00 0                          [vdso]
ffffffffff600000-ffffffffff601000 r-xp 00000000 00:00 0                  [vsyscall]

VM Arguments:
jvm_args: -Dclassworlds.conf=/home/luis/netbeans-8.1/java/maven/bin/m2.conf -Dmaven.home=/home/luis/netbeans-8.1/java/maven 
java_command: org.codehaus.plexus.classworlds.launcher.Launcher -Dmaven.ext.class.path=/home/luis/netbeans-8.1/java/maven-nblib/netbeans-eventspy.jar clean install
java_class_path (initial): /home/luis/netbeans-8.1/java/maven/boot/plexus-classworlds-2.4.jar
Launcher Type: SUN_STANDARD

Environment Variables:
JAVA_HOME=/usr/local/jdk/jdk1.8.0_91
PATH=/usr/local/sbin:/usr/local/bin:/usr/sbin:/usr/bin:/sbin:/bin:/usr/games:/usr/local/games:/home/luis/bin:/usr/local/jdk/jdk1.8.0_91/bin
USERNAME=luis
LD_LIBRARY_PATH=/usr/local/jdk/jdk1.8.0_91/jre/lib/amd64:/usr/local/jdk/jdk1.8.0_91/jre/lib/i386:
SHELL=/bin/bash
DISPLAY=:0.0

Signal Handlers:
SIGSEGV: [libjvm.so+0xabca10], sa_mask[0]=11111111011111111101111111111110, sa_flags=SA_RESTART|SA_SIGINFO
SIGBUS: [libjvm.so+0xabca10], sa_mask[0]=11111111011111111101111111111110, sa_flags=SA_RESTART|SA_SIGINFO
SIGFPE: [libjvm.so+0x919a20], sa_mask[0]=11111111011111111101111111111110, sa_flags=SA_RESTART|SA_SIGINFO
SIGPIPE: [libjvm.so+0x919a20], sa_mask[0]=11111111011111111101111111111110, sa_flags=SA_RESTART|SA_SIGINFO
SIGXFSZ: [libjvm.so+0x919a20], sa_mask[0]=11111111011111111101111111111110, sa_flags=SA_RESTART|SA_SIGINFO
SIGILL: [libjvm.so+0x919a20], sa_mask[0]=11111111011111111101111111111110, sa_flags=SA_RESTART|SA_SIGINFO
SIGUSR1: SIG_DFL, sa_mask[0]=00000000000000000000000000000000, sa_flags=none
SIGUSR2: [libjvm.so+0x91b050], sa_mask[0]=00100000000000000000000000000000, sa_flags=SA_RESTART|SA_SIGINFO
SIGHUP: [libjvm.so+0x91c450], sa_mask[0]=11111111011111111101111111111110, sa_flags=SA_RESTART|SA_SIGINFO
SIGINT: SIG_IGN, sa_mask[0]=00000000000000000000000000000000, sa_flags=none
SIGTERM: [libjvm.so+0x91c450], sa_mask[0]=11111111011111111101111111111110, sa_flags=SA_RESTART|SA_SIGINFO
SIGQUIT: [libjvm.so+0x91c450], sa_mask[0]=11111111011111111101111111111110, sa_flags=SA_RESTART|SA_SIGINFO


---------------  S Y S T E M  ---------------

OS:DISTRIB_ID=LinuxMint
DISTRIB_RELEASE=17.1
DISTRIB_CODENAME=rebecca
DISTRIB_DESCRIPTION="Linux Mint 17.1 Rebecca"

uname:Linux 3.13.0-37-generic #64-Ubuntu SMP Mon Sep 22 21:28:38 UTC 2014 x86_64
libc:glibc 2.19 NPTL 2.19 
rlimit: STACK 8192k, CORE 0k, NPROC 46885, NOFILE 4096, AS infinity
load average:15,93 4,34 1,76

/proc/meminfo:
MemTotal:        6032516 kB
MemFree:          116900 kB
Buffers:             564 kB
Cached:           329188 kB
SwapCached:        15936 kB
Active:          4559976 kB
Inactive:        1148736 kB
Active(anon):    4550980 kB
Inactive(anon):  1137900 kB
Active(file):       8996 kB
Inactive(file):    10836 kB
Unevictable:          16 kB
Mlocked:              16 kB
SwapTotal:        115708 kB
SwapFree:              0 kB
Dirty:               300 kB
Writeback:            16 kB
AnonPages:       5363532 kB
Mapped:           166308 kB
Shmem:            309436 kB
Slab:              65280 kB
SReclaimable:      28172 kB
SUnreclaim:        37108 kB
KernelStack:        6424 kB
PageTables:        52548 kB
NFS_Unstable:          0 kB
Bounce:                0 kB
WritebackTmp:          0 kB
CommitLimit:     3131964 kB
Committed_AS:   10171920 kB
VmallocTotal:   34359738367 kB
VmallocUsed:      355520 kB
VmallocChunk:   34359374336 kB
HardwareCorrupted:     0 kB
AnonHugePages:   3115008 kB
HugePages_Total:       0
HugePages_Free:        0
HugePages_Rsvd:        0
HugePages_Surp:        0
Hugepagesize:       2048 kB
DirectMap4k:       77772 kB
DirectMap2M:     1939456 kB
DirectMap1G:     4194304 kB


CPU:total 4 (2 cores per cpu, 2 threads per core) family 6 model 60 stepping 3, cmov, cx8, fxsr, mmx, sse, sse2, sse3, ssse3, sse4.1, sse4.2, popcnt, avx, avx2, aes, clmul, erms, lzcnt, ht, tsc, tscinvbit, bmi1, bmi2

/proc/cpuinfo:
processor	: 0
vendor_id	: GenuineIntel
cpu family	: 6
model		: 60
model name	: Intel(R) Core(TM) i3-4170 CPU @ 3.70GHz
stepping	: 3
microcode	: 0x19
cpu MHz		: 3700.000
cache size	: 3072 KB
physical id	: 0
siblings	: 4
core id		: 0
cpu cores	: 2
apicid		: 0
initial apicid	: 0
fpu		: yes
fpu_exception	: yes
cpuid level	: 13
wp		: yes
flags		: fpu vme de pse tsc msr pae mce cx8 apic sep mtrr pge mca cmov pat pse36 clflush dts acpi mmx fxsr sse sse2 ss ht tm pbe syscall nx pdpe1gb rdtscp lm constant_tsc arch_perfmon pebs bts rep_good nopl xtopology nonstop_tsc aperfmperf eagerfpu pni pclmulqdq dtes64 monitor ds_cpl vmx est tm2 ssse3 fma cx16 xtpr pdcm pcid sse4_1 sse4_2 movbe popcnt tsc_deadline_timer aes xsave avx f16c rdrand lahf_lm abm arat epb xsaveopt pln pts dtherm tpr_shadow vnmi flexpriority ept vpid fsgsbase tsc_adjust bmi1 avx2 smep bmi2 erms invpcid
bogomips	: 7391.00
clflush size	: 64
cache_alignment	: 64
address sizes	: 39 bits physical, 48 bits virtual
power management:

processor	: 1
vendor_id	: GenuineIntel
cpu family	: 6
model		: 60
model name	: Intel(R) Core(TM) i3-4170 CPU @ 3.70GHz
stepping	: 3
microcode	: 0x19
cpu MHz		: 3700.000
cache size	: 3072 KB
physical id	: 0
siblings	: 4
core id		: 1
cpu cores	: 2
apicid		: 2
initial apicid	: 2
fpu		: yes
fpu_exception	: yes
cpuid level	: 13
wp		: yes
flags		: fpu vme de pse tsc msr pae mce cx8 apic sep mtrr pge mca cmov pat pse36 clflush dts acpi mmx fxsr sse sse2 ss ht tm pbe syscall nx pdpe1gb rdtscp lm constant_tsc arch_perfmon pebs bts rep_good nopl xtopology nonstop_tsc aperfmperf eagerfpu pni pclmulqdq dtes64 monitor ds_cpl vmx est tm2 ssse3 fma cx16 xtpr pdcm pcid sse4_1 sse4_2 movbe popcnt tsc_deadline_timer aes xsave avx f16c rdrand lahf_lm abm arat epb xsaveopt pln pts dtherm tpr_shadow vnmi flexpriority ept vpid fsgsbase tsc_adjust bmi1 avx2 smep bmi2 erms invpcid
bogomips	: 7391.00
clflush size	: 64
cache_alignment	: 64
address sizes	: 39 bits physical, 48 bits virtual
power management:

processor	: 2
vendor_id	: GenuineIntel
cpu family	: 6
model		: 60
model name	: Intel(R) Core(TM) i3-4170 CPU @ 3.70GHz
stepping	: 3
microcode	: 0x19
cpu MHz		: 1600.000
cache size	: 3072 KB
physical id	: 0
siblings	: 4
core id		: 0
cpu cores	: 2
apicid		: 1
initial apicid	: 1
fpu		: yes
fpu_exception	: yes
cpuid level	: 13
wp		: yes
flags		: fpu vme de pse tsc msr pae mce cx8 apic sep mtrr pge mca cmov pat pse36 clflush dts acpi mmx fxsr sse sse2 ss ht tm pbe syscall nx pdpe1gb rdtscp lm constant_tsc arch_perfmon pebs bts rep_good nopl xtopology nonstop_tsc aperfmperf eagerfpu pni pclmulqdq dtes64 monitor ds_cpl vmx est tm2 ssse3 fma cx16 xtpr pdcm pcid sse4_1 sse4_2 movbe popcnt tsc_deadline_timer aes xsave avx f16c rdrand lahf_lm abm arat epb xsaveopt pln pts dtherm tpr_shadow vnmi flexpriority ept vpid fsgsbase tsc_adjust bmi1 avx2 smep bmi2 erms invpcid
bogomips	: 7391.00
clflush size	: 64
cache_alignment	: 64
address sizes	: 39 bits physical, 48 bits virtual
power management:

processor	: 3
vendor_id	: GenuineIntel
cpu family	: 6
model		: 60
model name	: Intel(R) Core(TM) i3-4170 CPU @ 3.70GHz
stepping	: 3
microcode	: 0x19
cpu MHz		: 1600.000
cache size	: 3072 KB
physical id	: 0
siblings	: 4
core id		: 1
cpu cores	: 2
apicid		: 3
initial apicid	: 3
fpu		: yes
fpu_exception	: yes
cpuid level	: 13
wp		: yes
flags		: fpu vme de pse tsc msr pae mce cx8 apic sep mtrr pge mca cmov pat pse36 clflush dts acpi mmx fxsr sse sse2 ss ht tm pbe syscall nx pdpe1gb rdtscp lm constant_tsc arch_perfmon pebs bts rep_good nopl xtopology nonstop_tsc aperfmperf eagerfpu pni pclmulqdq dtes64 monitor ds_cpl vmx est tm2 ssse3 fma cx16 xtpr pdcm pcid sse4_1 sse4_2 movbe popcnt tsc_deadline_timer aes xsave avx f16c rdrand lahf_lm abm arat epb xsaveopt pln pts dtherm tpr_shadow vnmi flexpriority ept vpid fsgsbase tsc_adjust bmi1 avx2 smep bmi2 erms invpcid
bogomips	: 7391.00
clflush size	: 64
cache_alignment	: 64
address sizes	: 39 bits physical, 48 bits virtual
power management:



Memory: 4k page, physical 6032516k(116900k free), swap 115708k(0k free)

vm_info: Java HotSpot(TM) 64-Bit Server VM (25.91-b14) for linux-amd64 JRE (1.8.0_91-b14), built on Apr  1 2016 00:57:21 by "java_re" with gcc 4.3.0 20080428 (Red Hat 4.3.0-8)

time: Thu Jun 23 13:56:34 2016
elapsed time: 55 seconds (0d 0h 0m 55s)

