#
# There is insufficient memory for the Java Runtime Environment to continue.
# Native memory allocation (mmap) failed to map 127926272 bytes for committing reserved memory.
# Possible reasons:
#   The system is out of physical RAM or swap space
#   In 32 bit mode, the process size limit was hit
# Possible solutions:
#   Reduce memory load on the system
#   Increase physical memory or swap space
#   Check if swap backing store is full
#   Use 64 bit Java on a 64 bit OS
#   Decrease Java heap size (-Xmx/-Xms)
#   Decrease number of Java threads
#   Decrease Java thread stack sizes (-Xss)
#   Set larger code cache with -XX:ReservedCodeCacheSize=
# This output file may be truncated or incomplete.
#
#  Out of Memory Error (os_linux.cpp:2627), pid=21265, tid=140062915663616
#
# JRE version: Java(TM) SE Runtime Environment (8.0_91-b14) (build 1.8.0_91-b14)
# Java VM: Java HotSpot(TM) 64-Bit Server VM (25.91-b14 mixed mode linux-amd64 compressed oops)
# Failed to write core dump. Core dumps have been disabled. To enable core dumping, try "ulimit -c unlimited" before starting Java again
#

---------------  T H R E A D  ---------------

Current thread (0x00007f6304073800):  VMThread [stack: 0x00007f62f0459000,0x00007f62f055a000] [id=21270]

Stack: [0x00007f62f0459000,0x00007f62f055a000],  sp=0x00007f62f0558140,  free space=1020k
Native frames: (J=compiled Java code, j=interpreted, Vv=VM code, C=native code)
V  [libjvm.so+0xabc18a]  VMError::report_and_die()+0x2ba
V  [libjvm.so+0x4fafeb]  report_vm_out_of_memory(char const*, int, unsigned long, VMErrorType, char const*)+0x8b
V  [libjvm.so+0x91cbb3]  os::Linux::commit_memory_impl(char*, unsigned long, bool)+0x103
V  [libjvm.so+0x91d109]  os::pd_commit_memory(char*, unsigned long, unsigned long, bool)+0x29
V  [libjvm.so+0x91740a]  os::commit_memory(char*, unsigned long, unsigned long, bool)+0x2a
V  [libjvm.so+0x98b033]  PSVirtualSpace::expand_by(unsigned long)+0x53
V  [libjvm.so+0x98c438]  PSYoungGen::resize_generation(unsigned long, unsigned long)+0xf8
V  [libjvm.so+0x98b592]  PSYoungGen::resize(unsigned long, unsigned long)+0x22
V  [libjvm.so+0x98886b]  PSScavenge::invoke_no_policy()+0xf3b
V  [libjvm.so+0x983b15]  PSParallelCompact::invoke(bool)+0x85
V  [libjvm.so+0x482104]  CollectedHeap::collect_as_vm_thread(GCCause::Cause)+0x114
V  [libjvm.so+0xabd601]  VM_CollectForMetadataAllocation::doit()+0x161
V  [libjvm.so+0xac55d5]  VM_Operation::evaluate()+0x55
V  [libjvm.so+0xac39aa]  VMThread::evaluate_operation(VM_Operation*)+0xba
V  [libjvm.so+0xac3d2e]  VMThread::loop()+0x1ce
V  [libjvm.so+0xac41a0]  VMThread::run()+0x70
V  [libjvm.so+0x91ef78]  java_start(Thread*)+0x108

VM_Operation (0x00007f62e3ac09a0): CollectForMetadataAllocation, mode: safepoint, requested by thread 0x00007f63040b7000


---------------  P R O C E S S  ---------------

Java Threads: ( => current thread )
  0x00007f6304556800 JavaThread "process reaper" daemon [_thread_blocked, id=21280, stack(0x00007f62e332f000,0x00007f62e3368000)]
  0x00007f63040c4000 JavaThread "Service Thread" daemon [_thread_blocked, id=21276, stack(0x00007f62e38c1000,0x00007f62e39c2000)]
  0x00007f63040b7000 JavaThread "C1 CompilerThread1" daemon [_thread_blocked, id=21275, stack(0x00007f62e39c2000,0x00007f62e3ac3000)]
  0x00007f63040b4000 JavaThread "C2 CompilerThread0" daemon [_thread_blocked, id=21274, stack(0x00007f62f0055000,0x00007f62f0156000)]
  0x00007f63040b2800 JavaThread "Signal Dispatcher" daemon [_thread_blocked, id=21273, stack(0x00007f62f0156000,0x00007f62f0257000)]
  0x00007f6304080000 JavaThread "Finalizer" daemon [_thread_blocked, id=21272, stack(0x00007f62f0257000,0x00007f62f0358000)]
  0x00007f630407b800 JavaThread "Reference Handler" daemon [_thread_blocked, id=21271, stack(0x00007f62f0358000,0x00007f62f0459000)]
  0x00007f630400a000 JavaThread "main" [_thread_blocked, id=21267, stack(0x00007f630bbad000,0x00007f630bcae000)]

Other Threads:
=>0x00007f6304073800 VMThread [stack: 0x00007f62f0459000,0x00007f62f055a000] [id=21270]
  0x00007f63040c7000 WatcherThread [stack: 0x00007f62e37c0000,0x00007f62e38c1000] [id=21277]

VM state:at safepoint (normal execution)

VM Mutex/Monitor currently owned by a thread:  ([mutex/lock_event])
[0x00007f63040061c0] Threads_lock - owner thread: 0x00007f6304073800
[0x00007f63040066c0] Heap_lock - owner thread: 0x00007f63040b7000
[0x00007f6304006c40] MethodData_lock - owner thread: 0x00007f63040b7000

Heap:
 PSYoungGen      total 118784K, used 9721K [0x00000000dc900000, 0x00000000e4800000, 0x0000000100000000)
  eden space 109056K, 0% used [0x00000000dc900000,0x00000000dc900000,0x00000000e3380000)
  from space 9728K, 99% used [0x00000000e3380000,0x00000000e3cfe460,0x00000000e3d00000)
  to   space 8192K, 0% used [0x00000000e3d00000,0x00000000e3d00000,0x00000000e4500000)
 ParOldGen       total 73728K, used 22544K [0x0000000095a00000, 0x000000009a200000, 0x00000000dc900000)
  object space 73728K, 30% used [0x0000000095a00000,0x0000000097004240,0x000000009a200000)
 Metaspace       used 20571K, capacity 21090K, committed 21296K, reserved 1069056K
  class space    used 2420K, capacity 2567K, committed 2688K, reserved 1048576K

Card table byte_map: [0x00007f630861c000,0x00007f6308970000] byte_map_base: 0x00007f630816f000

Marking Bits: (ParMarkBitMap*) 0x00007f630b086d60
 Begin Bits: [0x00007f62f1ad0000, 0x00007f62f3568000)
 End Bits:   [0x00007f62f3568000, 0x00007f62f5000000)

Polling page: 0x00007f630bcd0000

CodeCache: size=245760Kb used=12265Kb max_used=12265Kb free=233494Kb
 bounds [0x00007f62f5000000, 0x00007f62f5c10000, 0x00007f6304000000]
 total_blobs=4173 nmethods=3808 adapters=278
 compilation: enabled

Compilation events (10 events):
Event: 6,301 Thread 0x00007f63040b7000 nmethod 3797 0x00007f62f5c005d0 code [0x00007f62f5c00740, 0x00007f62f5c009c8]
Event: 6,301 Thread 0x00007f63040b7000 3828       3       com.sun.tools.javac.code.Types$SimpleVisitor::<init> (5 bytes)
Event: 6,302 Thread 0x00007f63040b7000 nmethod 3828 0x00007f62f5c00a90 code [0x00007f62f5c00c00, 0x00007f62f5c00e10]
Event: 6,302 Thread 0x00007f63040b7000 3816       3       com.sun.tools.javac.code.Type$ClassType::constType (24 bytes)
Event: 6,302 Thread 0x00007f63040b7000 nmethod 3816 0x00007f62f5c00f10 code [0x00007f62f5c010a0, 0x00007f62f5c01418]
Event: 6,302 Thread 0x00007f63040b7000 3817       3       com.sun.tools.javac.code.Type$ClassType$1::<init> (20 bytes)
Event: 6,306 Thread 0x00007f63040b7000 nmethod 3817 0x00007f62f5c01550 code [0x00007f62f5c016c0, 0x00007f62f5c01888]
Event: 6,306 Thread 0x00007f63040b7000 3835       1       com.sun.tools.javac.comp.Flow::access$202 (7 bytes)
Event: 6,306 Thread 0x00007f63040b7000 nmethod 3835 0x00007f62f5c01950 code [0x00007f62f5c01aa0, 0x00007f62f5c01bb0]
Event: 6,306 Thread 0x00007f63040b7000 3836       3       com.sun.tools.javac.comp.Flow$CaptureAnalyzer::visitIdent (24 bytes)

GC Heap History (10 events):
Event: 1,702 GC heap after
Heap after GC invocations=2 (full 0):
 PSYoungGen      total 32256K, used 4578K [0x00000000dc900000, 0x00000000e0800000, 0x0000000100000000)
  eden space 27648K, 0% used [0x00000000dc900000,0x00000000dc900000,0x00000000de400000)
  from space 4608K, 99% used [0x00000000de880000,0x00000000decf8ba0,0x00000000ded00000)
  to   space 4608K, 0% used [0x00000000de400000,0x00000000de400000,0x00000000de880000)
 ParOldGen       total 73728K, used 1244K [0x0000000095a00000, 0x000000009a200000, 0x00000000dc900000)
  object space 73728K, 1% used [0x0000000095a00000,0x0000000095b37340,0x000000009a200000)
 Metaspace       used 11552K, capacity 11840K, committed 12160K, reserved 1060864K
  class space    used 1453K, capacity 1555K, committed 1664K, reserved 1048576K
}
Event: 2,309 GC heap before
{Heap before GC invocations=3 (full 0):
 PSYoungGen      total 32256K, used 32226K [0x00000000dc900000, 0x00000000e0800000, 0x0000000100000000)
  eden space 27648K, 100% used [0x00000000dc900000,0x00000000de400000,0x00000000de400000)
  from space 4608K, 99% used [0x00000000de880000,0x00000000decf8ba0,0x00000000ded00000)
  to   space 4608K, 0% used [0x00000000de400000,0x00000000de400000,0x00000000de880000)
 ParOldGen       total 73728K, used 1244K [0x0000000095a00000, 0x000000009a200000, 0x00000000dc900000)
  object space 73728K, 1% used [0x0000000095a00000,0x0000000095b37340,0x000000009a200000)
 Metaspace       used 13254K, capacity 13552K, committed 13824K, reserved 1060864K
  class space    used 1617K, capacity 1698K, committed 1792K, reserved 1048576K
Event: 2,329 GC heap after
Heap after GC invocations=3 (full 0):
 PSYoungGen      total 32256K, used 4592K [0x00000000dc900000, 0x00000000e0800000, 0x0000000100000000)
  eden space 27648K, 0% used [0x00000000dc900000,0x00000000dc900000,0x00000000de400000)
  from space 4608K, 99% used [0x00000000de400000,0x00000000de87c030,0x00000000de880000)
  to   space 4608K, 0% used [0x00000000e0380000,0x00000000e0380000,0x00000000e0800000)
 ParOldGen       total 73728K, used 2724K [0x0000000095a00000, 0x000000009a200000, 0x00000000dc900000)
  object space 73728K, 3% used [0x0000000095a00000,0x0000000095ca93d0,0x000000009a200000)
 Metaspace       used 13254K, capacity 13552K, committed 13824K, reserved 1060864K
  class space    used 1617K, capacity 1698K, committed 1792K, reserved 1048576K
}
Event: 2,872 GC heap before
{Heap before GC invocations=4 (full 0):
 PSYoungGen      total 32256K, used 32240K [0x00000000dc900000, 0x00000000e0800000, 0x0000000100000000)
  eden space 27648K, 100% used [0x00000000dc900000,0x00000000de400000,0x00000000de400000)
  from space 4608K, 99% used [0x00000000de400000,0x00000000de87c030,0x00000000de880000)
  to   space 4608K, 0% used [0x00000000e0380000,0x00000000e0380000,0x00000000e0800000)
 ParOldGen       total 73728K, used 2724K [0x0000000095a00000, 0x000000009a200000, 0x00000000dc900000)
  object space 73728K, 3% used [0x0000000095a00000,0x0000000095ca93d0,0x000000009a200000)
 Metaspace       used 13560K, capacity 13934K, committed 14080K, reserved 1060864K
  class space    used 1642K, capacity 1735K, committed 1792K, reserved 1048576K
Event: 2,886 GC heap after
Heap after GC invocations=4 (full 0):
 PSYoungGen      total 59904K, used 4576K [0x00000000dc900000, 0x00000000e0800000, 0x0000000100000000)
  eden space 55296K, 0% used [0x00000000dc900000,0x00000000dc900000,0x00000000dff00000)
  from space 4608K, 99% used [0x00000000e0380000,0x00000000e07f8020,0x00000000e0800000)
  to   space 4608K, 0% used [0x00000000dff00000,0x00000000dff00000,0x00000000e0380000)
 ParOldGen       total 73728K, used 3828K [0x0000000095a00000, 0x000000009a200000, 0x00000000dc900000)
  object space 73728K, 5% used [0x0000000095a00000,0x0000000095dbd108,0x000000009a200000)
 Metaspace       used 13560K, capacity 13934K, committed 14080K, reserved 1060864K
  class space    used 1642K, capacity 1735K, committed 1792K, reserved 1048576K
}
Event: 3,805 GC heap before
{Heap before GC invocations=5 (full 0):
 PSYoungGen      total 59904K, used 59872K [0x00000000dc900000, 0x00000000e0800000, 0x0000000100000000)
  eden space 55296K, 100% used [0x00000000dc900000,0x00000000dff00000,0x00000000dff00000)
  from space 4608K, 99% used [0x00000000e0380000,0x00000000e07f8020,0x00000000e0800000)
  to   space 4608K, 0% used [0x00000000dff00000,0x00000000dff00000,0x00000000e0380000)
 ParOldGen       total 73728K, used 3828K [0x0000000095a00000, 0x000000009a200000, 0x00000000dc900000)
  object space 73728K, 5% used [0x0000000095a00000,0x0000000095dbd108,0x000000009a200000)
 Metaspace       used 14816K, capacity 15342K, committed 15488K, reserved 1062912K
  class space    used 1752K, capacity 1887K, committed 1920K, reserved 1048576K
Event: 3,817 GC heap after
Heap after GC invocations=5 (full 0):
 PSYoungGen      total 59904K, used 4592K [0x00000000dc900000, 0x00000000e4500000, 0x0000000100000000)
  eden space 55296K, 0% used [0x00000000dc900000,0x00000000dc900000,0x00000000dff00000)
  from space 4608K, 99% used [0x00000000dff00000,0x00000000e037c010,0x00000000e0380000)
  to   space 8192K, 0% used [0x00000000e3d00000,0x00000000e3d00000,0x00000000e4500000)
 ParOldGen       total 73728K, used 6741K [0x0000000095a00000, 0x000000009a200000, 0x00000000dc900000)
  object space 73728K, 9% used [0x0000000095a00000,0x0000000096095628,0x000000009a200000)
 Metaspace       used 14816K, capacity 15342K, committed 15488K, reserved 1062912K
  class space    used 1752K, capacity 1887K, committed 1920K, reserved 1048576K
}
Event: 4,858 GC heap before
{Heap before GC invocations=6 (full 0):
 PSYoungGen      total 59904K, used 59888K [0x00000000dc900000, 0x00000000e4500000, 0x0000000100000000)
  eden space 55296K, 100% used [0x00000000dc900000,0x00000000dff00000,0x00000000dff00000)
  from space 4608K, 99% used [0x00000000dff00000,0x00000000e037c010,0x00000000e0380000)
  to   space 8192K, 0% used [0x00000000e3d00000,0x00000000e3d00000,0x00000000e4500000)
 ParOldGen       total 73728K, used 6741K [0x0000000095a00000, 0x000000009a200000, 0x00000000dc900000)
  object space 73728K, 9% used [0x0000000095a00000,0x0000000096095628,0x000000009a200000)
 Metaspace       used 18434K, capacity 19010K, committed 19072K, reserved 1067008K
  class space    used 2256K, capacity 2407K, committed 2432K, reserved 1048576K
Event: 4,877 GC heap after
Heap after GC invocations=6 (full 0):
 PSYoungGen      total 117248K, used 8160K [0x00000000dc900000, 0x00000000e4800000, 0x0000000100000000)
  eden space 109056K, 0% used [0x00000000dc900000,0x00000000dc900000,0x00000000e3380000)
  from space 8192K, 99% used [0x00000000e3d00000,0x00000000e44f8168,0x00000000e4500000)
  to   space 9728K, 0% used [0x00000000e3380000,0x00000000e3380000,0x00000000e3d00000)
 ParOldGen       total 73728K, used 7531K [0x0000000095a00000, 0x000000009a200000, 0x00000000dc900000)
  object space 73728K, 10% used [0x0000000095a00000,0x000000009615acb8,0x000000009a200000)
 Metaspace       used 18434K, capacity 19010K, committed 19072K, reserved 1067008K
  class space    used 2256K, capacity 2407K, committed 2432K, reserved 1048576K
}
Event: 6,307 GC heap before
{Heap before GC invocations=7 (full 0):
 PSYoungGen      total 117248K, used 88596K [0x00000000dc900000, 0x00000000e4800000, 0x0000000100000000)
  eden space 109056K, 73% used [0x00000000dc900000,0x00000000e178d1d8,0x00000000e3380000)
  from space 8192K, 99% used [0x00000000e3d00000,0x00000000e44f8168,0x00000000e4500000)
  to   space 9728K, 0% used [0x00000000e3380000,0x00000000e3380000,0x00000000e3d00000)
 ParOldGen       total 73728K, used 7531K [0x0000000095a00000, 0x000000009a200000, 0x00000000dc900000)
  object space 73728K, 10% used [0x0000000095a00000,0x000000009615acb8,0x000000009a200000)
 Metaspace       used 20571K, capacity 21090K, committed 21296K, reserved 1069056K
  class space    used 2420K, capacity 2567K, committed 2688K, reserved 1048576K

Deoptimization events (10 events):
Event: 6,228 Thread 0x00007f630400a000 Uncommon trap: reason=bimorphic action=maybe_recompile pc=0x00007f62f5b33e70 method=com.sun.tools.javac.code.Type$ClassType.isErroneous()Z @ 1
Event: 6,228 Thread 0x00007f630400a000 Uncommon trap: reason=class_check action=maybe_recompile pc=0x00007f62f5b11598 method=com.sun.tools.javac.code.Types$UnaryVisitor.visit(Lcom/sun/tools/javac/code/Type;)Ljava/lang/Object; @ 3
Event: 6,282 Thread 0x00007f630400a000 Uncommon trap: reason=bimorphic action=maybe_recompile pc=0x00007f62f5be0850 method=com.sun.tools.javac.code.Types$18.visitClassType(Lcom/sun/tools/javac/code/Type$ClassType;Ljava/lang/Void;)Lcom/sun/tools/javac/code/Type; @ 19
Event: 6,282 Thread 0x00007f630400a000 Uncommon trap: reason=bimorphic action=maybe_recompile pc=0x00007f62f5be0850 method=com.sun.tools.javac.code.Types$18.visitClassType(Lcom/sun/tools/javac/code/Type$ClassType;Ljava/lang/Void;)Lcom/sun/tools/javac/code/Type; @ 19
Event: 6,282 Thread 0x00007f630400a000 Uncommon trap: reason=bimorphic action=maybe_recompile pc=0x00007f62f5be0850 method=com.sun.tools.javac.code.Types$18.visitClassType(Lcom/sun/tools/javac/code/Type$ClassType;Ljava/lang/Void;)Lcom/sun/tools/javac/code/Type; @ 19
Event: 6,282 Thread 0x00007f630400a000 Uncommon trap: reason=bimorphic action=maybe_recompile pc=0x00007f62f5bbe790 method=com.sun.tools.javac.code.Types$19.visitClassType(Lcom/sun/tools/javac/code/Type$ClassType;Ljava/lang/Void;)Lcom/sun/tools/javac/util/List; @ 46
Event: 6,282 Thread 0x00007f630400a000 Uncommon trap: reason=bimorphic action=maybe_recompile pc=0x00007f62f5bbe790 method=com.sun.tools.javac.code.Types$19.visitClassType(Lcom/sun/tools/javac/code/Type$ClassType;Ljava/lang/Void;)Lcom/sun/tools/javac/util/List; @ 46
Event: 6,282 Thread 0x00007f630400a000 Uncommon trap: reason=bimorphic action=maybe_recompile pc=0x00007f62f5be0850 method=com.sun.tools.javac.code.Types$18.visitClassType(Lcom/sun/tools/javac/code/Type$ClassType;Ljava/lang/Void;)Lcom/sun/tools/javac/code/Type; @ 19
Event: 6,282 Thread 0x00007f630400a000 Uncommon trap: reason=bimorphic action=maybe_recompile pc=0x00007f62f5bbe790 method=com.sun.tools.javac.code.Types$19.visitClassType(Lcom/sun/tools/javac/code/Type$ClassType;Ljava/lang/Void;)Lcom/sun/tools/javac/util/List; @ 46
Event: 6,282 Thread 0x00007f630400a000 Uncommon trap: reason=bimorphic action=maybe_recompile pc=0x00007f62f5bbe790 method=com.sun.tools.javac.code.Types$19.visitClassType(Lcom/sun/tools/javac/code/Type$ClassType;Ljava/lang/Void;)Lcom/sun/tools/javac/util/List; @ 46

Internal exceptions (10 events):
Event: 1,655 Thread 0x00007f630400a000 Exception <a 'java/lang/NoSuchFieldError': method resolution failed> (0x00000000de293e48) thrown at [/HUDSON/workspace/8-2-build-linux-amd64/jdk8u91/6644/hotspot/src/share/vm/prims/methodHandles.cpp, line 1146]
Event: 1,902 Thread 0x00007f630400a000 Implicit null exception at 0x00007f62f5391075 to 0x00007f62f5391259
Event: 1,902 Thread 0x00007f630400a000 Implicit null exception at 0x00007f62f52a7f6f to 0x00007f62f52a7fd9
Event: 2,924 Thread 0x00007f630400a000 Exception <a 'java/lang/NoClassDefFoundError': org/slf4j/Logger> (0x00000000dcaeb1a0) thrown at [/HUDSON/workspace/8-2-build-linux-amd64/jdk8u91/6644/hotspot/src/share/vm/oops/constantPool.cpp, line 235]
Event: 3,162 Thread 0x00007f630400a000 Exception <a 'java/lang/NoClassDefFoundError': org/slf4j/Logger> (0x00000000ddae6af0) thrown at [/HUDSON/workspace/8-2-build-linux-amd64/jdk8u91/6644/hotspot/src/share/vm/oops/constantPool.cpp, line 235]
Event: 3,406 Thread 0x00007f630400a000 Implicit null exception at 0x00007f62f56ebb3e to 0x00007f62f56ebe59
Event: 3,744 Thread 0x00007f630400a000 Exception <a 'java/lang/NoClassDefFoundError': org/slf4j/Logger> (0x00000000dfbdd758) thrown at [/HUDSON/workspace/8-2-build-linux-amd64/jdk8u91/6644/hotspot/src/share/vm/oops/constantPool.cpp, line 235]
Event: 3,837 Thread 0x00007f630400a000 Exception <a 'java/lang/ClassNotFoundException': com/sun/tools/javac/api/JavacTool> (0x00000000dc92dbf0) thrown at [/HUDSON/workspace/8-2-build-linux-amd64/jdk8u91/6644/hotspot/src/share/vm/classfile/systemDictionary.cpp, line 210]
Event: 5,367 Thread 0x00007f630400a000 Exception <a 'java/io/FileNotFoundException'> (0x00000000dd728fc8) thrown at [/HUDSON/workspace/8-2-build-linux-amd64/jdk8u91/6644/hotspot/src/share/vm/prims/jni.cpp, line 709]
Event: 5,407 Thread 0x00007f630400a000 Exception <a 'java/io/FileNotFoundException'> (0x00000000dd75db28) thrown at [/HUDSON/workspace/8-2-build-linux-amd64/jdk8u91/6644/hotspot/src/share/vm/prims/jni.cpp, line 709]

Events (10 events):
Event: 6,282 Thread 0x00007f630400a000 DEOPT UNPACKING pc=0x00007f62f5005229 sp=0x00007f630bca92a8 mode 2
Event: 6,282 Thread 0x00007f630400a000 Uncommon trap: trap_request=0xffffffc6 fr.pc=0x00007f62f5bbe790
Event: 6,282 Thread 0x00007f630400a000 DEOPT PACKING pc=0x00007f62f5bbe790 sp=0x00007f630bca9200
Event: 6,282 Thread 0x00007f630400a000 DEOPT UNPACKING pc=0x00007f62f5005229 sp=0x00007f630bca9150 mode 2
Event: 6,282 Thread 0x00007f630400a000 Uncommon trap: trap_request=0xffffffc6 fr.pc=0x00007f62f5bbe790
Event: 6,282 Thread 0x00007f630400a000 DEOPT PACKING pc=0x00007f62f5bbe790 sp=0x00007f630bca9310
Event: 6,282 Thread 0x00007f630400a000 DEOPT UNPACKING pc=0x00007f62f5005229 sp=0x00007f630bca9260 mode 2
Event: 6,300 Executing VM operation: ForceSafepoint
Event: 6,300 Executing VM operation: ForceSafepoint done
Event: 6,306 Executing VM operation: CollectForMetadataAllocation


Dynamic libraries:
00400000-00401000 r-xp 00000000 08:01 6555299                            /usr/local/jdk/jdk1.8.0_91/bin/java
00600000-00601000 rw-p 00000000 08:01 6555299                            /usr/local/jdk/jdk1.8.0_91/bin/java
00d55000-00d76000 rw-p 00000000 00:00 0                                  [heap]
95a00000-9a200000 rw-p 00000000 00:00 0 
9a200000-dc900000 ---p 00000000 00:00 0 
dc900000-e4800000 rw-p 00000000 00:00 0 
ec200000-100000000 ---p 00000000 00:00 0 
100000000-1002a0000 rw-p 00000000 00:00 0 
1002a0000-140000000 ---p 00000000 00:00 0 
7f62c0000000-7f62c0021000 rw-p 00000000 00:00 0 
7f62c0021000-7f62c4000000 ---p 00000000 00:00 0 
7f62c4000000-7f62c4021000 rw-p 00000000 00:00 0 
7f62c4021000-7f62c8000000 ---p 00000000 00:00 0 
7f62c8000000-7f62c90fe000 rw-p 00000000 00:00 0 
7f62c90fe000-7f62cc000000 ---p 00000000 00:00 0 
7f62cc000000-7f62cc021000 rw-p 00000000 00:00 0 
7f62cc021000-7f62d0000000 ---p 00000000 00:00 0 
7f62d0000000-7f62d0021000 rw-p 00000000 00:00 0 
7f62d0021000-7f62d4000000 ---p 00000000 00:00 0 
7f62d4000000-7f62d58cc000 rw-p 00000000 00:00 0 
7f62d58cc000-7f62d8000000 ---p 00000000 00:00 0 
7f62d8000000-7f62d8021000 rw-p 00000000 00:00 0 
7f62d8021000-7f62dc000000 ---p 00000000 00:00 0 
7f62dc000000-7f62dc021000 rw-p 00000000 00:00 0 
7f62dc021000-7f62e0000000 ---p 00000000 00:00 0 
7f62e2276000-7f62e22a3000 rw-p 00000000 00:00 0 
7f62e22a3000-7f62e2477000 ---p 00000000 00:00 0 
7f62e2477000-7f62e247e000 r--s 00000000 08:01 8914178                    /usr/lib/x86_64-linux-gnu/gconv/gconv-modules.cache
7f62e247e000-7f62e24a4000 r--p 00000000 08:01 6557553                    /usr/share/locale-langpack/es/LC_MESSAGES/libc.mo
7f62e24a4000-7f62e24a6000 r--s 00007000 08:01 10486711                   /home/luis/.m2/repository/com/fasterxml/jackson/core/jackson-annotations/2.1.4/jackson-annotations-2.1.4.jar
7f62e24a6000-7f62e24b7000 r--s 000d2000 08:01 10486688                   /home/luis/.m2/repository/com/fasterxml/jackson/core/jackson-databind/2.1.4/jackson-databind-2.1.4.jar
7f62e24b7000-7f62e24bb000 r--s 0002f000 08:01 10486701                   /home/luis/.m2/repository/com/fasterxml/jackson/core/jackson-core/2.1.4/jackson-core-2.1.4.jar
7f62e24bb000-7f62e24cb000 r--s 000c4000 08:01 10749625                   /home/luis/.m2/repository/org/codehaus/castor/castor/1.2/castor-1.2.jar
7f62e24cb000-7f62e24ef000 r--s 00341000 08:01 10487086                   /home/luis/.m2/repository/eclipse/jdtcore/3.1.0/jdtcore-3.1.0.jar
7f62e24ef000-7f62e24f7000 r--s 00028000 08:01 10879751                   /home/luis/.m2/repository/xml-apis/xml-apis/1.3.02/xml-apis-1.3.02.jar
7f62e24f7000-7f62e2507000 r--s 0013f000 08:01 10879815                   /home/luis/.m2/repository/jfree/jfreechart/1.0.12/jfreechart-1.0.12.jar
7f62e2507000-7f62e250d000 r--s 00046000 08:01 10879808                   /home/luis/.m2/repository/jfree/jcommon/1.0.15/jcommon-1.0.15.jar
7f62e250d000-7f62e2511000 r--s 0002b000 08:01 10618796                   /home/luis/.m2/repository/org/bouncycastle/bcmail-jdk14/1.38/bcmail-jdk14-1.38.jar
7f62e2511000-7f62e2532000 r--s 0015a000 08:01 10618806                   /home/luis/.m2/repository/org/bouncycastle/bcprov-jdk14/1.38/bcprov-jdk14-1.38.jar
7f62e2532000-7f62e2533000 r--s 00005000 08:01 10618789                   /home/luis/.m2/repository/org/bouncycastle/bctsp-jdk14/1.38/bctsp-jdk14-1.38.jar
7f62e2533000-7f62e2554000 r--s 0015a000 08:01 10486145                   /home/luis/.m2/repository/bouncycastle/bcprov-jdk14/138/bcprov-jdk14-138.jar
7f62e2554000-7f62e2558000 r--s 0002b000 08:01 10486138                   /home/luis/.m2/repository/bouncycastle/bcmail-jdk14/138/bcmail-jdk14-138.jar
7f62e2558000-7f62e2565000 r--s 00108000 08:01 10486741                   /home/luis/.m2/repository/com/lowagie/itext/2.1.7.js2/itext-2.1.7.js2.jar
7f62e2565000-7f62e2567000 r--s 0000d000 08:01 10879887                   /home/luis/.m2/repository/commons-logging/commons-logging/1.1.1/commons-logging-1.1.1.jar
7f62e2567000-7f62e256d000 r--s 0002b000 08:01 10487036                   /home/luis/.m2/repository/commons-digester/commons-digester/2.1/commons-digester-2.1.jar
7f62e256d000-7f62e2573000 r--s 00023000 08:01 10879961                   /home/luis/.m2/repository/commons-collections/commons-collections/2.1/commons-collections-2.1.jar
7f62e2573000-7f62e2578000 r--s 00034000 08:01 10486942                   /home/luis/.m2/repository/commons-beanutils/commons-beanutils/1.8.0/commons-beanutils-1.8.0.jar
7f62e2578000-7f62e25ca000 r--s 00421000 08:01 10487213                   /home/luis/.m2/repository/net/sf/jasperreports/jasperreports/5.5.0/jasperreports-5.5.0.jar
7f62e25ca000-7f62e25cc000 r--s 0025c000 08:01 10490557                   /home/luis/.m2/repository/net/sf/jasperreports/jasperreports-fonts/6.0.0/jasperreports-fonts-6.0.0.jar
7f62e25cc000-7f62e25d6000 r--s 0005c000 08:01 10486230                   /home/luis/.m2/repository/javax/servlet/jstl/1.2/jstl-1.2.jar
7f62e25d6000-7f62e25ea000 r--s 0013a000 08:01 10748764                   /home/luis/.m2/repository/org/primefaces/themes/all-themes/1.0.10/all-themes-1.0.10.jar
7f62e25ea000-7f62e25f7000 r--s 0015c000 08:01 10748661                   /home/luis/.m2/repository/org/primefaces/extensions/primefaces-extensions/4.0.0/primefaces-extensions-4.0.0.jar
7f62e25f7000-7f62e2623000 r--s 00318000 08:01 10748789                   /home/luis/.m2/repository/org/primefaces/primefaces/5.3/primefaces-5.3.jar
7f62e2623000-7f62e2645000 r--s 001bb000 08:01 10618685                   /home/luis/.m2/repository/org/apache/poi/poi/3.10-FINAL/poi-3.10-FINAL.jar
7f62e2645000-7f62e26a3000 r--s 004aa000 08:01 10748932                   /home/luis/.m2/repository/org/hibernate/hibernate-core/4.3.8.Final/hibernate-core-4.3.8.Final.jar
7f62e26a3000-7f62e28a3000 rw-p 00000000 00:00 0 
7f62e28a3000-7f62e2aa3000 rw-p 00000000 00:00 0 
7f62e2aa3000-7f62e2aa7000 r--s 00033000 08:01 10879404                   /home/luis/.m2/repository/org/codehaus/plexus/plexus-utils/2.0.5/plexus-utils-2.0.5.jar
7f62e2aa7000-7f62e2ca7000 rw-p 00000000 00:00 0 
7f62e2ca7000-7f62e2ca8000 r--s 00005000 08:01 10617423                   /home/luis/.m2/repository/org/apache/maven/plugins/maven-clean-plugin/2.4.1/maven-clean-plugin-2.4.1.jar
7f62e2ca8000-7f62e2cad000 r--s 0002a000 08:01 10486604                   /home/luis/.m2/repository/com/google/code/gson/gson/2.2.4/gson-2.2.4.jar
7f62e2cad000-7f62e2cb0000 r--s 00015000 08:01 10486258                   /home/luis/.m2/repository/javax/servlet/javax.servlet-api/3.1.0/javax.servlet-api-3.1.0.jar
7f62e2cb0000-7f62e2cb5000 r--s 00046000 08:01 10618655                   /home/luis/.m2/repository/org/apache/commons/commons-lang3/3.0/commons-lang3-3.0.jar
7f62e2cb5000-7f62e2cb7000 r--s 00010000 08:01 10486982                   /home/luis/.m2/repository/commons-codec/commons-codec/1.5/commons-codec-1.5.jar
7f62e2cb7000-7f62e2cbe000 r--s 00088000 08:01 10486467                   /home/luis/.m2/repository/com/microsoft/sqlserver/sqljdbc/4-4.0.2206.100/sqljdbc-4-4.0.2206.100.jar
7f62e2cbe000-7f62e2ccc000 r--s 00091000 08:01 10748891                   /home/luis/.m2/repository/org/hibernate/hibernate-entitymanager/4.3.8.Final/hibernate-entitymanager-4.3.8.Final.jar
7f62e2ccc000-7f62e2cd1000 r--s 00068000 08:01 10879973                   /home/luis/.m2/repository/antlr/antlr/2.7.7/antlr-2.7.7.jar
7f62e2cd1000-7f62e2cdb000 r--s 000a5000 08:01 10749332                   /home/luis/.m2/repository/org/javassist/javassist/3.18.1-GA/javassist-3.18.1-GA.jar
7f62e2cdb000-7f62e2ce0000 r--s 00017000 08:01 10748872                   /home/luis/.m2/repository/org/hibernate/javax/persistence/hibernate-jpa-2.1-api/1.0.0.Final/hibernate-jpa-2.1-api-1.0.0.Final.jar
7f62e2ce0000-7f62e2ce3000 r--s 00010000 08:01 10748943                   /home/luis/.m2/repository/org/hibernate/common/hibernate-commons-annotations/4.0.5.Final/hibernate-commons-annotations-4.0.5.Final.jar
7f62e2ce3000-7f62e2ce4000 r--s 00006000 08:01 10748149                   /home/luis/.m2/repository/org/jboss/spec/javax/transaction/jboss-transaction-api_1.2_spec/1.0.0.Final/jboss-transaction-api_1.2_spec-1.0.0.Final.jar
7f62e2ce4000-7f62e2ce5000 r--s 00002000 08:01 10748257                   /home/luis/.m2/repository/org/jboss/logging/jboss-logging-annotations/1.2.0.Beta1/jboss-logging-annotations-1.2.0.Beta1.jar
7f62e2ce5000-7f62e2ce7000 r--s 0000d000 08:01 10486667                   /home/luis/.m2/repository/com/fasterxml/classmate/1.0.0/classmate-1.0.0.jar
7f62e2ce7000-7f62e2ce9000 r--s 0000c000 08:01 10748241                   /home/luis/.m2/repository/org/jboss/logging/jboss-logging/3.1.3.GA/jboss-logging-3.1.3.GA.jar
7f62e2ce9000-7f62e2ced000 r--s 0000c000 08:01 10486380                   /home/luis/.m2/repository/javax/validation/validation-api/1.1.0.Final/validation-api-1.1.0.Final.jar
7f62e2ced000-7f62e2cfb000 r--s 0008d000 08:01 10748918                   /home/luis/.m2/repository/org/hibernate/hibernate-validator/5.1.3.Final/hibernate-validator-5.1.3.Final.jar
7f62e2cfb000-7f62e2d24000 r--s 002d4000 08:01 10748506                   /home/luis/.m2/repository/org/glassfish/javax.faces/2.2.10/javax.faces-2.2.10.jar
7f62e2d24000-7f62e2d26000 r--s 00012000 08:01 10748283                   /home/luis/.m2/repository/org/jboss/jandex/1.2.3.Final/jandex-1.2.3.Final.jar
7f62e2d26000-7f62e2d75000 r--s 00378000 08:01 10747980                   /home/luis/.m2/repository/org/jboss/weld/servlet/weld-servlet/2.2.11.Final/weld-servlet-2.2.11.Final.jar
7f62e2d75000-7f62e2d82000 r--s 0009c000 08:01 10486211                   /home/luis/.m2/repository/javax/faces/javax.faces-api/2.2/javax.faces-api-2.2.jar
7f62e2d82000-7f62e2d87000 r--s 00048000 08:01 10486967                   /home/luis/.m2/repository/dom4j/dom4j/1.6.1/dom4j-1.6.1.jar
7f62e2d87000-7f62e2d89000 r--s 00005000 08:01 10487339                   /home/luis/.m2/repository/org/apache/geronimo/specs/geronimo-stax-api_1.0_spec/1.0/geronimo-stax-api_1.0_spec-1.0.jar
7f62e2d89000-7f62e2d8b000 r--s 00005000 08:01 10880017                   /home/luis/.m2/repository/stax/stax-api/1.0.1/stax-api-1.0.1.jar
7f62e2d8b000-7f62e2dc8000 r--s 0024f000 08:01 10618676                   /home/luis/.m2/repository/org/apache/xmlbeans/xmlbeans/2.3.0/xmlbeans-2.3.0.jar
7f62e2dc8000-7f62e2e47000 r--s 0034a000 08:01 10618705                   /home/luis/.m2/repository/org/apache/poi/poi-ooxml-schemas/3.7/poi-ooxml-schemas-3.7.jar
7f62e2e47000-7f62e2e4e000 r--s 00073000 08:01 10618712                   /home/luis/.m2/repository/org/apache/poi/poi-ooxml/3.7/poi-ooxml-3.7.jar
7f62e2e4e000-7f62e2ec7000 r--s 010e3000 08:01 6554358                    /usr/local/jdk/jdk1.8.0_91/lib/tools.jar
7f62e2ec7000-7f62e2eca000 r--s 0001b000 08:01 10485976                   /home/luis/.m2/repository/junit/junit/3.8.2/junit-3.8.2.jar
7f62e2eca000-7f62e2ed8000 r--s 0008f000 08:01 10486474                   /home/luis/.m2/repository/com/google/collections/google-collections/1.0/google-collections-1.0.jar
7f62e2ed8000-7f62e2ed9000 r--s 0000a000 08:01 10879874                   /home/luis/.m2/repository/commons-logging/commons-logging-api/1.1/commons-logging-api-1.1.jar
7f62e2ed9000-7f62e2ee0000 r--s 00051000 08:01 10485982                   /home/luis/.m2/repository/log4j/log4j/1.2.12/log4j-1.2.12.jar
7f62e2ee0000-7f62e2ee4000 r--s 0001d000 08:01 10616849                   /home/luis/.m2/repository/org/apache/xbean/xbean-reflect/3.4/xbean-reflect-3.4.jar
7f62e2ee4000-7f62e2ee5000 r--s 00004000 08:01 10879235                   /home/luis/.m2/repository/org/codehaus/plexus/plexus-compiler-javac/2.0/plexus-compiler-javac-2.0.jar
7f62e2ee5000-7f62e2ee7000 r--s 00000000 08:01 10879048                   /home/luis/.m2/repository/org/codehaus/plexus/plexus-compiler-manager/2.0/plexus-compiler-manager-2.0.jar
7f62e2ee7000-7f62e2ee9000 r--s 00005000 08:01 10878996                   /home/luis/.m2/repository/org/codehaus/plexus/plexus-compiler-api/2.0/plexus-compiler-api-2.0.jar
7f62e2ee9000-7f62e2eeb000 r--s 00000000 08:01 10879264                   /home/luis/.m2/repository/org/codehaus/plexus/plexus-component-annotations/1.5.5/plexus-component-annotations-1.5.5.jar
7f62e2eeb000-7f62e2eed000 r--s 00002000 08:01 10618400                   /home/luis/.m2/repository/org/apache/maven/shared/maven-shared-incremental/1.0/maven-shared-incremental-1.0.jar
7f62e2eed000-7f62e2eef000 r--s 00006000 08:01 10486583                   /home/luis/.m2/repository/com/google/code/findbugs/jsr305/2.0.1/jsr305-2.0.1.jar
7f62e2eef000-7f62e2ef2000 r--s 00023000 08:01 10618436                   /home/luis/.m2/repository/org/apache/maven/shared/maven-shared-utils/0.1/maven-shared-utils-0.1.jar
7f62e2ef2000-7f62e2ef6000 r--s 00030000 08:01 10879421                   /home/luis/.m2/repository/org/codehaus/plexus/plexus-utils/1.5.1/plexus-utils-1.5.1.jar
7f62e2ef6000-7f62e2ef8000 r--s 00009000 08:01 10617289                   /home/luis/.m2/repository/org/apache/maven/plugins/maven-compiler-plugin/3.0/maven-compiler-plugin-3.0.jar
7f62e2ef8000-7f62e2efa000 r--s 0000d000 08:01 10879620                   /home/luis/.m2/repository/org/codehaus/plexus/plexus-interpolation/1.13/plexus-interpolation-1.13.jar
7f62e2efa000-7f62e2efb000 r--s 00001000 08:01 10749426                   /home/luis/.m2/repository/org/sonatype/plexus/plexus-build-api/0.0.4/plexus-build-api-0.0.4.jar
7f62e2efb000-7f62e2efd000 r--s 00007000 08:01 10618468                   /home/luis/.m2/repository/org/apache/maven/shared/maven-filtering/1.0-beta-4/maven-filtering-1.0-beta-4.jar
7f62e2efd000-7f62e2f00000 r--s 0001b000 08:01 10485952                   /home/luis/.m2/repository/junit/junit/3.8.1/junit-3.8.1.jar
7f62e2f00000-7f62e2f02000 r--s 00002000 08:01 10879637                   /home/luis/.m2/repository/org/codehaus/plexus/plexus-interactivity-api/1.0-alpha-4/plexus-interactivity-api-1.0-alpha-4.jar
7f62e2f02000-7f62e2f04000 r--s 00006000 08:01 10879911                   /home/luis/.m2/repository/commons-cli/commons-cli/1.0/commons-cli-1.0.jar
7f62e2f04000-7f62e2f05000 r--s 00001000 08:01 10617076                   /home/luis/.m2/repository/org/apache/maven/doxia/doxia-sink-api/1.0-alpha-7/doxia-sink-api-1.0-alpha-7.jar
7f62e2f05000-7f62e2f06000 r--s 00002000 08:01 10618129                   /home/luis/.m2/repository/org/apache/maven/reporting/maven-reporting-api/2.0.6/maven-reporting-api-2.0.6.jar
7f62e2f06000-7f62e2f07000 r--s 00005000 08:01 10617342                   /home/luis/.m2/repository/org/apache/maven/plugins/maven-resources-plugin/2.4.3/maven-resources-plugin-2.4.3.jar
7f62e2f07000-7f62e2f18000 r-xp 00000000 08:01 6555207                    /usr/local/jdk/jdk1.8.0_91/jre/lib/amd64/libnio.so
7f62e2f18000-7f62e3117000 ---p 00011000 08:01 6555207                    /usr/local/jdk/jdk1.8.0_91/jre/lib/amd64/libnio.so
7f62e3117000-7f62e3118000 rw-p 00010000 08:01 6555207                    /usr/local/jdk/jdk1.8.0_91/jre/lib/amd64/libnio.so
7f62e3118000-7f62e312e000 r-xp 00000000 08:01 6555178                    /usr/local/jdk/jdk1.8.0_91/jre/lib/amd64/libnet.so
7f62e312e000-7f62e332e000 ---p 00016000 08:01 6555178                    /usr/local/jdk/jdk1.8.0_91/jre/lib/amd64/libnet.so
7f62e332e000-7f62e332f000 rw-p 00016000 08:01 6555178                    /usr/local/jdk/jdk1.8.0_91/jre/lib/amd64/libnet.so
7f62e332f000-7f62e3332000 ---p 00000000 00:00 0 
7f62e3332000-7f62e3368000 rw-p 00000000 00:00 0                          [stack:21280]
7f62e3368000-7f62e3369000 r--p 00000000 00:00 0 
7f62e3369000-7f62e3569000 rw-p 00000000 00:00 0 
7f62e3569000-7f62e356d000 r--s 00097000 08:01 6554928                    /usr/local/jdk/jdk1.8.0_91/jre/lib/jsse.jar
7f62e356d000-7f62e376d000 rw-p 00000000 00:00 0 
7f62e376d000-7f62e376f000 r--s 0000c000 08:01 11537472                   /home/luis/netbeans-8.1/java/maven-nblib/netbeans-eventspy.jar
7f62e376f000-7f62e3771000 r--s 00006000 08:01 11536326                   /home/luis/netbeans-8.1/java/maven/lib/aether-connector-wagon-1.13.1.jar
7f62e3771000-7f62e3778000 r--s 0003f000 08:01 11536343                   /home/luis/netbeans-8.1/java/maven/lib/sisu-inject-bean-2.3.0.jar
7f62e3778000-7f62e3782000 r--s 00116000 08:01 6555102                    /usr/local/jdk/jdk1.8.0_91/jre/lib/ext/localedata.jar
7f62e3782000-7f62e379e000 r--s 00393000 08:01 6555099                    /usr/local/jdk/jdk1.8.0_91/jre/lib/ext/cldrdata.jar
7f62e379e000-7f62e37a2000 r--s 00013000 08:01 11536340                   /home/luis/netbeans-8.1/java/maven/lib/aether-api-1.13.1.jar
7f62e37a2000-7f62e37a5000 r--s 0001d000 08:01 11536323                   /home/luis/netbeans-8.1/java/maven/lib/aether-impl-1.13.1.jar
7f62e37a5000-7f62e37c0000 r--s 000e4000 08:01 11536321                   /home/luis/netbeans-8.1/java/maven/lib/wagon-http-2.4-shaded.jar
7f62e37c0000-7f62e37c1000 ---p 00000000 00:00 0 
7f62e37c1000-7f62e38c1000 rw-p 00000000 00:00 0                          [stack:21277]
7f62e38c1000-7f62e38c4000 ---p 00000000 00:00 0 
7f62e38c4000-7f62e39c2000 rw-p 00000000 00:00 0                          [stack:21276]
7f62e39c2000-7f62e39c5000 ---p 00000000 00:00 0 
7f62e39c5000-7f62e3ac3000 rw-p 00000000 00:00 0                          [stack:21275]
7f62e3ac3000-7f62e4000000 r--p 00000000 08:01 8783087                    /usr/lib/locale/locale-archive
7f62e4000000-7f62e4023000 rw-p 00000000 00:00 0 
7f62e4023000-7f62e8000000 ---p 00000000 00:00 0 
7f62e8000000-7f62e828b000 rw-p 00000000 00:00 0 
7f62e828b000-7f62ec000000 ---p 00000000 00:00 0 
7f62ec000000-7f62ec021000 rw-p 00000000 00:00 0 
7f62ec021000-7f62f0000000 ---p 00000000 00:00 0 
7f62f0000000-7f62f0007000 r--s 0002b000 08:01 11536327                   /home/luis/netbeans-8.1/java/maven/lib/sisu-inject-plexus-2.3.0.jar
7f62f0007000-7f62f0008000 r--s 0000a000 08:01 11536341                   /home/luis/netbeans-8.1/java/maven/lib/maven-embedder-3.0.5.jar
7f62f0008000-7f62f0027000 r--s 00154000 08:01 11536349                   /home/luis/netbeans-8.1/java/maven/lib/sisu-guava-0.9.9.jar
7f62f0027000-7f62f0055000 r--s 001c9000 08:01 11536333                   /home/luis/netbeans-8.1/java/maven/lib/ext/wagon-http-2.8-shaded.jar
7f62f0055000-7f62f0058000 ---p 00000000 00:00 0 
7f62f0058000-7f62f0156000 rw-p 00000000 00:00 0                          [stack:21274]
7f62f0156000-7f62f0159000 ---p 00000000 00:00 0 
7f62f0159000-7f62f0257000 rw-p 00000000 00:00 0                          [stack:21273]
7f62f0257000-7f62f025a000 ---p 00000000 00:00 0 
7f62f025a000-7f62f0358000 rw-p 00000000 00:00 0                          [stack:21272]
7f62f0358000-7f62f035b000 ---p 00000000 00:00 0 
7f62f035b000-7f62f0459000 rw-p 00000000 00:00 0                          [stack:21271]
7f62f0459000-7f62f045a000 ---p 00000000 00:00 0 
7f62f045a000-7f62f0da4000 rw-p 00000000 00:00 0                          [stack:21270]
7f62f0da4000-7f62f0f7d000 r--s 03d1f000 08:01 6555153                    /usr/local/jdk/jdk1.8.0_91/jre/lib/rt.jar
7f62f0f7d000-7f62f5000000 rw-p 00000000 00:00 0 
7f62f5000000-7f62f5c10000 rwxp 00000000 00:00 0 
7f62f5c10000-7f6304000000 ---p 00000000 00:00 0 
7f6304000000-7f6304e00000 rw-p 00000000 00:00 0 
7f6304e00000-7f6308000000 ---p 00000000 00:00 0 
7f6308000000-7f6308002000 r--s 00002000 08:01 11536344                   /home/luis/netbeans-8.1/java/maven/lib/plexus-cipher-1.7.jar
7f6308002000-7f6308005000 r--s 00008000 08:01 11536329                   /home/luis/netbeans-8.1/java/maven/lib/maven-settings-builder-3.0.5.jar
7f6308005000-7f6308007000 r--s 00006000 08:01 11536342                   /home/luis/netbeans-8.1/java/maven/lib/maven-repository-metadata-3.0.5.jar
7f6308007000-7f630800b000 r--s 00021000 08:01 11536347                   /home/luis/netbeans-8.1/java/maven/lib/maven-model-builder-3.0.5.jar
7f630800b000-7f630800d000 r--s 0000b000 08:01 11536335                   /home/luis/netbeans-8.1/java/maven/lib/wagon-provider-api-2.4.jar
7f630800d000-7f630800f000 r--s 0000b000 08:01 11536336                   /home/luis/netbeans-8.1/java/maven/lib/maven-artifact-3.0.5.jar
7f630800f000-7f6308011000 r--s 00000000 08:01 11536345                   /home/luis/netbeans-8.1/java/maven/lib/plexus-component-annotations-1.5.5.jar
7f6308011000-7f6308015000 r--s 00033000 08:01 11536338                   /home/luis/netbeans-8.1/java/maven/lib/plexus-utils-2.0.6.jar
7f6308015000-7f6308016000 r--s 00006000 08:01 11536348                   /home/luis/netbeans-8.1/java/maven/lib/plexus-sec-dispatcher-1.3.jar
7f6308016000-7f630801c000 r--s 0003f000 08:01 11536337                   /home/luis/netbeans-8.1/java/maven/lib/maven-compat-3.0.5.jar
7f630801c000-7f63081e2000 rw-p 00000000 00:00 0 
7f63081e2000-7f63081e3000 ---p 00000000 00:00 0 
7f63081e3000-7f63082e3000 rw-p 00000000 00:00 0                          [stack:21269]
7f63082e3000-7f63082e4000 ---p 00000000 00:00 0 
7f63082e4000-7f6308408000 rw-p 00000000 00:00 0                          [stack:21268]
7f6308408000-7f630861c000 ---p 00000000 00:00 0 
7f630861c000-7f6308640000 rw-p 00000000 00:00 0 
7f6308640000-7f6308853000 ---p 00000000 00:00 0 
7f6308853000-7f6308893000 rw-p 00000000 00:00 0 
7f6308893000-7f630896f000 ---p 00000000 00:00 0 
7f630896f000-7f63089a1000 rw-p 00000000 00:00 0 
7f63089a1000-7f6308d30000 ---p 00000000 00:00 0 
7f6308d30000-7f6308d4a000 r-xp 00000000 08:01 6555168                    /usr/local/jdk/jdk1.8.0_91/jre/lib/amd64/libzip.so
7f6308d4a000-7f6308f4a000 ---p 0001a000 08:01 6555168                    /usr/local/jdk/jdk1.8.0_91/jre/lib/amd64/libzip.so
7f6308f4a000-7f6308f4b000 rw-p 0001a000 08:01 6555168                    /usr/local/jdk/jdk1.8.0_91/jre/lib/amd64/libzip.so
7f6308f4b000-7f6308f56000 r-xp 00000000 08:01 2360870                    /lib/x86_64-linux-gnu/libnss_files-2.19.so
7f6308f56000-7f6309155000 ---p 0000b000 08:01 2360870                    /lib/x86_64-linux-gnu/libnss_files-2.19.so
7f6309155000-7f6309156000 r--p 0000a000 08:01 2360870                    /lib/x86_64-linux-gnu/libnss_files-2.19.so
7f6309156000-7f6309157000 rw-p 0000b000 08:01 2360870                    /lib/x86_64-linux-gnu/libnss_files-2.19.so
7f6309157000-7f6309162000 r-xp 00000000 08:01 2361003                    /lib/x86_64-linux-gnu/libnss_nis-2.19.so
7f6309162000-7f6309361000 ---p 0000b000 08:01 2361003                    /lib/x86_64-linux-gnu/libnss_nis-2.19.so
7f6309361000-7f6309362000 r--p 0000a000 08:01 2361003                    /lib/x86_64-linux-gnu/libnss_nis-2.19.so
7f6309362000-7f6309363000 rw-p 0000b000 08:01 2361003                    /lib/x86_64-linux-gnu/libnss_nis-2.19.so
7f6309363000-7f630937a000 r-xp 00000000 08:01 2360867                    /lib/x86_64-linux-gnu/libnsl-2.19.so
7f630937a000-7f6309579000 ---p 00017000 08:01 2360867                    /lib/x86_64-linux-gnu/libnsl-2.19.so
7f6309579000-7f630957a000 r--p 00016000 08:01 2360867                    /lib/x86_64-linux-gnu/libnsl-2.19.so
7f630957a000-7f630957b000 rw-p 00017000 08:01 2360867                    /lib/x86_64-linux-gnu/libnsl-2.19.so
7f630957b000-7f630957d000 rw-p 00000000 00:00 0 
7f630957d000-7f6309586000 r-xp 00000000 08:01 2361058                    /lib/x86_64-linux-gnu/libnss_compat-2.19.so
7f6309586000-7f6309785000 ---p 00009000 08:01 2361058                    /lib/x86_64-linux-gnu/libnss_compat-2.19.so
7f6309785000-7f6309786000 r--p 00008000 08:01 2361058                    /lib/x86_64-linux-gnu/libnss_compat-2.19.so
7f6309786000-7f6309787000 rw-p 00009000 08:01 2361058                    /lib/x86_64-linux-gnu/libnss_compat-2.19.so
7f6309787000-7f63097b1000 r-xp 00000000 08:01 6555180                    /usr/local/jdk/jdk1.8.0_91/jre/lib/amd64/libjava.so
7f63097b1000-7f63099b1000 ---p 0002a000 08:01 6555180                    /usr/local/jdk/jdk1.8.0_91/jre/lib/amd64/libjava.so
7f63099b1000-7f63099b3000 rw-p 0002a000 08:01 6555180                    /usr/local/jdk/jdk1.8.0_91/jre/lib/amd64/libjava.so
7f63099b3000-7f63099c0000 r-xp 00000000 08:01 6555181                    /usr/local/jdk/jdk1.8.0_91/jre/lib/amd64/libverify.so
7f63099c0000-7f6309bc0000 ---p 0000d000 08:01 6555181                    /usr/local/jdk/jdk1.8.0_91/jre/lib/amd64/libverify.so
7f6309bc0000-7f6309bc2000 rw-p 0000d000 08:01 6555181                    /usr/local/jdk/jdk1.8.0_91/jre/lib/amd64/libverify.so
7f6309bc2000-7f6309bc9000 r-xp 00000000 08:01 2360918                    /lib/x86_64-linux-gnu/librt-2.19.so
7f6309bc9000-7f6309dc8000 ---p 00007000 08:01 2360918                    /lib/x86_64-linux-gnu/librt-2.19.so
7f6309dc8000-7f6309dc9000 r--p 00006000 08:01 2360918                    /lib/x86_64-linux-gnu/librt-2.19.so
7f6309dc9000-7f6309dca000 rw-p 00007000 08:01 2360918                    /lib/x86_64-linux-gnu/librt-2.19.so
7f6309dca000-7f6309ecf000 r-xp 00000000 08:01 2360993                    /lib/x86_64-linux-gnu/libm-2.19.so
7f6309ecf000-7f630a0ce000 ---p 00105000 08:01 2360993                    /lib/x86_64-linux-gnu/libm-2.19.so
7f630a0ce000-7f630a0cf000 r--p 00104000 08:01 2360993                    /lib/x86_64-linux-gnu/libm-2.19.so
7f630a0cf000-7f630a0d0000 rw-p 00105000 08:01 2360993                    /lib/x86_64-linux-gnu/libm-2.19.so
7f630a0d0000-7f630ad90000 r-xp 00000000 08:01 6555187                    /usr/local/jdk/jdk1.8.0_91/jre/lib/amd64/server/libjvm.so
7f630ad90000-7f630af90000 ---p 00cc0000 08:01 6555187                    /usr/local/jdk/jdk1.8.0_91/jre/lib/amd64/server/libjvm.so
7f630af90000-7f630b068000 rw-p 00cc0000 08:01 6555187                    /usr/local/jdk/jdk1.8.0_91/jre/lib/amd64/server/libjvm.so
7f630b068000-7f630b0b3000 rw-p 00000000 00:00 0 
7f630b0b3000-7f630b26e000 r-xp 00000000 08:01 2360828                    /lib/x86_64-linux-gnu/libc-2.19.so
7f630b26e000-7f630b46e000 ---p 001bb000 08:01 2360828                    /lib/x86_64-linux-gnu/libc-2.19.so
7f630b46e000-7f630b472000 r--p 001bb000 08:01 2360828                    /lib/x86_64-linux-gnu/libc-2.19.so
7f630b472000-7f630b474000 rw-p 001bf000 08:01 2360828                    /lib/x86_64-linux-gnu/libc-2.19.so
7f630b474000-7f630b479000 rw-p 00000000 00:00 0 
7f630b479000-7f630b47c000 r-xp 00000000 08:01 2361006                    /lib/x86_64-linux-gnu/libdl-2.19.so
7f630b47c000-7f630b67b000 ---p 00003000 08:01 2361006                    /lib/x86_64-linux-gnu/libdl-2.19.so
7f630b67b000-7f630b67c000 r--p 00002000 08:01 2361006                    /lib/x86_64-linux-gnu/libdl-2.19.so
7f630b67c000-7f630b67d000 rw-p 00003000 08:01 2361006                    /lib/x86_64-linux-gnu/libdl-2.19.so
7f630b67d000-7f630b692000 r-xp 00000000 08:01 6554355                    /usr/local/jdk/jdk1.8.0_91/lib/amd64/jli/libjli.so
7f630b692000-7f630b892000 ---p 00015000 08:01 6554355                    /usr/local/jdk/jdk1.8.0_91/lib/amd64/jli/libjli.so
7f630b892000-7f630b893000 rw-p 00015000 08:01 6554355                    /usr/local/jdk/jdk1.8.0_91/lib/amd64/jli/libjli.so
7f630b893000-7f630b8ac000 r-xp 00000000 08:01 2360846                    /lib/x86_64-linux-gnu/libpthread-2.19.so
7f630b8ac000-7f630baab000 ---p 00019000 08:01 2360846                    /lib/x86_64-linux-gnu/libpthread-2.19.so
7f630baab000-7f630baac000 r--p 00018000 08:01 2360846                    /lib/x86_64-linux-gnu/libpthread-2.19.so
7f630baac000-7f630baad000 rw-p 00019000 08:01 2360846                    /lib/x86_64-linux-gnu/libpthread-2.19.so
7f630baad000-7f630bab1000 rw-p 00000000 00:00 0 
7f630bab1000-7f630bad4000 r-xp 00000000 08:01 2360891                    /lib/x86_64-linux-gnu/ld-2.19.so
7f630bad4000-7f630bad6000 r--s 0000d000 08:01 11536352                   /home/luis/netbeans-8.1/java/maven/lib/plexus-interpolation-1.14.jar
7f630bad6000-7f630bad7000 r--s 00002000 08:01 11536339                   /home/luis/netbeans-8.1/java/maven/lib/wagon-file-2.4.jar
7f630bad7000-7f630bad9000 r--s 0000b000 08:01 11536330                   /home/luis/netbeans-8.1/java/maven/lib/maven-plugin-api-3.0.5.jar
7f630bad9000-7f630badb000 r--s 00009000 08:01 11536325                   /home/luis/netbeans-8.1/java/maven/lib/commons-cli-1.2.jar
7f630badb000-7f630bae7000 r--s 0007d000 08:01 11536322                   /home/luis/netbeans-8.1/java/maven/lib/maven-core-3.0.5.jar
7f630bae7000-7f630bbad000 rw-p 00000000 00:00 0 
7f630bbad000-7f630bbb0000 ---p 00000000 00:00 0 
7f630bbb0000-7f630bcb2000 rw-p 00000000 00:00 0                          [stack:21267]
7f630bcb2000-7f630bcb3000 r--s 00003000 08:01 11536324                   /home/luis/netbeans-8.1/java/maven/lib/aether-spi-1.13.1.jar
7f630bcb3000-7f630bcb5000 r--s 0000a000 08:01 11536346                   /home/luis/netbeans-8.1/java/maven/lib/maven-settings-3.0.5.jar
7f630bcb5000-7f630bcbd000 r--s 00050000 08:01 11536350                   /home/luis/netbeans-8.1/java/maven/lib/sisu-guice-3.1.0-no_aop.jar
7f630bcbd000-7f630bcc1000 r--s 0001c000 08:01 11536351                   /home/luis/netbeans-8.1/java/maven/lib/aether-util-1.13.1.jar
7f630bcc1000-7f630bcc3000 r--s 00026000 08:01 11536328                   /home/luis/netbeans-8.1/java/maven/lib/maven-model-3.0.5.jar
7f630bcc3000-7f630bcc5000 r--s 0000c000 08:01 11536334                   /home/luis/netbeans-8.1/java/maven/lib/maven-aether-provider-3.0.5.jar
7f630bcc5000-7f630bcc7000 r--s 0000a000 08:01 11536363                   /home/luis/netbeans-8.1/java/maven/boot/plexus-classworlds-2.4.jar
7f630bcc7000-7f630bccf000 rw-s 00000000 08:01 1585632                    /tmp/hsperfdata_luis/21265
7f630bccf000-7f630bcd0000 rw-p 00000000 00:00 0 
7f630bcd0000-7f630bcd1000 ---p 00000000 00:00 0 
7f630bcd1000-7f630bcd3000 rw-p 00000000 00:00 0 
7f630bcd3000-7f630bcd4000 r--p 00022000 08:01 2360891                    /lib/x86_64-linux-gnu/ld-2.19.so
7f630bcd4000-7f630bcd5000 rw-p 00023000 08:01 2360891                    /lib/x86_64-linux-gnu/ld-2.19.so
7f630bcd5000-7f630bcd6000 rw-p 00000000 00:00 0 
7fff90c4e000-7fff90c6f000 rw-p 00000000 00:00 0                          [stack]
7fff90dfe000-7fff90e00000 r-xp 00000000 00:00 0                          [vdso]
ffffffffff600000-ffffffffff601000 r-xp 00000000 00:00 0                  [vsyscall]

VM Arguments:
jvm_args: -Dclassworlds.conf=/home/luis/netbeans-8.1/java/maven/bin/m2.conf -Dmaven.home=/home/luis/netbeans-8.1/java/maven 
java_command: org.codehaus.plexus.classworlds.launcher.Launcher -Dmaven.ext.class.path=/home/luis/netbeans-8.1/java/maven-nblib/netbeans-eventspy.jar clean install
java_class_path (initial): /home/luis/netbeans-8.1/java/maven/boot/plexus-classworlds-2.4.jar
Launcher Type: SUN_STANDARD

Environment Variables:
JAVA_HOME=/usr/local/jdk/jdk1.8.0_91
PATH=/usr/local/sbin:/usr/local/bin:/usr/sbin:/usr/bin:/sbin:/bin:/usr/games:/usr/local/games:/home/luis/bin:/usr/local/jdk/jdk1.8.0_91/bin
USERNAME=luis
LD_LIBRARY_PATH=/usr/local/jdk/jdk1.8.0_91/jre/lib/amd64:/usr/local/jdk/jdk1.8.0_91/jre/lib/i386:
SHELL=/bin/zsh
DISPLAY=:0.0

Signal Handlers:
SIGSEGV: [libjvm.so+0xabca10], sa_mask[0]=11111111011111111101111111111110, sa_flags=SA_RESTART|SA_SIGINFO
SIGBUS: [libjvm.so+0xabca10], sa_mask[0]=11111111011111111101111111111110, sa_flags=SA_RESTART|SA_SIGINFO
SIGFPE: [libjvm.so+0x919a20], sa_mask[0]=11111111011111111101111111111110, sa_flags=SA_RESTART|SA_SIGINFO
SIGPIPE: [libjvm.so+0x919a20], sa_mask[0]=11111111011111111101111111111110, sa_flags=SA_RESTART|SA_SIGINFO
SIGXFSZ: [libjvm.so+0x919a20], sa_mask[0]=11111111011111111101111111111110, sa_flags=SA_RESTART|SA_SIGINFO
SIGILL: [libjvm.so+0x919a20], sa_mask[0]=11111111011111111101111111111110, sa_flags=SA_RESTART|SA_SIGINFO
SIGUSR1: SIG_DFL, sa_mask[0]=00000000000000000000000000000000, sa_flags=none
SIGUSR2: [libjvm.so+0x91b050], sa_mask[0]=00100000000000000000000000000000, sa_flags=SA_RESTART|SA_SIGINFO
SIGHUP: [libjvm.so+0x91c450], sa_mask[0]=11111111011111111101111111111110, sa_flags=SA_RESTART|SA_SIGINFO
SIGINT: SIG_IGN, sa_mask[0]=00000000000000000000000000000000, sa_flags=none
SIGTERM: [libjvm.so+0x91c450], sa_mask[0]=11111111011111111101111111111110, sa_flags=SA_RESTART|SA_SIGINFO
SIGQUIT: [libjvm.so+0x91c450], sa_mask[0]=11111111011111111101111111111110, sa_flags=SA_RESTART|SA_SIGINFO


---------------  S Y S T E M  ---------------

OS:DISTRIB_ID=LinuxMint
DISTRIB_RELEASE=17.1
DISTRIB_CODENAME=rebecca
DISTRIB_DESCRIPTION="Linux Mint 17.1 Rebecca"

uname:Linux 3.13.0-37-generic #64-Ubuntu SMP Mon Sep 22 21:28:38 UTC 2014 x86_64
libc:glibc 2.19 NPTL 2.19 
rlimit: STACK 8192k, CORE 0k, NPROC 54183, NOFILE 4096, AS infinity
load average:2,34 1,50 0,73

/proc/meminfo:
MemTotal:        6966632 kB
MemFree:          134548 kB
Buffers:             476 kB
Cached:            89540 kB
SwapCached:        20976 kB
Active:          5248668 kB
Inactive:        1288552 kB
Active(anon):    5240812 kB
Inactive(anon):  1279556 kB
Active(file):       7856 kB
Inactive(file):     8996 kB
Unevictable:          76 kB
Mlocked:              76 kB
SwapTotal:        115708 kB
SwapFree:              0 kB
Dirty:               340 kB
Writeback:             0 kB
AnonPages:       6427012 kB
Mapped:            87644 kB
Shmem:             72788 kB
Slab:              57588 kB
SReclaimable:      24244 kB
SUnreclaim:        33344 kB
KernelStack:        6224 kB
PageTables:        56112 kB
NFS_Unstable:          0 kB
Bounce:                0 kB
WritebackTmp:          0 kB
CommitLimit:     3599024 kB
Committed_AS:   10582056 kB
VmallocTotal:   34359738367 kB
VmallocUsed:      162944 kB
VmallocChunk:   34359550632 kB
HardwareCorrupted:     0 kB
AnonHugePages:   4405248 kB
HugePages_Total:       0
HugePages_Free:        0
HugePages_Rsvd:        0
HugePages_Surp:        0
Hugepagesize:       2048 kB
DirectMap4k:       71616 kB
DirectMap2M:     7088128 kB


CPU:total 2 (2 cores per cpu, 1 threads per core) family 6 model 62 stepping 4, cmov, cx8, fxsr, mmx, sse, sse2, sse3, ssse3, sse4.1, sse4.2, popcnt, avx, aes, clmul, tsc, tscinvbit

/proc/cpuinfo:
processor	: 0
vendor_id	: GenuineIntel
cpu family	: 6
model		: 62
model name	: Intel(R) Xeon(R) CPU E5-2650 v2 @ 2.60GHz
stepping	: 4
microcode	: 0x427
cpu MHz		: 2600.000
cache size	: 20480 KB
physical id	: 0
siblings	: 2
core id		: 0
cpu cores	: 2
apicid		: 0
initial apicid	: 0
fpu		: yes
fpu_exception	: yes
cpuid level	: 13
wp		: yes
flags		: fpu vme de pse tsc msr pae mce cx8 apic sep mtrr pge mca cmov pat pse36 clflush dts mmx fxsr sse sse2 ss ht syscall nx rdtscp lm constant_tsc arch_perfmon pebs bts nopl xtopology tsc_reliable nonstop_tsc aperfmperf eagerfpu pni pclmulqdq ssse3 cx16 sse4_1 sse4_2 popcnt aes xsave avx hypervisor lahf_lm ida arat xsaveopt pln pts dtherm
bogomips	: 5200.00
clflush size	: 64
cache_alignment	: 64
address sizes	: 40 bits physical, 48 bits virtual
power management:

processor	: 1
vendor_id	: GenuineIntel
cpu family	: 6
model		: 62
model name	: Intel(R) Xeon(R) CPU E5-2650 v2 @ 2.60GHz
stepping	: 4
microcode	: 0x427
cpu MHz		: 2600.000
cache size	: 20480 KB
physical id	: 0
siblings	: 2
core id		: 1
cpu cores	: 2
apicid		: 1
initial apicid	: 1
fpu		: yes
fpu_exception	: yes
cpuid level	: 13
wp		: yes
flags		: fpu vme de pse tsc msr pae mce cx8 apic sep mtrr pge mca cmov pat pse36 clflush dts mmx fxsr sse sse2 ss ht syscall nx rdtscp lm constant_tsc arch_perfmon pebs bts nopl xtopology tsc_reliable nonstop_tsc aperfmperf eagerfpu pni pclmulqdq ssse3 cx16 sse4_1 sse4_2 popcnt aes xsave avx hypervisor lahf_lm ida arat xsaveopt pln pts dtherm
bogomips	: 5200.00
clflush size	: 64
cache_alignment	: 64
address sizes	: 40 bits physical, 48 bits virtual
power management:



Memory: 4k page, physical 6966632k(134548k free), swap 115708k(0k free)

vm_info: Java HotSpot(TM) 64-Bit Server VM (25.91-b14) for linux-amd64 JRE (1.8.0_91-b14), built on Apr  1 2016 00:57:21 by "java_re" with gcc 4.3.0 20080428 (Red Hat 4.3.0-8)

time: Thu Aug 18 13:45:06 2016
elapsed time: 6 seconds (0d 0h 0m 6s)

