#
# There is insufficient memory for the Java Runtime Environment to continue.
# Native memory allocation (mmap) failed to map 128974848 bytes for committing reserved memory.
# Possible reasons:
#   The system is out of physical RAM or swap space
#   In 32 bit mode, the process size limit was hit
# Possible solutions:
#   Reduce memory load on the system
#   Increase physical memory or swap space
#   Check if swap backing store is full
#   Use 64 bit Java on a 64 bit OS
#   Decrease Java heap size (-Xmx/-Xms)
#   Decrease number of Java threads
#   Decrease Java thread stack sizes (-Xss)
#   Set larger code cache with -XX:ReservedCodeCacheSize=
# This output file may be truncated or incomplete.
#
#  Out of Memory Error (os_linux.cpp:2627), pid=17098, tid=140536636450560
#
# JRE version: Java(TM) SE Runtime Environment (8.0_91-b14) (build 1.8.0_91-b14)
# Java VM: Java HotSpot(TM) 64-Bit Server VM (25.91-b14 mixed mode linux-amd64 compressed oops)
# Failed to write core dump. Core dumps have been disabled. To enable core dumping, try "ulimit -c unlimited" before starting Java again
#

---------------  T H R E A D  ---------------

Current thread (0x00007fd14c077800):  VMThread [stack: 0x00007fd13c3b2000,0x00007fd13c4b3000] [id=17106]

Stack: [0x00007fd13c3b2000,0x00007fd13c4b3000],  sp=0x00007fd13c4b0fc0,  free space=1019k
Native frames: (J=compiled Java code, j=interpreted, Vv=VM code, C=native code)
V  [libjvm.so+0xabc18a]  VMError::report_and_die()+0x2ba
V  [libjvm.so+0x4fafeb]  report_vm_out_of_memory(char const*, int, unsigned long, VMErrorType, char const*)+0x8b
V  [libjvm.so+0x91cbb3]  os::Linux::commit_memory_impl(char*, unsigned long, bool)+0x103
V  [libjvm.so+0x91d109]  os::pd_commit_memory(char*, unsigned long, unsigned long, bool)+0x29
V  [libjvm.so+0x91740a]  os::commit_memory(char*, unsigned long, unsigned long, bool)+0x2a
V  [libjvm.so+0x98b033]  PSVirtualSpace::expand_by(unsigned long)+0x53
V  [libjvm.so+0x98c438]  PSYoungGen::resize_generation(unsigned long, unsigned long)+0xf8
V  [libjvm.so+0x98b592]  PSYoungGen::resize(unsigned long, unsigned long)+0x22
V  [libjvm.so+0x98886b]  PSScavenge::invoke_no_policy()+0xf3b
V  [libjvm.so+0x983b15]  PSParallelCompact::invoke(bool)+0x85
V  [libjvm.so+0x482104]  CollectedHeap::collect_as_vm_thread(GCCause::Cause)+0x114
V  [libjvm.so+0xabd601]  VM_CollectForMetadataAllocation::doit()+0x161
V  [libjvm.so+0xac55d5]  VM_Operation::evaluate()+0x55
V  [libjvm.so+0xac39aa]  VMThread::evaluate_operation(VM_Operation*)+0xba
V  [libjvm.so+0xac3d2e]  VMThread::loop()+0x1ce
V  [libjvm.so+0xac41a0]  VMThread::run()+0x70
V  [libjvm.so+0x91ef78]  java_start(Thread*)+0x108

VM_Operation (0x00007fd154fe91d0): CollectForMetadataAllocation, mode: safepoint, requested by thread 0x00007fd14c00a000


---------------  P R O C E S S  ---------------

Java Threads: ( => current thread )
  0x00007fd14c5fc800 JavaThread "process reaper" daemon [_thread_blocked, id=17117, stack(0x00007fd134052000,0x00007fd13408b000)]
  0x00007fd14c0c8000 JavaThread "Service Thread" daemon [_thread_blocked, id=17113, stack(0x00007fd12fbfc000,0x00007fd12fcfd000)]
  0x00007fd14c0bd000 JavaThread "C1 CompilerThread2" daemon [_thread_blocked, id=17112, stack(0x00007fd12fcfd000,0x00007fd12fdfe000)]
  0x00007fd14c0bb000 JavaThread "C2 CompilerThread1" daemon [_thread_blocked, id=17111, stack(0x00007fd12fdfe000,0x00007fd12feff000)]
  0x00007fd14c0b8000 JavaThread "C2 CompilerThread0" daemon [_thread_blocked, id=17110, stack(0x00007fd12feff000,0x00007fd130000000)]
  0x00007fd14c0b7000 JavaThread "Signal Dispatcher" daemon [_thread_blocked, id=17109, stack(0x00007fd13c0af000,0x00007fd13c1b0000)]
  0x00007fd14c084000 JavaThread "Finalizer" daemon [_thread_blocked, id=17108, stack(0x00007fd13c1b0000,0x00007fd13c2b1000)]
  0x00007fd14c07f800 JavaThread "Reference Handler" daemon [_thread_blocked, id=17107, stack(0x00007fd13c2b1000,0x00007fd13c3b2000)]
  0x00007fd14c00a000 JavaThread "main" [_thread_blocked, id=17101, stack(0x00007fd154eec000,0x00007fd154fed000)]

Other Threads:
=>0x00007fd14c077800 VMThread [stack: 0x00007fd13c3b2000,0x00007fd13c4b3000] [id=17106]
  0x00007fd14c0cb000 WatcherThread [stack: 0x00007fd12fafb000,0x00007fd12fbfc000] [id=17114]

VM state:at safepoint (normal execution)

VM Mutex/Monitor currently owned by a thread:  ([mutex/lock_event])
[0x00007fd14c0061c0] Threads_lock - owner thread: 0x00007fd14c077800
[0x00007fd14c0066c0] Heap_lock - owner thread: 0x00007fd14c00a000
[0x00007fd14c006c40] MethodData_lock - owner thread: 0x00007fd14c00a000

Heap:
 PSYoungGen      total 131584K, used 13296K [0x00000000d9380000, 0x00000000e2580000, 0x0000000100000000)
  eden space 118272K, 0% used [0x00000000d9380000,0x00000000d9380000,0x00000000e0700000)
  from space 13312K, 99% used [0x00000000e0700000,0x00000000e13fc318,0x00000000e1400000)
  to   space 8704K, 0% used [0x00000000e1400000,0x00000000e1400000,0x00000000e1c80000)
 ParOldGen       total 80896K, used 22788K [0x000000008ba00000, 0x0000000090900000, 0x00000000d9380000)
  object space 80896K, 28% used [0x000000008ba00000,0x000000008d041238,0x0000000090900000)
 Metaspace       used 20592K, capacity 21102K, committed 21296K, reserved 1069056K
  class space    used 2429K, capacity 2569K, committed 2688K, reserved 1048576K

Card table byte_map: [0x00007fd15190d000,0x00007fd151cb1000] byte_map_base: 0x00007fd1514b0000

Marking Bits: (ParMarkBitMap*) 0x00007fd1543c7d60
 Begin Bits: [0x00007fd1345d0000, 0x00007fd1362e8000)
 End Bits:   [0x00007fd1362e8000, 0x00007fd138000000)

Polling page: 0x00007fd155011000

CodeCache: size=245760Kb used=14206Kb max_used=14921Kb free=231553Kb
 bounds [0x00007fd13d000000, 0x00007fd13dea0000, 0x00007fd14c000000]
 total_blobs=4105 nmethods=3740 adapters=278
 compilation: enabled

Compilation events (10 events):
Event: 13,233 Thread 0x00007fd14c0b8000 nmethod 3848 0x00007fd13d11c290 code [0x00007fd13d11c720, 0x00007fd13d11ef10]
Event: 13,234 Thread 0x00007fd14c0b8000 3859       4       com.sun.tools.javac.util.ListBuffer::next (56 bytes)
Event: 13,234 Thread 0x00007fd14c0bd000 3924       3       com.sun.tools.javac.code.Type$ClassType::getTypeArguments (30 bytes)
Event: 13,234 Thread 0x00007fd14c0bd000 nmethod 3924 0x00007fd13d16f3d0 code [0x00007fd13d16f560, 0x00007fd13d16f988]
Event: 13,235 Thread 0x00007fd14c0b8000 nmethod 3859 0x00007fd13d111850 code [0x00007fd13d1119c0, 0x00007fd13d111b18]
Event: 13,235 Thread 0x00007fd14c0b8000 3888       4       com.sun.tools.javac.util.List::of (12 bytes)
Event: 13,236 Thread 0x00007fd14c0bd000 3925       3       java.util.Locale::hashCode (41 bytes)
Event: 13,236 Thread 0x00007fd14c0bd000 nmethod 3925 0x00007fd13d17f850 code [0x00007fd13d17f9e0, 0x00007fd13d17fd58]
Event: 13,237 Thread 0x00007fd14c0b8000 nmethod 3888 0x00007fd13d1111d0 code [0x00007fd13d111320, 0x00007fd13d1113f8]
Event: 13,237 Thread 0x00007fd14c0b8000 3857       4       com.sun.tools.javac.comp.Resolve::isAccessible (250 bytes)

GC Heap History (10 events):
Event: 3,209 GC heap after
Heap after GC invocations=2 (full 0):
 PSYoungGen      total 35328K, used 4583K [0x00000000d9380000, 0x00000000dd880000, 0x0000000100000000)
  eden space 30720K, 0% used [0x00000000d9380000,0x00000000d9380000,0x00000000db180000)
  from space 4608K, 99% used [0x00000000db600000,0x00000000dba79cd8,0x00000000dba80000)
  to   space 4608K, 0% used [0x00000000db180000,0x00000000db180000,0x00000000db600000)
 ParOldGen       total 80896K, used 2056K [0x000000008ba00000, 0x0000000090900000, 0x00000000d9380000)
  object space 80896K, 2% used [0x000000008ba00000,0x000000008bc021f8,0x0000000090900000)
 Metaspace       used 12872K, capacity 13200K, committed 13568K, reserved 1060864K
  class space    used 1587K, capacity 1691K, committed 1792K, reserved 1048576K
}
Event: 3,933 GC heap before
{Heap before GC invocations=3 (full 0):
 PSYoungGen      total 35328K, used 35303K [0x00000000d9380000, 0x00000000dd880000, 0x0000000100000000)
  eden space 30720K, 100% used [0x00000000d9380000,0x00000000db180000,0x00000000db180000)
  from space 4608K, 99% used [0x00000000db600000,0x00000000dba79cd8,0x00000000dba80000)
  to   space 4608K, 0% used [0x00000000db180000,0x00000000db180000,0x00000000db600000)
 ParOldGen       total 80896K, used 2056K [0x000000008ba00000, 0x0000000090900000, 0x00000000d9380000)
  object space 80896K, 2% used [0x000000008ba00000,0x000000008bc021f8,0x0000000090900000)
 Metaspace       used 13370K, capacity 13698K, committed 14080K, reserved 1060864K
  class space    used 1621K, capacity 1701K, committed 1792K, reserved 1048576K
Event: 3,939 GC heap after
Heap after GC invocations=3 (full 0):
 PSYoungGen      total 35328K, used 4576K [0x00000000d9380000, 0x00000000dd880000, 0x0000000100000000)
  eden space 30720K, 0% used [0x00000000d9380000,0x00000000d9380000,0x00000000db180000)
  from space 4608K, 99% used [0x00000000db180000,0x00000000db5f8020,0x00000000db600000)
  to   space 4608K, 0% used [0x00000000dd400000,0x00000000dd400000,0x00000000dd880000)
 ParOldGen       total 80896K, used 3250K [0x000000008ba00000, 0x0000000090900000, 0x00000000d9380000)
  object space 80896K, 4% used [0x000000008ba00000,0x000000008bd2c9e0,0x0000000090900000)
 Metaspace       used 13370K, capacity 13698K, committed 14080K, reserved 1060864K
  class space    used 1621K, capacity 1701K, committed 1792K, reserved 1048576K
}
Event: 4,996 GC heap before
{Heap before GC invocations=4 (full 0):
 PSYoungGen      total 35328K, used 35296K [0x00000000d9380000, 0x00000000dd880000, 0x0000000100000000)
  eden space 30720K, 100% used [0x00000000d9380000,0x00000000db180000,0x00000000db180000)
  from space 4608K, 99% used [0x00000000db180000,0x00000000db5f8020,0x00000000db600000)
  to   space 4608K, 0% used [0x00000000dd400000,0x00000000dd400000,0x00000000dd880000)
 ParOldGen       total 80896K, used 3250K [0x000000008ba00000, 0x0000000090900000, 0x00000000d9380000)
  object space 80896K, 4% used [0x000000008ba00000,0x000000008bd2c9e0,0x0000000090900000)
 Metaspace       used 13977K, capacity 14418K, committed 14720K, reserved 1062912K
  class space    used 1694K, capacity 1809K, committed 1920K, reserved 1048576K
Event: 5,033 GC heap after
Heap after GC invocations=4 (full 0):
 PSYoungGen      total 66048K, used 4608K [0x00000000d9380000, 0x00000000dd880000, 0x0000000100000000)
  eden space 61440K, 0% used [0x00000000d9380000,0x00000000d9380000,0x00000000dcf80000)
  from space 4608K, 100% used [0x00000000dd400000,0x00000000dd880000,0x00000000dd880000)
  to   space 4608K, 0% used [0x00000000dcf80000,0x00000000dcf80000,0x00000000dd400000)
 ParOldGen       total 80896K, used 4818K [0x000000008ba00000, 0x0000000090900000, 0x00000000d9380000)
  object space 80896K, 5% used [0x000000008ba00000,0x000000008beb48f0,0x0000000090900000)
 Metaspace       used 13977K, capacity 14418K, committed 14720K, reserved 1062912K
  class space    used 1694K, capacity 1809K, committed 1920K, reserved 1048576K
}
Event: 8,536 GC heap before
{Heap before GC invocations=5 (full 0):
 PSYoungGen      total 66048K, used 66048K [0x00000000d9380000, 0x00000000dd880000, 0x0000000100000000)
  eden space 61440K, 100% used [0x00000000d9380000,0x00000000dcf80000,0x00000000dcf80000)
  from space 4608K, 100% used [0x00000000dd400000,0x00000000dd880000,0x00000000dd880000)
  to   space 4608K, 0% used [0x00000000dcf80000,0x00000000dcf80000,0x00000000dd400000)
 ParOldGen       total 80896K, used 4818K [0x000000008ba00000, 0x0000000090900000, 0x00000000d9380000)
  object space 80896K, 5% used [0x000000008ba00000,0x000000008beb48f0,0x0000000090900000)
 Metaspace       used 18397K, capacity 18958K, committed 19072K, reserved 1067008K
  class space    used 2248K, capacity 2409K, committed 2432K, reserved 1048576K
Event: 8,958 GC heap after
Heap after GC invocations=5 (full 0):
 PSYoungGen      total 66048K, used 4592K [0x00000000d9380000, 0x00000000e1c80000, 0x0000000100000000)
  eden space 61440K, 0% used [0x00000000d9380000,0x00000000d9380000,0x00000000dcf80000)
  from space 4608K, 99% used [0x00000000dcf80000,0x00000000dd3fc010,0x00000000dd400000)
  to   space 8704K, 0% used [0x00000000e1400000,0x00000000e1400000,0x00000000e1c80000)
 ParOldGen       total 80896K, used 8537K [0x000000008ba00000, 0x0000000090900000, 0x00000000d9380000)
  object space 80896K, 10% used [0x000000008ba00000,0x000000008c2567c0,0x0000000090900000)
 Metaspace       used 18397K, capacity 18958K, committed 19072K, reserved 1067008K
  class space    used 2248K, capacity 2409K, committed 2432K, reserved 1048576K
}
Event: 12,462 GC heap before
{Heap before GC invocations=6 (full 0):
 PSYoungGen      total 66048K, used 66032K [0x00000000d9380000, 0x00000000e1c80000, 0x0000000100000000)
  eden space 61440K, 100% used [0x00000000d9380000,0x00000000dcf80000,0x00000000dcf80000)
  from space 4608K, 99% used [0x00000000dcf80000,0x00000000dd3fc010,0x00000000dd400000)
  to   space 8704K, 0% used [0x00000000e1400000,0x00000000e1400000,0x00000000e1c80000)
 ParOldGen       total 80896K, used 8537K [0x000000008ba00000, 0x0000000090900000, 0x00000000d9380000)
  object space 80896K, 10% used [0x000000008ba00000,0x000000008c2567c0,0x0000000090900000)
 Metaspace       used 19028K, capacity 19566K, committed 19712K, reserved 1067008K
  class space    used 2285K, capacity 2441K, committed 2560K, reserved 1048576K
Event: 12,496 GC heap after
Heap after GC invocations=6 (full 0):
 PSYoungGen      total 126976K, used 8672K [0x00000000d9380000, 0x00000000e2580000, 0x0000000100000000)
  eden space 118272K, 0% used [0x00000000d9380000,0x00000000d9380000,0x00000000e0700000)
  from space 8704K, 99% used [0x00000000e1400000,0x00000000e1c78120,0x00000000e1c80000)
  to   space 13312K, 0% used [0x00000000e0700000,0x00000000e0700000,0x00000000e1400000)
 ParOldGen       total 80896K, used 15341K [0x000000008ba00000, 0x0000000090900000, 0x00000000d9380000)
  object space 80896K, 18% used [0x000000008ba00000,0x000000008c8fb748,0x0000000090900000)
 Metaspace       used 19028K, capacity 19566K, committed 19712K, reserved 1067008K
  class space    used 2285K, capacity 2441K, committed 2560K, reserved 1048576K
}
Event: 13,237 GC heap before
{Heap before GC invocations=7 (full 0):
 PSYoungGen      total 126976K, used 74752K [0x00000000d9380000, 0x00000000e2580000, 0x0000000100000000)
  eden space 118272K, 55% used [0x00000000d9380000,0x00000000dd408020,0x00000000e0700000)
  from space 8704K, 99% used [0x00000000e1400000,0x00000000e1c78120,0x00000000e1c80000)
  to   space 13312K, 0% used [0x00000000e0700000,0x00000000e0700000,0x00000000e1400000)
 ParOldGen       total 80896K, used 15341K [0x000000008ba00000, 0x0000000090900000, 0x00000000d9380000)
  object space 80896K, 18% used [0x000000008ba00000,0x000000008c8fb748,0x0000000090900000)
 Metaspace       used 20592K, capacity 21102K, committed 21296K, reserved 1069056K
  class space    used 2429K, capacity 2569K, committed 2688K, reserved 1048576K

Deoptimization events (10 events):
Event: 13,207 Thread 0x00007fd14c00a000 Uncommon trap: reason=class_check action=maybe_recompile pc=0x00007fd13dd9844c method=com.sun.tools.javac.code.Types$19.visitClassType(Lcom/sun/tools/javac/code/Type$ClassType;Ljava/lang/Void;)Lcom/sun/tools/javac/util/List; @ 46
Event: 13,213 Thread 0x00007fd14c00a000 Uncommon trap: reason=class_check action=maybe_recompile pc=0x00007fd13ddaafd8 method=com.sun.tools.javac.code.Types$18.visitClassType(Lcom/sun/tools/javac/code/Type$ClassType;Ljava/lang/Void;)Lcom/sun/tools/javac/code/Type; @ 19
Event: 13,213 Thread 0x00007fd14c00a000 Uncommon trap: reason=bimorphic action=maybe_recompile pc=0x00007fd13dd7ee10 method=com.sun.tools.javac.code.Type$ClassType.allparams()Lcom/sun/tools/javac/util/List; @ 9
Event: 13,213 Thread 0x00007fd14c00a000 Uncommon trap: reason=class_check action=maybe_recompile pc=0x00007fd13dd9844c method=com.sun.tools.javac.code.Types$19.visitClassType(Lcom/sun/tools/javac/code/Type$ClassType;Ljava/lang/Void;)Lcom/sun/tools/javac/util/List; @ 46
Event: 13,216 Thread 0x00007fd14c00a000 Uncommon trap: reason=class_check action=maybe_recompile pc=0x00007fd13dd76c34 method=com.sun.tools.javac.code.Types$18.visitClassType(Lcom/sun/tools/javac/code/Type$ClassType;Ljava/lang/Void;)Lcom/sun/tools/javac/code/Type; @ 19
Event: 13,219 Thread 0x00007fd14c00a000 Uncommon trap: reason=unstable_if action=reinterpret pc=0x00007fd13dc93d08 method=com.sun.tools.javac.code.Scope.dble()V @ 44
Event: 13,221 Thread 0x00007fd14c00a000 Uncommon trap: reason=bimorphic action=maybe_recompile pc=0x00007fd13dd518e4 method=com.sun.tools.javac.code.Type$ClassType.isErroneous()Z @ 1
Event: 13,221 Thread 0x00007fd14c00a000 Uncommon trap: reason=bimorphic action=maybe_recompile pc=0x00007fd13dd518e4 method=com.sun.tools.javac.code.Type$ClassType.isErroneous()Z @ 1
Event: 13,221 Thread 0x00007fd14c00a000 Uncommon trap: reason=bimorphic action=maybe_recompile pc=0x00007fd13dd518e4 method=com.sun.tools.javac.code.Type$ClassType.isErroneous()Z @ 1
Event: 13,224 Thread 0x00007fd14c00a000 Uncommon trap: reason=unstable_if action=reinterpret pc=0x00007fd13dcfa82c method=com.sun.tools.javac.code.Type$ClassType.getTypeArguments()Lcom/sun/tools/javac/util/List; @ 15

Internal exceptions (10 events):
Event: 3,274 Thread 0x00007fd14c00a000 Implicit null exception at 0x00007fd13d397ab5 to 0x00007fd13d397c99
Event: 3,274 Thread 0x00007fd14c00a000 Implicit null exception at 0x00007fd13d2e1b6f to 0x00007fd13d2e1bd9
Event: 3,401 Thread 0x00007fd14c00a000 Implicit null exception at 0x00007fd13d54097e to 0x00007fd13d540c99
Event: 4,588 Thread 0x00007fd14c00a000 Implicit null exception at 0x00007fd13d369cd8 to 0x00007fd13d369d66
Event: 4,781 Thread 0x00007fd14c00a000 Exception <a 'java/lang/NoClassDefFoundError': org/slf4j/Logger> (0x00000000dada1e38) thrown at [/HUDSON/workspace/8-2-build-linux-amd64/jdk8u91/6644/hotspot/src/share/vm/oops/constantPool.cpp, line 235]
Event: 5,494 Thread 0x00007fd14c00a000 Exception <a 'java/lang/NoClassDefFoundError': org/slf4j/Logger> (0x00000000da066da0) thrown at [/HUDSON/workspace/8-2-build-linux-amd64/jdk8u91/6644/hotspot/src/share/vm/oops/constantPool.cpp, line 235]
Event: 6,567 Thread 0x00007fd14c00a000 Exception <a 'java/lang/NoClassDefFoundError': org/slf4j/Logger> (0x00000000dc00d0f8) thrown at [/HUDSON/workspace/8-2-build-linux-amd64/jdk8u91/6644/hotspot/src/share/vm/oops/constantPool.cpp, line 235]
Event: 6,731 Thread 0x00007fd14c00a000 Exception <a 'java/lang/ClassNotFoundException': com/sun/tools/javac/api/JavacTool> (0x00000000dc385be8) thrown at [/HUDSON/workspace/8-2-build-linux-amd64/jdk8u91/6644/hotspot/src/share/vm/classfile/systemDictionary.cpp, line 210]
Event: 12,390 Thread 0x00007fd14c00a000 Exception <a 'java/io/FileNotFoundException'> (0x00000000dccb23d0) thrown at [/HUDSON/workspace/8-2-build-linux-amd64/jdk8u91/6644/hotspot/src/share/vm/prims/jni.cpp, line 709]
Event: 12,434 Thread 0x00007fd14c00a000 Exception <a 'java/io/FileNotFoundException'> (0x00000000dcce6f30) thrown at [/HUDSON/workspace/8-2-build-linux-amd64/jdk8u91/6644/hotspot/src/share/vm/prims/jni.cpp, line 709]

Events (10 events):
Event: 13,237 Thread 0x00007fd14c0bd000 flushing nmethod 0x00007fd13d2c6e90
Event: 13,237 Thread 0x00007fd14c0bd000 flushing nmethod 0x00007fd13d2ce590
Event: 13,237 Thread 0x00007fd14c0bd000 flushing nmethod 0x00007fd13d2ce9d0
Event: 13,237 Thread 0x00007fd14c0bd000 flushing nmethod 0x00007fd13d2cee90
Event: 13,237 Thread 0x00007fd14c0bd000 flushing nmethod 0x00007fd13d2cf190
Event: 13,237 Thread 0x00007fd14c0bd000 flushing nmethod 0x00007fd13d2d0550
Event: 13,237 Thread 0x00007fd14c0bd000 flushing nmethod 0x00007fd13d2d3a50
Event: 13,237 Thread 0x00007fd14c0bd000 flushing nmethod 0x00007fd13d2d5dd0
Event: 13,237 Thread 0x00007fd14c0bd000 flushing nmethod 0x00007fd13d2d6410
Event: 13,237 Executing VM operation: CollectForMetadataAllocation


Dynamic libraries:
00400000-00401000 r-xp 00000000 08:01 6555299                            /usr/local/jdk/jdk1.8.0_91/bin/java
00600000-00601000 rw-p 00000000 08:01 6555299                            /usr/local/jdk/jdk1.8.0_91/bin/java
00b68000-00b89000 rw-p 00000000 00:00 0                                  [heap]
8ba00000-90900000 rw-p 00000000 00:00 0 
90900000-d9380000 ---p 00000000 00:00 0 
d9380000-e2580000 rw-p 00000000 00:00 0 
ea080000-100000000 ---p 00000000 00:00 0 
100000000-1002a0000 rw-p 00000000 00:00 0 
1002a0000-140000000 ---p 00000000 00:00 0 
7fd0f8000000-7fd0f8021000 rw-p 00000000 00:00 0 
7fd0f8021000-7fd0fc000000 ---p 00000000 00:00 0 
7fd100000000-7fd100021000 rw-p 00000000 00:00 0 
7fd100021000-7fd104000000 ---p 00000000 00:00 0 
7fd104000000-7fd104021000 rw-p 00000000 00:00 0 
7fd104021000-7fd108000000 ---p 00000000 00:00 0 
7fd108000000-7fd10a06d000 rw-p 00000000 00:00 0 
7fd10a06d000-7fd10c000000 ---p 00000000 00:00 0 
7fd10c000000-7fd10cb1b000 rw-p 00000000 00:00 0 
7fd10cb1b000-7fd110000000 ---p 00000000 00:00 0 
7fd110000000-7fd110021000 rw-p 00000000 00:00 0 
7fd110021000-7fd114000000 ---p 00000000 00:00 0 
7fd114000000-7fd11635d000 rw-p 00000000 00:00 0 
7fd11635d000-7fd118000000 ---p 00000000 00:00 0 
7fd118000000-7fd118021000 rw-p 00000000 00:00 0 
7fd118021000-7fd11c000000 ---p 00000000 00:00 0 
7fd11c000000-7fd11c021000 rw-p 00000000 00:00 0 
7fd11c021000-7fd120000000 ---p 00000000 00:00 0 
7fd120000000-7fd120021000 rw-p 00000000 00:00 0 
7fd120021000-7fd124000000 ---p 00000000 00:00 0 
7fd124000000-7fd12442a000 rw-p 00000000 00:00 0 
7fd12442a000-7fd128000000 ---p 00000000 00:00 0 
7fd128000000-7fd128021000 rw-p 00000000 00:00 0 
7fd128021000-7fd12c000000 ---p 00000000 00:00 0 
7fd12e676000-7fd12e6a3000 rw-p 00000000 00:00 0 
7fd12e6a3000-7fd12e877000 ---p 00000000 00:00 0 
7fd12e877000-7fd12e87e000 r--s 00000000 08:01 8914178                    /usr/lib/x86_64-linux-gnu/gconv/gconv-modules.cache
7fd12e87e000-7fd12e8a4000 r--p 00000000 08:01 6557553                    /usr/share/locale-langpack/es/LC_MESSAGES/libc.mo
7fd12e8a4000-7fd12e8a6000 r--s 00007000 08:01 10486711                   /home/luis/.m2/repository/com/fasterxml/jackson/core/jackson-annotations/2.1.4/jackson-annotations-2.1.4.jar
7fd12e8a6000-7fd12e8b7000 r--s 000d2000 08:01 10486688                   /home/luis/.m2/repository/com/fasterxml/jackson/core/jackson-databind/2.1.4/jackson-databind-2.1.4.jar
7fd12e8b7000-7fd12e8bb000 r--s 0002f000 08:01 10486701                   /home/luis/.m2/repository/com/fasterxml/jackson/core/jackson-core/2.1.4/jackson-core-2.1.4.jar
7fd12e8bb000-7fd12e8cb000 r--s 000c4000 08:01 10749625                   /home/luis/.m2/repository/org/codehaus/castor/castor/1.2/castor-1.2.jar
7fd12e8cb000-7fd12e8ef000 r--s 00341000 08:01 10487086                   /home/luis/.m2/repository/eclipse/jdtcore/3.1.0/jdtcore-3.1.0.jar
7fd12e8ef000-7fd12e8f7000 r--s 00028000 08:01 10879751                   /home/luis/.m2/repository/xml-apis/xml-apis/1.3.02/xml-apis-1.3.02.jar
7fd12e8f7000-7fd12e907000 r--s 0013f000 08:01 10879815                   /home/luis/.m2/repository/jfree/jfreechart/1.0.12/jfreechart-1.0.12.jar
7fd12e907000-7fd12e90d000 r--s 00046000 08:01 10879808                   /home/luis/.m2/repository/jfree/jcommon/1.0.15/jcommon-1.0.15.jar
7fd12e90d000-7fd12e911000 r--s 0002b000 08:01 10618796                   /home/luis/.m2/repository/org/bouncycastle/bcmail-jdk14/1.38/bcmail-jdk14-1.38.jar
7fd12e911000-7fd12e932000 r--s 0015a000 08:01 10618806                   /home/luis/.m2/repository/org/bouncycastle/bcprov-jdk14/1.38/bcprov-jdk14-1.38.jar
7fd12e932000-7fd12e933000 r--s 00005000 08:01 10618789                   /home/luis/.m2/repository/org/bouncycastle/bctsp-jdk14/1.38/bctsp-jdk14-1.38.jar
7fd12e933000-7fd12e954000 r--s 0015a000 08:01 10486145                   /home/luis/.m2/repository/bouncycastle/bcprov-jdk14/138/bcprov-jdk14-138.jar
7fd12e954000-7fd12e958000 r--s 0002b000 08:01 10486138                   /home/luis/.m2/repository/bouncycastle/bcmail-jdk14/138/bcmail-jdk14-138.jar
7fd12e958000-7fd12e965000 r--s 00108000 08:01 10486741                   /home/luis/.m2/repository/com/lowagie/itext/2.1.7.js2/itext-2.1.7.js2.jar
7fd12e965000-7fd12e967000 r--s 0000d000 08:01 10879887                   /home/luis/.m2/repository/commons-logging/commons-logging/1.1.1/commons-logging-1.1.1.jar
7fd12e967000-7fd12e96d000 r--s 0002b000 08:01 10487036                   /home/luis/.m2/repository/commons-digester/commons-digester/2.1/commons-digester-2.1.jar
7fd12e96d000-7fd12e973000 r--s 00023000 08:01 10879961                   /home/luis/.m2/repository/commons-collections/commons-collections/2.1/commons-collections-2.1.jar
7fd12e973000-7fd12e978000 r--s 00034000 08:01 10486942                   /home/luis/.m2/repository/commons-beanutils/commons-beanutils/1.8.0/commons-beanutils-1.8.0.jar
7fd12e978000-7fd12e9ca000 r--s 00421000 08:01 10487213                   /home/luis/.m2/repository/net/sf/jasperreports/jasperreports/5.5.0/jasperreports-5.5.0.jar
7fd12e9ca000-7fd12e9cd000 r--s 0000f000 08:01 11013459                   /home/luis/.m2/repository/commons-fileupload/commons-fileupload/1.3.2/commons-fileupload-1.3.2.jar
7fd12e9cd000-7fd12e9d1000 r--s 0002f000 08:01 10491176                   /home/luis/.m2/repository/commons-io/commons-io/2.5/commons-io-2.5.jar
7fd12e9d1000-7fd12e9d3000 r--s 0025c000 08:01 10490557                   /home/luis/.m2/repository/net/sf/jasperreports/jasperreports-fonts/6.0.0/jasperreports-fonts-6.0.0.jar
7fd12e9d3000-7fd12e9dd000 r--s 0005c000 08:01 10486230                   /home/luis/.m2/repository/javax/servlet/jstl/1.2/jstl-1.2.jar
7fd12e9dd000-7fd12e9ea000 r--s 0009f000 08:01 10491608                   /home/luis/.m2/repository/org/omnifaces/omnifaces/2.5.1/omnifaces-2.5.1.jar
7fd12e9ea000-7fd12e9fe000 r--s 0013a000 08:01 10748764                   /home/luis/.m2/repository/org/primefaces/themes/all-themes/1.0.10/all-themes-1.0.10.jar
7fd12e9fe000-7fd12ea03000 r--s 0002a000 08:01 10486604                   /home/luis/.m2/repository/com/google/code/gson/gson/2.2.4/gson-2.2.4.jar
7fd12ea03000-7fd12ea10000 r--s 0015c000 08:01 10748661                   /home/luis/.m2/repository/org/primefaces/extensions/primefaces-extensions/4.0.0/primefaces-extensions-4.0.0.jar
7fd12ea10000-7fd12ea3c000 r--s 00318000 08:01 10748789                   /home/luis/.m2/repository/org/primefaces/primefaces/5.3/primefaces-5.3.jar
7fd12ea3c000-7fd12ea3f000 r--s 00015000 08:01 10486258                   /home/luis/.m2/repository/javax/servlet/javax.servlet-api/3.1.0/javax.servlet-api-3.1.0.jar
7fd12ea3f000-7fd12ea44000 r--s 00046000 08:01 10618655                   /home/luis/.m2/repository/org/apache/commons/commons-lang3/3.0/commons-lang3-3.0.jar
7fd12ea44000-7fd12ea46000 r--s 00010000 08:01 10486982                   /home/luis/.m2/repository/commons-codec/commons-codec/1.5/commons-codec-1.5.jar
7fd12ea46000-7fd12ea68000 r--s 001bb000 08:01 10618685                   /home/luis/.m2/repository/org/apache/poi/poi/3.10-FINAL/poi-3.10-FINAL.jar
7fd12ea68000-7fd12ea6f000 r--s 00088000 08:01 10486467                   /home/luis/.m2/repository/com/microsoft/sqlserver/sqljdbc/4-4.0.2206.100/sqljdbc-4-4.0.2206.100.jar
7fd12ea6f000-7fd12ea7d000 r--s 00091000 08:01 10748891                   /home/luis/.m2/repository/org/hibernate/hibernate-entitymanager/4.3.8.Final/hibernate-entitymanager-4.3.8.Final.jar
7fd12ea7d000-7fd12ea82000 r--s 00068000 08:01 10879973                   /home/luis/.m2/repository/antlr/antlr/2.7.7/antlr-2.7.7.jar
7fd12ea82000-7fd12eae0000 r--s 004aa000 08:01 10748932                   /home/luis/.m2/repository/org/hibernate/hibernate-core/4.3.8.Final/hibernate-core-4.3.8.Final.jar
7fd12eae0000-7fd12eb39000 r--s 00485000 08:01 10747955                   /home/luis/.m2/repository/org/jboss/weld/servlet/weld-servlet/2.3.2.Final/weld-servlet-2.3.2.Final.jar
7fd12eb39000-7fd12ed39000 rw-p 00000000 00:00 0 
7fd12ed39000-7fd12ef39000 rw-p 00000000 00:00 0 
7fd12ef39000-7fd12f139000 rw-p 00000000 00:00 0 
7fd12f139000-7fd12f143000 r--s 000a5000 08:01 10749332                   /home/luis/.m2/repository/org/javassist/javassist/3.18.1-GA/javassist-3.18.1-GA.jar
7fd12f143000-7fd12f148000 r--s 00017000 08:01 10748872                   /home/luis/.m2/repository/org/hibernate/javax/persistence/hibernate-jpa-2.1-api/1.0.0.Final/hibernate-jpa-2.1-api-1.0.0.Final.jar
7fd12f148000-7fd12f14b000 r--s 00010000 08:01 10748943                   /home/luis/.m2/repository/org/hibernate/common/hibernate-commons-annotations/4.0.5.Final/hibernate-commons-annotations-4.0.5.Final.jar
7fd12f14b000-7fd12f14c000 r--s 00006000 08:01 10748149                   /home/luis/.m2/repository/org/jboss/spec/javax/transaction/jboss-transaction-api_1.2_spec/1.0.0.Final/jboss-transaction-api_1.2_spec-1.0.0.Final.jar
7fd12f14c000-7fd12f14d000 r--s 00002000 08:01 10748257                   /home/luis/.m2/repository/org/jboss/logging/jboss-logging-annotations/1.2.0.Beta1/jboss-logging-annotations-1.2.0.Beta1.jar
7fd12f14d000-7fd12f14f000 r--s 0000d000 08:01 10486667                   /home/luis/.m2/repository/com/fasterxml/classmate/1.0.0/classmate-1.0.0.jar
7fd12f14f000-7fd12f151000 r--s 0000c000 08:01 10748241                   /home/luis/.m2/repository/org/jboss/logging/jboss-logging/3.1.3.GA/jboss-logging-3.1.3.GA.jar
7fd12f151000-7fd12f155000 r--s 0000c000 08:01 10486380                   /home/luis/.m2/repository/javax/validation/validation-api/1.1.0.Final/validation-api-1.1.0.Final.jar
7fd12f155000-7fd12f163000 r--s 0008d000 08:01 10748918                   /home/luis/.m2/repository/org/hibernate/hibernate-validator/5.1.3.Final/hibernate-validator-5.1.3.Final.jar
7fd12f163000-7fd12f18c000 r--s 002d6000 08:01 10754780                   /home/luis/.m2/repository/org/glassfish/javax.faces/2.2.13/javax.faces-2.2.13.jar
7fd12f18c000-7fd12f199000 r--s 0009c000 08:01 10486211                   /home/luis/.m2/repository/javax/faces/javax.faces-api/2.2/javax.faces-api-2.2.jar
7fd12f199000-7fd12f19e000 r--s 00048000 08:01 10486967                   /home/luis/.m2/repository/dom4j/dom4j/1.6.1/dom4j-1.6.1.jar
7fd12f19e000-7fd12f1db000 r--s 0024f000 08:01 10618676                   /home/luis/.m2/repository/org/apache/xmlbeans/xmlbeans/2.3.0/xmlbeans-2.3.0.jar
7fd12f1db000-7fd12f25a000 r--s 0034a000 08:01 10618705                   /home/luis/.m2/repository/org/apache/poi/poi-ooxml-schemas/3.7/poi-ooxml-schemas-3.7.jar
7fd12f25a000-7fd12f2d3000 r--s 010e3000 08:01 6554358                    /usr/local/jdk/jdk1.8.0_91/lib/tools.jar
7fd12f2d3000-7fd12f2e4000 r-xp 00000000 08:01 6555207                    /usr/local/jdk/jdk1.8.0_91/jre/lib/amd64/libnio.so
7fd12f2e4000-7fd12f4e3000 ---p 00011000 08:01 6555207                    /usr/local/jdk/jdk1.8.0_91/jre/lib/amd64/libnio.so
7fd12f4e3000-7fd12f4e4000 rw-p 00010000 08:01 6555207                    /usr/local/jdk/jdk1.8.0_91/jre/lib/amd64/libnio.so
7fd12f4e4000-7fd12f4fa000 r-xp 00000000 08:01 6555178                    /usr/local/jdk/jdk1.8.0_91/jre/lib/amd64/libnet.so
7fd12f4fa000-7fd12f6fa000 ---p 00016000 08:01 6555178                    /usr/local/jdk/jdk1.8.0_91/jre/lib/amd64/libnet.so
7fd12f6fa000-7fd12f6fb000 rw-p 00016000 08:01 6555178                    /usr/local/jdk/jdk1.8.0_91/jre/lib/amd64/libnet.so
7fd12f6fb000-7fd12f8fb000 rw-p 00000000 00:00 0 
7fd12f8fb000-7fd12fafb000 rw-p 00000000 00:00 0 
7fd12fafb000-7fd12fafc000 ---p 00000000 00:00 0 
7fd12fafc000-7fd12fbfc000 rw-p 00000000 00:00 0                          [stack:17114]
7fd12fbfc000-7fd12fbff000 ---p 00000000 00:00 0 
7fd12fbff000-7fd12fcfd000 rw-p 00000000 00:00 0                          [stack:17113]
7fd12fcfd000-7fd12fd00000 ---p 00000000 00:00 0 
7fd12fd00000-7fd12fdfe000 rw-p 00000000 00:00 0                          [stack:17112]
7fd12fdfe000-7fd12fe01000 ---p 00000000 00:00 0 
7fd12fe01000-7fd12feff000 rw-p 00000000 00:00 0                          [stack:17111]
7fd12feff000-7fd12ff02000 ---p 00000000 00:00 0 
7fd12ff02000-7fd130000000 rw-p 00000000 00:00 0                          [stack:17110]
7fd130000000-7fd130021000 rw-p 00000000 00:00 0 
7fd130021000-7fd134000000 ---p 00000000 00:00 0 
7fd134000000-7fd134002000 r--s 00012000 08:01 10748283                   /home/luis/.m2/repository/org/jboss/jandex/1.2.3.Final/jandex-1.2.3.Final.jar
7fd134002000-7fd134004000 r--s 00005000 08:01 10487339                   /home/luis/.m2/repository/org/apache/geronimo/specs/geronimo-stax-api_1.0_spec/1.0/geronimo-stax-api_1.0_spec-1.0.jar
7fd134004000-7fd134006000 r--s 00005000 08:01 10880017                   /home/luis/.m2/repository/stax/stax-api/1.0.1/stax-api-1.0.1.jar
7fd134006000-7fd13400d000 r--s 00073000 08:01 10618712                   /home/luis/.m2/repository/org/apache/poi/poi-ooxml/3.7/poi-ooxml-3.7.jar
7fd13400d000-7fd134010000 r--s 0001b000 08:01 10485976                   /home/luis/.m2/repository/junit/junit/3.8.2/junit-3.8.2.jar
7fd134010000-7fd13401e000 r--s 0008f000 08:01 10486474                   /home/luis/.m2/repository/com/google/collections/google-collections/1.0/google-collections-1.0.jar
7fd13401e000-7fd13401f000 r--s 0000a000 08:01 10879874                   /home/luis/.m2/repository/commons-logging/commons-logging-api/1.1/commons-logging-api-1.1.jar
7fd13401f000-7fd134026000 r--s 00051000 08:01 10485982                   /home/luis/.m2/repository/log4j/log4j/1.2.12/log4j-1.2.12.jar
7fd134026000-7fd13402a000 r--s 0001d000 08:01 10616849                   /home/luis/.m2/repository/org/apache/xbean/xbean-reflect/3.4/xbean-reflect-3.4.jar
7fd13402a000-7fd13402b000 r--s 00004000 08:01 10879235                   /home/luis/.m2/repository/org/codehaus/plexus/plexus-compiler-javac/2.0/plexus-compiler-javac-2.0.jar
7fd13402b000-7fd13402d000 r--s 00000000 08:01 10879048                   /home/luis/.m2/repository/org/codehaus/plexus/plexus-compiler-manager/2.0/plexus-compiler-manager-2.0.jar
7fd13402d000-7fd13402f000 r--s 00005000 08:01 10878996                   /home/luis/.m2/repository/org/codehaus/plexus/plexus-compiler-api/2.0/plexus-compiler-api-2.0.jar
7fd13402f000-7fd134031000 r--s 00000000 08:01 10879264                   /home/luis/.m2/repository/org/codehaus/plexus/plexus-component-annotations/1.5.5/plexus-component-annotations-1.5.5.jar
7fd134031000-7fd134033000 r--s 00002000 08:01 10618400                   /home/luis/.m2/repository/org/apache/maven/shared/maven-shared-incremental/1.0/maven-shared-incremental-1.0.jar
7fd134033000-7fd134035000 r--s 00006000 08:01 10486583                   /home/luis/.m2/repository/com/google/code/findbugs/jsr305/2.0.1/jsr305-2.0.1.jar
7fd134035000-7fd134038000 r--s 00023000 08:01 10618436                   /home/luis/.m2/repository/org/apache/maven/shared/maven-shared-utils/0.1/maven-shared-utils-0.1.jar
7fd134038000-7fd13403c000 r--s 00030000 08:01 10879421                   /home/luis/.m2/repository/org/codehaus/plexus/plexus-utils/1.5.1/plexus-utils-1.5.1.jar
7fd13403c000-7fd13403e000 r--s 00009000 08:01 10617289                   /home/luis/.m2/repository/org/apache/maven/plugins/maven-compiler-plugin/3.0/maven-compiler-plugin-3.0.jar
7fd13403e000-7fd134040000 r--s 0000d000 08:01 10879620                   /home/luis/.m2/repository/org/codehaus/plexus/plexus-interpolation/1.13/plexus-interpolation-1.13.jar
7fd134040000-7fd134041000 r--s 00001000 08:01 10749426                   /home/luis/.m2/repository/org/sonatype/plexus/plexus-build-api/0.0.4/plexus-build-api-0.0.4.jar
7fd134041000-7fd134043000 r--s 00007000 08:01 10618468                   /home/luis/.m2/repository/org/apache/maven/shared/maven-filtering/1.0-beta-4/maven-filtering-1.0-beta-4.jar
7fd134043000-7fd134046000 r--s 0001b000 08:01 10485952                   /home/luis/.m2/repository/junit/junit/3.8.1/junit-3.8.1.jar
7fd134046000-7fd134048000 r--s 00002000 08:01 10879637                   /home/luis/.m2/repository/org/codehaus/plexus/plexus-interactivity-api/1.0-alpha-4/plexus-interactivity-api-1.0-alpha-4.jar
7fd134048000-7fd13404a000 r--s 00006000 08:01 10879911                   /home/luis/.m2/repository/commons-cli/commons-cli/1.0/commons-cli-1.0.jar
7fd13404a000-7fd13404b000 r--s 00001000 08:01 10617076                   /home/luis/.m2/repository/org/apache/maven/doxia/doxia-sink-api/1.0-alpha-7/doxia-sink-api-1.0-alpha-7.jar
7fd13404b000-7fd13404c000 r--s 00002000 08:01 10618129                   /home/luis/.m2/repository/org/apache/maven/reporting/maven-reporting-api/2.0.6/maven-reporting-api-2.0.6.jar
7fd13404c000-7fd13404d000 r--s 00005000 08:01 10617342                   /home/luis/.m2/repository/org/apache/maven/plugins/maven-resources-plugin/2.4.3/maven-resources-plugin-2.4.3.jar
7fd13404d000-7fd134051000 r--s 00033000 08:01 10879404                   /home/luis/.m2/repository/org/codehaus/plexus/plexus-utils/2.0.5/plexus-utils-2.0.5.jar
7fd134051000-7fd134052000 r--s 00005000 08:01 10617423                   /home/luis/.m2/repository/org/apache/maven/plugins/maven-clean-plugin/2.4.1/maven-clean-plugin-2.4.1.jar
7fd134052000-7fd134055000 ---p 00000000 00:00 0 
7fd134055000-7fd13408b000 rw-p 00000000 00:00 0                          [stack:17117]
7fd13408b000-7fd13408f000 r--s 00097000 08:01 6554928                    /usr/local/jdk/jdk1.8.0_91/jre/lib/jsse.jar
7fd13408f000-7fd134091000 r--s 0000c000 08:01 11537472                   /home/luis/netbeans-8.1/java/maven-nblib/netbeans-eventspy.jar
7fd134091000-7fd134093000 r--s 00006000 08:01 11536326                   /home/luis/netbeans-8.1/java/maven/lib/aether-connector-wagon-1.13.1.jar
7fd134093000-7fd1345d0000 r--p 00000000 08:01 8783087                    /usr/lib/locale/locale-archive
7fd1345d0000-7fd138000000 rw-p 00000000 00:00 0 
7fd138000000-7fd138021000 rw-p 00000000 00:00 0 
7fd138021000-7fd13c000000 ---p 00000000 00:00 0 
7fd13c000000-7fd13c001000 r--p 00000000 00:00 0 
7fd13c001000-7fd13c008000 r--s 0003f000 08:01 11536343                   /home/luis/netbeans-8.1/java/maven/lib/sisu-inject-bean-2.3.0.jar
7fd13c008000-7fd13c012000 r--s 00116000 08:01 6555102                    /usr/local/jdk/jdk1.8.0_91/jre/lib/ext/localedata.jar
7fd13c012000-7fd13c02e000 r--s 00393000 08:01 6555099                    /usr/local/jdk/jdk1.8.0_91/jre/lib/ext/cldrdata.jar
7fd13c02e000-7fd13c032000 r--s 00013000 08:01 11536340                   /home/luis/netbeans-8.1/java/maven/lib/aether-api-1.13.1.jar
7fd13c032000-7fd13c035000 r--s 0001d000 08:01 11536323                   /home/luis/netbeans-8.1/java/maven/lib/aether-impl-1.13.1.jar
7fd13c035000-7fd13c03c000 r--s 0002b000 08:01 11536327                   /home/luis/netbeans-8.1/java/maven/lib/sisu-inject-plexus-2.3.0.jar
7fd13c03c000-7fd13c057000 r--s 000e4000 08:01 11536321                   /home/luis/netbeans-8.1/java/maven/lib/wagon-http-2.4-shaded.jar
7fd13c057000-7fd13c059000 r--s 00002000 08:01 11536344                   /home/luis/netbeans-8.1/java/maven/lib/plexus-cipher-1.7.jar
7fd13c059000-7fd13c05c000 r--s 00008000 08:01 11536329                   /home/luis/netbeans-8.1/java/maven/lib/maven-settings-builder-3.0.5.jar
7fd13c05c000-7fd13c05e000 r--s 00006000 08:01 11536342                   /home/luis/netbeans-8.1/java/maven/lib/maven-repository-metadata-3.0.5.jar
7fd13c05e000-7fd13c062000 r--s 00021000 08:01 11536347                   /home/luis/netbeans-8.1/java/maven/lib/maven-model-builder-3.0.5.jar
7fd13c062000-7fd13c081000 r--s 00154000 08:01 11536349                   /home/luis/netbeans-8.1/java/maven/lib/sisu-guava-0.9.9.jar
7fd13c081000-7fd13c0af000 r--s 001c9000 08:01 11536333                   /home/luis/netbeans-8.1/java/maven/lib/ext/wagon-http-2.8-shaded.jar
7fd13c0af000-7fd13c0b2000 ---p 00000000 00:00 0 
7fd13c0b2000-7fd13c1b0000 rw-p 00000000 00:00 0                          [stack:17109]
7fd13c1b0000-7fd13c1b3000 ---p 00000000 00:00 0 
7fd13c1b3000-7fd13c2b1000 rw-p 00000000 00:00 0                          [stack:17108]
7fd13c2b1000-7fd13c2b4000 ---p 00000000 00:00 0 
7fd13c2b4000-7fd13c3b2000 rw-p 00000000 00:00 0                          [stack:17107]
7fd13c3b2000-7fd13c3b3000 ---p 00000000 00:00 0 
7fd13c3b3000-7fd13d000000 rw-p 00000000 00:00 0                          [stack:17106]
7fd13d000000-7fd13dea0000 rwxp 00000000 00:00 0 
7fd13dea0000-7fd14c000000 ---p 00000000 00:00 0 
7fd14c000000-7fd14ce91000 rw-p 00000000 00:00 0 
7fd14ce91000-7fd150000000 ---p 00000000 00:00 0 
7fd150000000-7fd150001000 r--s 0000a000 08:01 11536341                   /home/luis/netbeans-8.1/java/maven/lib/maven-embedder-3.0.5.jar
7fd150001000-7fd150003000 r--s 0000b000 08:01 11536335                   /home/luis/netbeans-8.1/java/maven/lib/wagon-provider-api-2.4.jar
7fd150003000-7fd150005000 r--s 0000b000 08:01 11536336                   /home/luis/netbeans-8.1/java/maven/lib/maven-artifact-3.0.5.jar
7fd150005000-7fd150007000 r--s 00000000 08:01 11536345                   /home/luis/netbeans-8.1/java/maven/lib/plexus-component-annotations-1.5.5.jar
7fd150007000-7fd15000b000 r--s 00033000 08:01 11536338                   /home/luis/netbeans-8.1/java/maven/lib/plexus-utils-2.0.6.jar
7fd15000b000-7fd15000c000 r--s 00006000 08:01 11536348                   /home/luis/netbeans-8.1/java/maven/lib/plexus-sec-dispatcher-1.3.jar
7fd15000c000-7fd15000e000 r--s 0000d000 08:01 11536352                   /home/luis/netbeans-8.1/java/maven/lib/plexus-interpolation-1.14.jar
7fd15000e000-7fd150014000 r--s 0003f000 08:01 11536337                   /home/luis/netbeans-8.1/java/maven/lib/maven-compat-3.0.5.jar
7fd150014000-7fd150015000 r--s 00002000 08:01 11536339                   /home/luis/netbeans-8.1/java/maven/lib/wagon-file-2.4.jar
7fd150015000-7fd1504aa000 rw-p 00000000 00:00 0 
7fd1504aa000-7fd150683000 r--s 03d1f000 08:01 6555153                    /usr/local/jdk/jdk1.8.0_91/jre/lib/rt.jar
7fd150683000-7fd15129c000 rw-p 00000000 00:00 0 
7fd15129c000-7fd15129d000 ---p 00000000 00:00 0 
7fd15129d000-7fd15139d000 rw-p 00000000 00:00 0                          [stack:17105]
7fd15139d000-7fd15139e000 ---p 00000000 00:00 0 
7fd15139e000-7fd15149e000 rw-p 00000000 00:00 0                          [stack:17104]
7fd15149e000-7fd15149f000 ---p 00000000 00:00 0 
7fd15149f000-7fd15159f000 rw-p 00000000 00:00 0                          [stack:17103]
7fd15159f000-7fd1515a0000 ---p 00000000 00:00 0 
7fd1515a0000-7fd1516c8000 rw-p 00000000 00:00 0                          [stack:17102]
7fd1516c8000-7fd15190d000 ---p 00000000 00:00 0 
7fd15190d000-7fd151935000 rw-p 00000000 00:00 0 
7fd151935000-7fd151b79000 ---p 00000000 00:00 0 
7fd151b79000-7fd151bc3000 rw-p 00000000 00:00 0 
7fd151bc3000-7fd151cb0000 ---p 00000000 00:00 0 
7fd151cb0000-7fd151cec000 rw-p 00000000 00:00 0 
7fd151cec000-7fd152071000 ---p 00000000 00:00 0 
7fd152071000-7fd15208b000 r-xp 00000000 08:01 6555168                    /usr/local/jdk/jdk1.8.0_91/jre/lib/amd64/libzip.so
7fd15208b000-7fd15228b000 ---p 0001a000 08:01 6555168                    /usr/local/jdk/jdk1.8.0_91/jre/lib/amd64/libzip.so
7fd15228b000-7fd15228c000 rw-p 0001a000 08:01 6555168                    /usr/local/jdk/jdk1.8.0_91/jre/lib/amd64/libzip.so
7fd15228c000-7fd152297000 r-xp 00000000 08:01 2360870                    /lib/x86_64-linux-gnu/libnss_files-2.19.so
7fd152297000-7fd152496000 ---p 0000b000 08:01 2360870                    /lib/x86_64-linux-gnu/libnss_files-2.19.so
7fd152496000-7fd152497000 r--p 0000a000 08:01 2360870                    /lib/x86_64-linux-gnu/libnss_files-2.19.so
7fd152497000-7fd152498000 rw-p 0000b000 08:01 2360870                    /lib/x86_64-linux-gnu/libnss_files-2.19.so
7fd152498000-7fd1524a3000 r-xp 00000000 08:01 2361003                    /lib/x86_64-linux-gnu/libnss_nis-2.19.so
7fd1524a3000-7fd1526a2000 ---p 0000b000 08:01 2361003                    /lib/x86_64-linux-gnu/libnss_nis-2.19.so
7fd1526a2000-7fd1526a3000 r--p 0000a000 08:01 2361003                    /lib/x86_64-linux-gnu/libnss_nis-2.19.so
7fd1526a3000-7fd1526a4000 rw-p 0000b000 08:01 2361003                    /lib/x86_64-linux-gnu/libnss_nis-2.19.so
7fd1526a4000-7fd1526bb000 r-xp 00000000 08:01 2360867                    /lib/x86_64-linux-gnu/libnsl-2.19.so
7fd1526bb000-7fd1528ba000 ---p 00017000 08:01 2360867                    /lib/x86_64-linux-gnu/libnsl-2.19.so
7fd1528ba000-7fd1528bb000 r--p 00016000 08:01 2360867                    /lib/x86_64-linux-gnu/libnsl-2.19.so
7fd1528bb000-7fd1528bc000 rw-p 00017000 08:01 2360867                    /lib/x86_64-linux-gnu/libnsl-2.19.so
7fd1528bc000-7fd1528be000 rw-p 00000000 00:00 0 
7fd1528be000-7fd1528c7000 r-xp 00000000 08:01 2361058                    /lib/x86_64-linux-gnu/libnss_compat-2.19.so
7fd1528c7000-7fd152ac6000 ---p 00009000 08:01 2361058                    /lib/x86_64-linux-gnu/libnss_compat-2.19.so
7fd152ac6000-7fd152ac7000 r--p 00008000 08:01 2361058                    /lib/x86_64-linux-gnu/libnss_compat-2.19.so
7fd152ac7000-7fd152ac8000 rw-p 00009000 08:01 2361058                    /lib/x86_64-linux-gnu/libnss_compat-2.19.so
7fd152ac8000-7fd152af2000 r-xp 00000000 08:01 6555180                    /usr/local/jdk/jdk1.8.0_91/jre/lib/amd64/libjava.so
7fd152af2000-7fd152cf2000 ---p 0002a000 08:01 6555180                    /usr/local/jdk/jdk1.8.0_91/jre/lib/amd64/libjava.so
7fd152cf2000-7fd152cf4000 rw-p 0002a000 08:01 6555180                    /usr/local/jdk/jdk1.8.0_91/jre/lib/amd64/libjava.so
7fd152cf4000-7fd152d01000 r-xp 00000000 08:01 6555181                    /usr/local/jdk/jdk1.8.0_91/jre/lib/amd64/libverify.so
7fd152d01000-7fd152f01000 ---p 0000d000 08:01 6555181                    /usr/local/jdk/jdk1.8.0_91/jre/lib/amd64/libverify.so
7fd152f01000-7fd152f03000 rw-p 0000d000 08:01 6555181                    /usr/local/jdk/jdk1.8.0_91/jre/lib/amd64/libverify.so
7fd152f03000-7fd152f0a000 r-xp 00000000 08:01 2360918                    /lib/x86_64-linux-gnu/librt-2.19.so
7fd152f0a000-7fd153109000 ---p 00007000 08:01 2360918                    /lib/x86_64-linux-gnu/librt-2.19.so
7fd153109000-7fd15310a000 r--p 00006000 08:01 2360918                    /lib/x86_64-linux-gnu/librt-2.19.so
7fd15310a000-7fd15310b000 rw-p 00007000 08:01 2360918                    /lib/x86_64-linux-gnu/librt-2.19.so
7fd15310b000-7fd153210000 r-xp 00000000 08:01 2360993                    /lib/x86_64-linux-gnu/libm-2.19.so
7fd153210000-7fd15340f000 ---p 00105000 08:01 2360993                    /lib/x86_64-linux-gnu/libm-2.19.so
7fd15340f000-7fd153410000 r--p 00104000 08:01 2360993                    /lib/x86_64-linux-gnu/libm-2.19.so
7fd153410000-7fd153411000 rw-p 00105000 08:01 2360993                    /lib/x86_64-linux-gnu/libm-2.19.so
7fd153411000-7fd1540d1000 r-xp 00000000 08:01 6555187                    /usr/local/jdk/jdk1.8.0_91/jre/lib/amd64/server/libjvm.so
7fd1540d1000-7fd1542d1000 ---p 00cc0000 08:01 6555187                    /usr/local/jdk/jdk1.8.0_91/jre/lib/amd64/server/libjvm.so
7fd1542d1000-7fd1543a9000 rw-p 00cc0000 08:01 6555187                    /usr/local/jdk/jdk1.8.0_91/jre/lib/amd64/server/libjvm.so
7fd1543a9000-7fd1543f4000 rw-p 00000000 00:00 0 
7fd1543f4000-7fd1545af000 r-xp 00000000 08:01 2360828                    /lib/x86_64-linux-gnu/libc-2.19.so
7fd1545af000-7fd1547af000 ---p 001bb000 08:01 2360828                    /lib/x86_64-linux-gnu/libc-2.19.so
7fd1547af000-7fd1547b3000 r--p 001bb000 08:01 2360828                    /lib/x86_64-linux-gnu/libc-2.19.so
7fd1547b3000-7fd1547b5000 rw-p 001bf000 08:01 2360828                    /lib/x86_64-linux-gnu/libc-2.19.so
7fd1547b5000-7fd1547ba000 rw-p 00000000 00:00 0 
7fd1547ba000-7fd1547bd000 r-xp 00000000 08:01 2361006                    /lib/x86_64-linux-gnu/libdl-2.19.so
7fd1547bd000-7fd1549bc000 ---p 00003000 08:01 2361006                    /lib/x86_64-linux-gnu/libdl-2.19.so
7fd1549bc000-7fd1549bd000 r--p 00002000 08:01 2361006                    /lib/x86_64-linux-gnu/libdl-2.19.so
7fd1549bd000-7fd1549be000 rw-p 00003000 08:01 2361006                    /lib/x86_64-linux-gnu/libdl-2.19.so
7fd1549be000-7fd1549d3000 r-xp 00000000 08:01 6554355                    /usr/local/jdk/jdk1.8.0_91/lib/amd64/jli/libjli.so
7fd1549d3000-7fd154bd3000 ---p 00015000 08:01 6554355                    /usr/local/jdk/jdk1.8.0_91/lib/amd64/jli/libjli.so
7fd154bd3000-7fd154bd4000 rw-p 00015000 08:01 6554355                    /usr/local/jdk/jdk1.8.0_91/lib/amd64/jli/libjli.so
7fd154bd4000-7fd154bed000 r-xp 00000000 08:01 2360846                    /lib/x86_64-linux-gnu/libpthread-2.19.so
7fd154bed000-7fd154dec000 ---p 00019000 08:01 2360846                    /lib/x86_64-linux-gnu/libpthread-2.19.so
7fd154dec000-7fd154ded000 r--p 00018000 08:01 2360846                    /lib/x86_64-linux-gnu/libpthread-2.19.so
7fd154ded000-7fd154dee000 rw-p 00019000 08:01 2360846                    /lib/x86_64-linux-gnu/libpthread-2.19.so
7fd154dee000-7fd154df2000 rw-p 00000000 00:00 0 
7fd154df2000-7fd154e15000 r-xp 00000000 08:01 2360891                    /lib/x86_64-linux-gnu/ld-2.19.so
7fd154e15000-7fd154e17000 r--s 0000b000 08:01 11536330                   /home/luis/netbeans-8.1/java/maven/lib/maven-plugin-api-3.0.5.jar
7fd154e17000-7fd154e19000 r--s 00009000 08:01 11536325                   /home/luis/netbeans-8.1/java/maven/lib/commons-cli-1.2.jar
7fd154e19000-7fd154e1b000 r--s 0000a000 08:01 11536346                   /home/luis/netbeans-8.1/java/maven/lib/maven-settings-3.0.5.jar
7fd154e1b000-7fd154e23000 r--s 00050000 08:01 11536350                   /home/luis/netbeans-8.1/java/maven/lib/sisu-guice-3.1.0-no_aop.jar
7fd154e23000-7fd154eec000 rw-p 00000000 00:00 0 
7fd154eec000-7fd154eef000 ---p 00000000 00:00 0 
7fd154eef000-7fd154ff1000 rw-p 00000000 00:00 0                          [stack:17101]
7fd154ff1000-7fd154ff2000 r--s 00003000 08:01 11536324                   /home/luis/netbeans-8.1/java/maven/lib/aether-spi-1.13.1.jar
7fd154ff2000-7fd154ffe000 r--s 0007d000 08:01 11536322                   /home/luis/netbeans-8.1/java/maven/lib/maven-core-3.0.5.jar
7fd154ffe000-7fd155002000 r--s 0001c000 08:01 11536351                   /home/luis/netbeans-8.1/java/maven/lib/aether-util-1.13.1.jar
7fd155002000-7fd155004000 r--s 00026000 08:01 11536328                   /home/luis/netbeans-8.1/java/maven/lib/maven-model-3.0.5.jar
7fd155004000-7fd155006000 r--s 0000c000 08:01 11536334                   /home/luis/netbeans-8.1/java/maven/lib/maven-aether-provider-3.0.5.jar
7fd155006000-7fd155008000 r--s 0000a000 08:01 11536363                   /home/luis/netbeans-8.1/java/maven/boot/plexus-classworlds-2.4.jar
7fd155008000-7fd155010000 rw-s 00000000 08:01 1444613                    /tmp/hsperfdata_luis/17098
7fd155010000-7fd155011000 rw-p 00000000 00:00 0 
7fd155011000-7fd155012000 ---p 00000000 00:00 0 
7fd155012000-7fd155014000 rw-p 00000000 00:00 0 
7fd155014000-7fd155015000 r--p 00022000 08:01 2360891                    /lib/x86_64-linux-gnu/ld-2.19.so
7fd155015000-7fd155016000 rw-p 00023000 08:01 2360891                    /lib/x86_64-linux-gnu/ld-2.19.so
7fd155016000-7fd155017000 rw-p 00000000 00:00 0 
7fff49e92000-7fff49eb3000 rw-p 00000000 00:00 0                          [stack]
7fff49ffe000-7fff4a000000 r-xp 00000000 00:00 0                          [vdso]
ffffffffff600000-ffffffffff601000 r-xp 00000000 00:00 0                  [vsyscall]

VM Arguments:
jvm_args: -Dclassworlds.conf=/home/luis/netbeans-8.1/java/maven/bin/m2.conf -Dmaven.home=/home/luis/netbeans-8.1/java/maven 
java_command: org.codehaus.plexus.classworlds.launcher.Launcher -Dmaven.ext.class.path=/home/luis/netbeans-8.1/java/maven-nblib/netbeans-eventspy.jar clean install
java_class_path (initial): /home/luis/netbeans-8.1/java/maven/boot/plexus-classworlds-2.4.jar
Launcher Type: SUN_STANDARD

Environment Variables:
JAVA_HOME=/usr/local/jdk/jdk1.8.0_91
PATH=/usr/local/sbin:/usr/local/bin:/usr/sbin:/usr/bin:/sbin:/bin:/usr/games:/usr/local/games:/home/luis/bin:/usr/local/jdk/jdk1.8.0_91/bin
USERNAME=luis
LD_LIBRARY_PATH=/usr/local/jdk/jdk1.8.0_91/jre/lib/amd64:/usr/local/jdk/jdk1.8.0_91/jre/lib/i386:
SHELL=/bin/zsh
DISPLAY=:0.0

Signal Handlers:
SIGSEGV: [libjvm.so+0xabca10], sa_mask[0]=11111111011111111101111111111110, sa_flags=SA_RESTART|SA_SIGINFO
SIGBUS: [libjvm.so+0xabca10], sa_mask[0]=11111111011111111101111111111110, sa_flags=SA_RESTART|SA_SIGINFO
SIGFPE: [libjvm.so+0x919a20], sa_mask[0]=11111111011111111101111111111110, sa_flags=SA_RESTART|SA_SIGINFO
SIGPIPE: [libjvm.so+0x919a20], sa_mask[0]=11111111011111111101111111111110, sa_flags=SA_RESTART|SA_SIGINFO
SIGXFSZ: [libjvm.so+0x919a20], sa_mask[0]=11111111011111111101111111111110, sa_flags=SA_RESTART|SA_SIGINFO
SIGILL: [libjvm.so+0x919a20], sa_mask[0]=11111111011111111101111111111110, sa_flags=SA_RESTART|SA_SIGINFO
SIGUSR1: SIG_DFL, sa_mask[0]=00000000000000000000000000000000, sa_flags=none
SIGUSR2: [libjvm.so+0x91b050], sa_mask[0]=00100000000000000000000000000000, sa_flags=SA_RESTART|SA_SIGINFO
SIGHUP: [libjvm.so+0x91c450], sa_mask[0]=11111111011111111101111111111110, sa_flags=SA_RESTART|SA_SIGINFO
SIGINT: SIG_IGN, sa_mask[0]=00000000000000000000000000000000, sa_flags=none
SIGTERM: [libjvm.so+0x91c450], sa_mask[0]=11111111011111111101111111111110, sa_flags=SA_RESTART|SA_SIGINFO
SIGQUIT: [libjvm.so+0x91c450], sa_mask[0]=11111111011111111101111111111110, sa_flags=SA_RESTART|SA_SIGINFO


---------------  S Y S T E M  ---------------

OS:DISTRIB_ID=LinuxMint
DISTRIB_RELEASE=17.1
DISTRIB_CODENAME=rebecca
DISTRIB_DESCRIPTION="Linux Mint 17.1 Rebecca"

uname:Linux 3.13.0-37-generic #64-Ubuntu SMP Mon Sep 22 21:28:38 UTC 2014 x86_64
libc:glibc 2.19 NPTL 2.19 
rlimit: STACK 8192k, CORE 0k, NPROC 59317, NOFILE 4096, AS infinity
load average:2,42 2,33 1,86

/proc/meminfo:
MemTotal:        7623804 kB
MemFree:          114116 kB
Buffers:            5092 kB
Cached:           197184 kB
SwapCached:         5752 kB
Active:          5874168 kB
Inactive:        1365780 kB
Active(anon):    5865468 kB
Inactive(anon):  1277296 kB
Active(file):       8700 kB
Inactive(file):    88484 kB
Unevictable:          92 kB
Mlocked:              92 kB
SwapTotal:        115708 kB
SwapFree:            132 kB
Dirty:               224 kB
Writeback:             0 kB
AnonPages:       7034700 kB
Mapped:           138060 kB
Shmem:            104628 kB
Slab:              74076 kB
SReclaimable:      30488 kB
SUnreclaim:        43588 kB
KernelStack:        8576 kB
PageTables:        75000 kB
NFS_Unstable:          0 kB
Bounce:                0 kB
WritebackTmp:          0 kB
CommitLimit:     3927608 kB
Committed_AS:   14695844 kB
VmallocTotal:   34359738367 kB
VmallocUsed:      162920 kB
VmallocChunk:   34359568572 kB
HardwareCorrupted:     0 kB
AnonHugePages:   3403776 kB
HugePages_Total:       0
HugePages_Free:        0
HugePages_Rsvd:        0
HugePages_Surp:        0
Hugepagesize:       2048 kB
DirectMap4k:       69568 kB
DirectMap2M:     7757824 kB


CPU:total 4 (2 cores per cpu, 1 threads per core) family 6 model 62 stepping 4, cmov, cx8, fxsr, mmx, sse, sse2, sse3, ssse3, sse4.1, sse4.2, popcnt, avx, aes, clmul, tsc, tscinvbit

/proc/cpuinfo:
processor	: 0
vendor_id	: GenuineIntel
cpu family	: 6
model		: 62
model name	: Intel(R) Xeon(R) CPU E5-2650 v2 @ 2.60GHz
stepping	: 4
microcode	: 0x427
cpu MHz		: 2600.000
cache size	: 20480 KB
physical id	: 0
siblings	: 2
core id		: 0
cpu cores	: 2
apicid		: 0
initial apicid	: 0
fpu		: yes
fpu_exception	: yes
cpuid level	: 13
wp		: yes
flags		: fpu vme de pse tsc msr pae mce cx8 apic sep mtrr pge mca cmov pat pse36 clflush dts mmx fxsr sse sse2 ss ht syscall nx rdtscp lm constant_tsc arch_perfmon pebs bts nopl xtopology tsc_reliable nonstop_tsc aperfmperf eagerfpu pni pclmulqdq ssse3 cx16 sse4_1 sse4_2 popcnt aes xsave avx hypervisor lahf_lm ida arat xsaveopt pln pts dtherm
bogomips	: 5200.00
clflush size	: 64
cache_alignment	: 64
address sizes	: 40 bits physical, 48 bits virtual
power management:

processor	: 1
vendor_id	: GenuineIntel
cpu family	: 6
model		: 62
model name	: Intel(R) Xeon(R) CPU E5-2650 v2 @ 2.60GHz
stepping	: 4
microcode	: 0x427
cpu MHz		: 2600.000
cache size	: 20480 KB
physical id	: 0
siblings	: 2
core id		: 1
cpu cores	: 2
apicid		: 1
initial apicid	: 1
fpu		: yes
fpu_exception	: yes
cpuid level	: 13
wp		: yes
flags		: fpu vme de pse tsc msr pae mce cx8 apic sep mtrr pge mca cmov pat pse36 clflush dts mmx fxsr sse sse2 ss ht syscall nx rdtscp lm constant_tsc arch_perfmon pebs bts nopl xtopology tsc_reliable nonstop_tsc aperfmperf eagerfpu pni pclmulqdq ssse3 cx16 sse4_1 sse4_2 popcnt aes xsave avx hypervisor lahf_lm ida arat xsaveopt pln pts dtherm
bogomips	: 5200.00
clflush size	: 64
cache_alignment	: 64
address sizes	: 40 bits physical, 48 bits virtual
power management:

processor	: 2
vendor_id	: GenuineIntel
cpu family	: 6
model		: 62
model name	: Intel(R) Xeon(R) CPU E5-2650 v2 @ 2.60GHz
stepping	: 4
microcode	: 0x427
cpu MHz		: 2600.000
cache size	: 20480 KB
physical id	: 1
siblings	: 2
core id		: 0
cpu cores	: 2
apicid		: 2
initial apicid	: 2
fpu		: yes
fpu_exception	: yes
cpuid level	: 13
wp		: yes
flags		: fpu vme de pse tsc msr pae mce cx8 apic sep mtrr pge mca cmov pat pse36 clflush dts mmx fxsr sse sse2 ss ht syscall nx rdtscp lm constant_tsc arch_perfmon pebs bts nopl xtopology tsc_reliable nonstop_tsc aperfmperf eagerfpu pni pclmulqdq ssse3 cx16 sse4_1 sse4_2 popcnt aes xsave avx hypervisor lahf_lm ida arat xsaveopt pln pts dtherm
bogomips	: 5200.00
clflush size	: 64
cache_alignment	: 64
address sizes	: 40 bits physical, 48 bits virtual
power management:

processor	: 3
vendor_id	: GenuineIntel
cpu family	: 6
model		: 62
model name	: Intel(R) Xeon(R) CPU E5-2650 v2 @ 2.60GHz
stepping	: 4
microcode	: 0x427
cpu MHz		: 2600.000
cache size	: 20480 KB
physical id	: 1
siblings	: 2
core id		: 1
cpu cores	: 2
apicid		: 3
initial apicid	: 3
fpu		: yes
fpu_exception	: yes
cpuid level	: 13
wp		: yes
flags		: fpu vme de pse tsc msr pae mce cx8 apic sep mtrr pge mca cmov pat pse36 clflush dts mmx fxsr sse sse2 ss ht syscall nx rdtscp lm constant_tsc arch_perfmon pebs bts nopl xtopology tsc_reliable nonstop_tsc aperfmperf eagerfpu pni pclmulqdq ssse3 cx16 sse4_1 sse4_2 popcnt aes xsave avx hypervisor lahf_lm ida arat xsaveopt pln pts dtherm
bogomips	: 5200.00
clflush size	: 64
cache_alignment	: 64
address sizes	: 40 bits physical, 48 bits virtual
power management:



Memory: 4k page, physical 7623804k(114116k free), swap 115708k(132k free)

vm_info: Java HotSpot(TM) 64-Bit Server VM (25.91-b14) for linux-amd64 JRE (1.8.0_91-b14), built on Apr  1 2016 00:57:21 by "java_re" with gcc 4.3.0 20080428 (Red Hat 4.3.0-8)

time: Wed Dec  7 16:33:05 2016
elapsed time: 13 seconds (0d 0h 0m 13s)

