#
# There is insufficient memory for the Java Runtime Environment to continue.
# Native memory allocation (mmap) failed to map 56098816 bytes for committing reserved memory.
# Possible reasons:
#   The system is out of physical RAM or swap space
#   In 32 bit mode, the process size limit was hit
# Possible solutions:
#   Reduce memory load on the system
#   Increase physical memory or swap space
#   Check if swap backing store is full
#   Use 64 bit Java on a 64 bit OS
#   Decrease Java heap size (-Xmx/-Xms)
#   Decrease number of Java threads
#   Decrease Java thread stack sizes (-Xss)
#   Set larger code cache with -XX:ReservedCodeCacheSize=
# This output file may be truncated or incomplete.
#
#  Out of Memory Error (os_linux.cpp:2627), pid=7361, tid=139756359399168
#
# JRE version: Java(TM) SE Runtime Environment (8.0_91-b14) (build 1.8.0_91-b14)
# Java VM: Java HotSpot(TM) 64-Bit Server VM (25.91-b14 mixed mode linux-amd64 compressed oops)
# Failed to write core dump. Core dumps have been disabled. To enable core dumping, try "ulimit -c unlimited" before starting Java again
#

---------------  T H R E A D  ---------------

Current thread (0x00007f1b8c078000):  VMThread [stack: 0x00007f1b90183000,0x00007f1b90284000] [id=7369]

Stack: [0x00007f1b90183000,0x00007f1b90284000],  sp=0x00007f1b90282040,  free space=1020k
Native frames: (J=compiled Java code, j=interpreted, Vv=VM code, C=native code)
V  [libjvm.so+0xabc18a]  VMError::report_and_die()+0x2ba
V  [libjvm.so+0x4fafeb]  report_vm_out_of_memory(char const*, int, unsigned long, VMErrorType, char const*)+0x8b
V  [libjvm.so+0x91cbb3]  os::Linux::commit_memory_impl(char*, unsigned long, bool)+0x103
V  [libjvm.so+0x91d109]  os::pd_commit_memory(char*, unsigned long, unsigned long, bool)+0x29
V  [libjvm.so+0x91740a]  os::commit_memory(char*, unsigned long, unsigned long, bool)+0x2a
V  [libjvm.so+0x98b033]  PSVirtualSpace::expand_by(unsigned long)+0x53
V  [libjvm.so+0x98c438]  PSYoungGen::resize_generation(unsigned long, unsigned long)+0xf8
V  [libjvm.so+0x98b592]  PSYoungGen::resize(unsigned long, unsigned long)+0x22
V  [libjvm.so+0x98886b]  PSScavenge::invoke_no_policy()+0xf3b
V  [libjvm.so+0x983b15]  PSParallelCompact::invoke(bool)+0x85
V  [libjvm.so+0x482104]  CollectedHeap::collect_as_vm_thread(GCCause::Cause)+0x114
V  [libjvm.so+0xabd601]  VM_CollectForMetadataAllocation::doit()+0x161
V  [libjvm.so+0xac55d5]  VM_Operation::evaluate()+0x55
V  [libjvm.so+0xac39aa]  VMThread::evaluate_operation(VM_Operation*)+0xba
V  [libjvm.so+0xac3d2e]  VMThread::loop()+0x1ce
V  [libjvm.so+0xac41a0]  VMThread::run()+0x70
V  [libjvm.so+0x91ef78]  java_start(Thread*)+0x108

VM_Operation (0x00007f1b798acb20): CollectForMetadataAllocation, mode: safepoint, requested by thread 0x00007f1b8c0bd000


---------------  P R O C E S S  ---------------

Java Threads: ( => current thread )
  0x00007f1b8c5ec800 JavaThread "process reaper" daemon [_thread_blocked, id=7390, stack(0x00007f1b79131000,0x00007f1b7916a000)]
  0x00007f1b8c0c0000 JavaThread "Service Thread" daemon [_thread_blocked, id=7376, stack(0x00007f1b796ad000,0x00007f1b797ae000)]
  0x00007f1b8c0bd000 JavaThread "C1 CompilerThread2" daemon [_thread_blocked, id=7375, stack(0x00007f1b797ae000,0x00007f1b798af000)]
  0x00007f1b8c0bb000 JavaThread "C2 CompilerThread1" daemon [_thread_blocked, id=7374, stack(0x00007f1b798af000,0x00007f1b799b0000)]
  0x00007f1b8c0b8000 JavaThread "C2 CompilerThread0" daemon [_thread_blocked, id=7373, stack(0x00007f1b799b0000,0x00007f1b79ab1000)]
  0x00007f1b8c0b7000 JavaThread "Signal Dispatcher" daemon [_thread_blocked, id=7372, stack(0x00007f1b79ab1000,0x00007f1b79bb2000)]
  0x00007f1b8c084000 JavaThread "Finalizer" daemon [_thread_blocked, id=7371, stack(0x00007f1b7a0ef000,0x00007f1b7a1f0000)]
  0x00007f1b8c07f800 JavaThread "Reference Handler" daemon [_thread_blocked, id=7370, stack(0x00007f1b90082000,0x00007f1b90183000)]
  0x00007f1b8c00a000 JavaThread "main" [_thread_blocked, id=7364, stack(0x00007f1b95aa5000,0x00007f1b95ba6000)]

Other Threads:
=>0x00007f1b8c078000 VMThread [stack: 0x00007f1b90183000,0x00007f1b90284000] [id=7369]
  0x00007f1b8c0c3000 WatcherThread [stack: 0x00007f1b795ac000,0x00007f1b796ad000] [id=7377]

VM state:at safepoint (normal execution)

VM Mutex/Monitor currently owned by a thread:  ([mutex/lock_event])
[0x00007f1b8c0061c0] Threads_lock - owner thread: 0x00007f1b8c078000
[0x00007f1b8c0066c0] Heap_lock - owner thread: 0x00007f1b8c0bd000
[0x00007f1b8c006c40] MethodData_lock - owner thread: 0x00007f1b8c0bd000

Heap:
 PSYoungGen      total 81920K, used 8175K [0x00000000e1500000, 0x00000000e6f00000, 0x0000000100000000)
  eden space 73728K, 0% used [0x00000000e1500000,0x00000000e1500000,0x00000000e5d00000)
  from space 8192K, 99% used [0x00000000e5d00000,0x00000000e64fbf90,0x00000000e6500000)
  to   space 6144K, 0% used [0x00000000e6500000,0x00000000e6500000,0x00000000e6b00000)
 ParOldGen       total 64512K, used 24882K [0x00000000a3e00000, 0x00000000a7d00000, 0x00000000e1500000)
  object space 64512K, 38% used [0x00000000a3e00000,0x00000000a564c8c0,0x00000000a7d00000)
 Metaspace       used 20527K, capacity 21090K, committed 21296K, reserved 1069056K
  class space    used 2422K, capacity 2567K, committed 2688K, reserved 1048576K

Card table byte_map: [0x00007f1b92586000,0x00007f1b92868000] byte_map_base: 0x00007f1b92067000

Marking Bits: (ParMarkBitMap*) 0x00007f1b94f7ed60
 Begin Bits: [0x00007f1b7a1f0000, 0x00007f1b7b8f8000)
 End Bits:   [0x00007f1b7b8f8000, 0x00007f1b7d000000)

Polling page: 0x00007f1b95bc8000

CodeCache: size=245760Kb used=12851Kb max_used=12857Kb free=232908Kb
 bounds [0x00007f1b7d000000, 0x00007f1b7dca0000, 0x00007f1b8c000000]
 total_blobs=3910 nmethods=3543 adapters=278
 compilation: enabled

Compilation events (10 events):
Event: 11,801 Thread 0x00007f1b8c0bd000 nmethod 3857 0x00007f1b7dc91a10 code [0x00007f1b7dc91bc0, 0x00007f1b7dc920c8]
Event: 11,801 Thread 0x00007f1b8c0bd000 3858       3       com.sun.tools.javac.util.Bits::<init> (15 bytes)
Event: 11,801 Thread 0x00007f1b8c0bd000 nmethod 3858 0x00007f1b7dc914d0 code [0x00007f1b7dc91660, 0x00007f1b7dc91908]
Event: 11,801 Thread 0x00007f1b8c0bd000 3862       3       com.sun.tools.javac.code.Types$26::visitClassType (92 bytes)
Event: 11,802 Thread 0x00007f1b8c0bd000 nmethod 3862 0x00007f1b7dc96ed0 code [0x00007f1b7dc97160, 0x00007f1b7dc984d8]
Event: 11,802 Thread 0x00007f1b8c0bd000 3859       3       com.sun.tools.javac.jvm.ClassWriter$CWSignatureGenerator::assembleSig (74 bytes)
Event: 11,803 Thread 0x00007f1b8c0b8000 nmethod 3836 0x00007f1b7dc9bcd0 code [0x00007f1b7dc9bee0, 0x00007f1b7dc9c2d0]
Event: 11,803 Thread 0x00007f1b8c0b8000 3844       4       com.sun.tools.javac.code.Type::isErroneous (34 bytes)
Event: 11,804 Thread 0x00007f1b8c0b8000 nmethod 3844 0x00007f1b7dc91110 code [0x00007f1b7dc91260, 0x00007f1b7dc91378]
Event: 11,804 Thread 0x00007f1b8c0b8000 3867       4       com.sun.tools.javac.comp.Check::checkType (188 bytes)

GC Heap History (10 events):
Event: 5,397 GC heap after
Heap after GC invocations=4 (full 0):
 PSYoungGen      total 28160K, used 3584K [0x00000000e1500000, 0x00000000e4900000, 0x0000000100000000)
  eden space 24576K, 0% used [0x00000000e1500000,0x00000000e1500000,0x00000000e2d00000)
  from space 3584K, 100% used [0x00000000e4580000,0x00000000e4900000,0x00000000e4900000)
  to   space 3584K, 0% used [0x00000000e2d00000,0x00000000e2d00000,0x00000000e3080000)
 ParOldGen       total 64512K, used 5470K [0x00000000a3e00000, 0x00000000a7d00000, 0x00000000e1500000)
  object space 64512K, 8% used [0x00000000a3e00000,0x00000000a4357a18,0x00000000a7d00000)
 Metaspace       used 13438K, capacity 13870K, committed 14080K, reserved 1060864K
  class space    used 1628K, capacity 1735K, committed 1792K, reserved 1048576K
}
Event: 6,821 GC heap before
{Heap before GC invocations=5 (full 0):
 PSYoungGen      total 28160K, used 28160K [0x00000000e1500000, 0x00000000e4900000, 0x0000000100000000)
  eden space 24576K, 100% used [0x00000000e1500000,0x00000000e2d00000,0x00000000e2d00000)
  from space 3584K, 100% used [0x00000000e4580000,0x00000000e4900000,0x00000000e4900000)
  to   space 3584K, 0% used [0x00000000e2d00000,0x00000000e2d00000,0x00000000e3080000)
 ParOldGen       total 64512K, used 5470K [0x00000000a3e00000, 0x00000000a7d00000, 0x00000000e1500000)
  object space 64512K, 8% used [0x00000000a3e00000,0x00000000a4357a18,0x00000000a7d00000)
 Metaspace       used 14034K, capacity 14406K, committed 14720K, reserved 1062912K
  class space    used 1696K, capacity 1807K, committed 1920K, reserved 1048576K
Event: 6,828 GC heap after
Heap after GC invocations=5 (full 0):
 PSYoungGen      total 27648K, used 3552K [0x00000000e1500000, 0x00000000e4600000, 0x0000000100000000)
  eden space 24064K, 0% used [0x00000000e1500000,0x00000000e1500000,0x00000000e2c80000)
  from space 3584K, 99% used [0x00000000e2d00000,0x00000000e3078020,0x00000000e3080000)
  to   space 6144K, 0% used [0x00000000e4000000,0x00000000e4000000,0x00000000e4600000)
 ParOldGen       total 64512K, used 6922K [0x00000000a3e00000, 0x00000000a7d00000, 0x00000000e1500000)
  object space 64512K, 10% used [0x00000000a3e00000,0x00000000a44c2868,0x00000000a7d00000)
 Metaspace       used 14034K, capacity 14406K, committed 14720K, reserved 1062912K
  class space    used 1696K, capacity 1807K, committed 1920K, reserved 1048576K
}
Event: 7,356 GC heap before
{Heap before GC invocations=6 (full 0):
 PSYoungGen      total 27648K, used 27616K [0x00000000e1500000, 0x00000000e4600000, 0x0000000100000000)
  eden space 24064K, 100% used [0x00000000e1500000,0x00000000e2c80000,0x00000000e2c80000)
  from space 3584K, 99% used [0x00000000e2d00000,0x00000000e3078020,0x00000000e3080000)
  to   space 6144K, 0% used [0x00000000e4000000,0x00000000e4000000,0x00000000e4600000)
 ParOldGen       total 64512K, used 6922K [0x00000000a3e00000, 0x00000000a7d00000, 0x00000000e1500000)
  object space 64512K, 10% used [0x00000000a3e00000,0x00000000a44c2868,0x00000000a7d00000)
 Metaspace       used 14445K, capacity 14910K, committed 15232K, reserved 1062912K
  class space    used 1725K, capacity 1847K, committed 1920K, reserved 1048576K
Event: 7,368 GC heap after
Heap after GC invocations=6 (full 0):
 PSYoungGen      total 44032K, used 4924K [0x00000000e1500000, 0x00000000e5000000, 0x0000000100000000)
  eden space 37888K, 0% used [0x00000000e1500000,0x00000000e1500000,0x00000000e3a00000)
  from space 6144K, 80% used [0x00000000e4000000,0x00000000e44cf060,0x00000000e4600000)
  to   space 6144K, 0% used [0x00000000e3a00000,0x00000000e3a00000,0x00000000e4000000)
 ParOldGen       total 64512K, used 6930K [0x00000000a3e00000, 0x00000000a7d00000, 0x00000000e1500000)
  object space 64512K, 10% used [0x00000000a3e00000,0x00000000a44c4868,0x00000000a7d00000)
 Metaspace       used 14445K, capacity 14910K, committed 15232K, reserved 1062912K
  class space    used 1725K, capacity 1847K, committed 1920K, reserved 1048576K
}
Event: 8,510 GC heap before
{Heap before GC invocations=7 (full 0):
 PSYoungGen      total 44032K, used 42812K [0x00000000e1500000, 0x00000000e5000000, 0x0000000100000000)
  eden space 37888K, 100% used [0x00000000e1500000,0x00000000e3a00000,0x00000000e3a00000)
  from space 6144K, 80% used [0x00000000e4000000,0x00000000e44cf060,0x00000000e4600000)
  to   space 6144K, 0% used [0x00000000e3a00000,0x00000000e3a00000,0x00000000e4000000)
 ParOldGen       total 64512K, used 6930K [0x00000000a3e00000, 0x00000000a7d00000, 0x00000000e1500000)
  object space 64512K, 10% used [0x00000000a3e00000,0x00000000a44c4868,0x00000000a7d00000)
 Metaspace       used 18406K, capacity 19010K, committed 19072K, reserved 1067008K
  class space    used 2252K, capacity 2407K, committed 2432K, reserved 1048576K
Event: 8,720 GC heap after
Heap after GC invocations=7 (full 0):
 PSYoungGen      total 44032K, used 5585K [0x00000000e1500000, 0x00000000e6b00000, 0x0000000100000000)
  eden space 37888K, 0% used [0x00000000e1500000,0x00000000e1500000,0x00000000e3a00000)
  from space 6144K, 90% used [0x00000000e3a00000,0x00000000e3f747c0,0x00000000e4000000)
  to   space 6144K, 0% used [0x00000000e6500000,0x00000000e6500000,0x00000000e6b00000)
 ParOldGen       total 64512K, used 8314K [0x00000000a3e00000, 0x00000000a7d00000, 0x00000000e1500000)
  object space 64512K, 12% used [0x00000000a3e00000,0x00000000a461e8b8,0x00000000a7d00000)
 Metaspace       used 18406K, capacity 19010K, committed 19072K, reserved 1067008K
  class space    used 2252K, capacity 2407K, committed 2432K, reserved 1048576K
}
Event: 9,842 GC heap before
{Heap before GC invocations=8 (full 0):
 PSYoungGen      total 44032K, used 43473K [0x00000000e1500000, 0x00000000e6b00000, 0x0000000100000000)
  eden space 37888K, 100% used [0x00000000e1500000,0x00000000e3a00000,0x00000000e3a00000)
  from space 6144K, 90% used [0x00000000e3a00000,0x00000000e3f747c0,0x00000000e4000000)
  to   space 6144K, 0% used [0x00000000e6500000,0x00000000e6500000,0x00000000e6b00000)
 ParOldGen       total 64512K, used 8314K [0x00000000a3e00000, 0x00000000a7d00000, 0x00000000e1500000)
  object space 64512K, 12% used [0x00000000a3e00000,0x00000000a461e8b8,0x00000000a7d00000)
 Metaspace       used 18877K, capacity 19490K, committed 19712K, reserved 1067008K
  class space    used 2278K, capacity 2439K, committed 2560K, reserved 1048576K
Event: 9,853 GC heap after
Heap after GC invocations=8 (full 0):
 PSYoungGen      total 79872K, used 6138K [0x00000000e1500000, 0x00000000e6f00000, 0x0000000100000000)
  eden space 73728K, 0% used [0x00000000e1500000,0x00000000e1500000,0x00000000e5d00000)
  from space 6144K, 99% used [0x00000000e6500000,0x00000000e6afe9f0,0x00000000e6b00000)
  to   space 8192K, 0% used [0x00000000e5d00000,0x00000000e5d00000,0x00000000e6500000)
 ParOldGen       total 64512K, used 11369K [0x00000000a3e00000, 0x00000000a7d00000, 0x00000000e1500000)
  object space 64512K, 17% used [0x00000000a3e00000,0x00000000a491a408,0x00000000a7d00000)
 Metaspace       used 18877K, capacity 19490K, committed 19712K, reserved 1067008K
  class space    used 2278K, capacity 2439K, committed 2560K, reserved 1048576K
}
Event: 11,809 GC heap before
{Heap before GC invocations=9 (full 0):
 PSYoungGen      total 79872K, used 75559K [0x00000000e1500000, 0x00000000e6f00000, 0x0000000100000000)
  eden space 73728K, 94% used [0x00000000e1500000,0x00000000e58cb2a0,0x00000000e5d00000)
  from space 6144K, 99% used [0x00000000e6500000,0x00000000e6afe9f0,0x00000000e6b00000)
  to   space 8192K, 0% used [0x00000000e5d00000,0x00000000e5d00000,0x00000000e6500000)
 ParOldGen       total 64512K, used 11369K [0x00000000a3e00000, 0x00000000a7d00000, 0x00000000e1500000)
  object space 64512K, 17% used [0x00000000a3e00000,0x00000000a491a408,0x00000000a7d00000)
 Metaspace       used 20527K, capacity 21090K, committed 21296K, reserved 1069056K
  class space    used 2422K, capacity 2567K, committed 2688K, reserved 1048576K

Deoptimization events (10 events):
Event: 11,760 Thread 0x00007f1b8c00a000 Uncommon trap: reason=class_check action=maybe_recompile pc=0x00007f1b7dbebc58 method=com.sun.tools.javac.code.Types$19.visitClassType(Lcom/sun/tools/javac/code/Type$ClassType;Ljava/lang/Void;)Lcom/sun/tools/javac/util/List; @ 46
Event: 11,761 Thread 0x00007f1b8c00a000 Uncommon trap: reason=class_check action=maybe_recompile pc=0x00007f1b7dc1f924 method=com.sun.tools.javac.code.Type.isCompound()Z @ 14
Event: 11,787 Thread 0x00007f1b8c00a000 Uncommon trap: reason=class_check action=maybe_recompile pc=0x00007f1b7dbe6bb8 method=com.sun.tools.javac.code.Types$18.visitClassType(Lcom/sun/tools/javac/code/Type$ClassType;Ljava/lang/Void;)Lcom/sun/tools/javac/code/Type; @ 19
Event: 11,787 Thread 0x00007f1b8c00a000 Uncommon trap: reason=bimorphic action=maybe_recompile pc=0x00007f1b7dc1a750 method=com.sun.tools.javac.code.Type$ClassType.allparams()Lcom/sun/tools/javac/util/List; @ 9
Event: 11,787 Thread 0x00007f1b8c00a000 Uncommon trap: reason=class_check action=maybe_recompile pc=0x00007f1b7dbebc58 method=com.sun.tools.javac.code.Types$19.visitClassType(Lcom/sun/tools/javac/code/Type$ClassType;Ljava/lang/Void;)Lcom/sun/tools/javac/util/List; @ 46
Event: 11,789 Thread 0x00007f1b8c00a000 Uncommon trap: reason=class_check action=maybe_recompile pc=0x00007f1b7dbed6ac method=com.sun.tools.javac.code.Types$19.visitClassType(Lcom/sun/tools/javac/code/Type$ClassType;Ljava/lang/Void;)Lcom/sun/tools/javac/util/List; @ 46
Event: 11,792 Thread 0x00007f1b8c00a000 Uncommon trap: reason=unstable_if action=reinterpret pc=0x00007f1b7d2d9c54 method=com.sun.tools.javac.code.Scope.dble()V @ 44
Event: 11,795 Thread 0x00007f1b8c00a000 Uncommon trap: reason=bimorphic action=maybe_recompile pc=0x00007f1b7dbfcba8 method=com.sun.tools.javac.code.Type$ClassType.isErroneous()Z @ 1
Event: 11,795 Thread 0x00007f1b8c00a000 Uncommon trap: reason=bimorphic action=maybe_recompile pc=0x00007f1b7dbfcba8 method=com.sun.tools.javac.code.Type$ClassType.isErroneous()Z @ 1
Event: 11,795 Thread 0x00007f1b8c00a000 Uncommon trap: reason=bimorphic action=maybe_recompile pc=0x00007f1b7dbfcba8 method=com.sun.tools.javac.code.Type$ClassType.isErroneous()Z @ 1

Internal exceptions (10 events):
Event: 2,997 Thread 0x00007f1b8c00a000 Exception <a 'java/lang/NoSuchFieldError': method resolution failed> (0x00000000e189cb58) thrown at [/HUDSON/workspace/8-2-build-linux-amd64/jdk8u91/6644/hotspot/src/share/vm/prims/methodHandles.cpp, line 1146]
Event: 4,313 Thread 0x00007f1b8c00a000 Implicit null exception at 0x00007f1b7d3906b5 to 0x00007f1b7d3908bd
Event: 4,447 Thread 0x00007f1b8c00a000 Implicit null exception at 0x00007f1b7d533bc6 to 0x00007f1b7d533ee9
Event: 5,943 Thread 0x00007f1b8c00a000 Implicit null exception at 0x00007f1b7d383358 to 0x00007f1b7d3833e6
Event: 6,168 Thread 0x00007f1b8c00a000 Exception <a 'java/lang/NoClassDefFoundError': org/slf4j/Logger> (0x00000000e2140640) thrown at [/HUDSON/workspace/8-2-build-linux-amd64/jdk8u91/6644/hotspot/src/share/vm/oops/constantPool.cpp, line 235]
Event: 6,972 Thread 0x00007f1b8c00a000 Exception <a 'java/lang/NoClassDefFoundError': org/slf4j/Logger> (0x00000000e192e920) thrown at [/HUDSON/workspace/8-2-build-linux-amd64/jdk8u91/6644/hotspot/src/share/vm/oops/constantPool.cpp, line 235]
Event: 7,694 Thread 0x00007f1b8c00a000 Exception <a 'java/lang/NoClassDefFoundError': org/slf4j/Logger> (0x00000000e21781e8) thrown at [/HUDSON/workspace/8-2-build-linux-amd64/jdk8u91/6644/hotspot/src/share/vm/oops/constantPool.cpp, line 235]
Event: 7,809 Thread 0x00007f1b8c00a000 Exception <a 'java/lang/ClassNotFoundException': com/sun/tools/javac/api/JavacTool> (0x00000000e2495268) thrown at [/HUDSON/workspace/8-2-build-linux-amd64/jdk8u91/6644/hotspot/src/share/vm/classfile/systemDictionary.cpp, line 210]
Event: 10,657 Thread 0x00007f1b8c00a000 Exception <a 'java/io/FileNotFoundException'> (0x00000000e1cb5238) thrown at [/HUDSON/workspace/8-2-build-linux-amd64/jdk8u91/6644/hotspot/src/share/vm/prims/jni.cpp, line 709]
Event: 10,698 Thread 0x00007f1b8c00a000 Exception <a 'java/io/FileNotFoundException'> (0x00000000e1ce9d98) thrown at [/HUDSON/workspace/8-2-build-linux-amd64/jdk8u91/6644/hotspot/src/share/vm/prims/jni.cpp, line 709]

Events (10 events):
Event: 11,795 Thread 0x00007f1b8c00a000 Uncommon trap: trap_request=0xffffffc6 fr.pc=0x00007f1b7dbfcba8
Event: 11,795 Thread 0x00007f1b8c00a000 DEOPT PACKING pc=0x00007f1b7dbfcba8 sp=0x00007f1b95ba11d0
Event: 11,795 Thread 0x00007f1b8c00a000 DEOPT UNPACKING pc=0x00007f1b7d005229 sp=0x00007f1b95ba1190 mode 2
Event: 11,796 loading class com/sun/tools/javac/comp/Flow$BaseAnalyzer$JumpKind
Event: 11,796 loading class com/sun/tools/javac/comp/Flow$BaseAnalyzer$JumpKind done
Event: 11,797 loading class com/sun/tools/javac/comp/Flow$BaseAnalyzer$JumpKind$1
Event: 11,797 loading class com/sun/tools/javac/comp/Flow$BaseAnalyzer$JumpKind$1 done
Event: 11,797 loading class com/sun/tools/javac/comp/Flow$BaseAnalyzer$JumpKind$2
Event: 11,797 loading class com/sun/tools/javac/comp/Flow$BaseAnalyzer$JumpKind$2 done
Event: 11,809 Executing VM operation: CollectForMetadataAllocation


Dynamic libraries:
00400000-00401000 r-xp 00000000 08:03 11933286                           /usr/local/jdk/jdk1.8.0_91/bin/java
00600000-00601000 rw-p 00000000 08:03 11933286                           /usr/local/jdk/jdk1.8.0_91/bin/java
0197b000-0199c000 rw-p 00000000 00:00 0                                  [heap]
a3e00000-a7d00000 rw-p 00000000 00:00 0 
a7d00000-e1500000 ---p 00000000 00:00 0 
e1500000-e6f00000 rw-p 00000000 00:00 0 
ea480000-100000000 ---p 00000000 00:00 0 
100000000-1002a0000 rw-p 00000000 00:00 0 
1002a0000-140000000 ---p 00000000 00:00 0 
7f1b3c000000-7f1b3c021000 rw-p 00000000 00:00 0 
7f1b3c021000-7f1b40000000 ---p 00000000 00:00 0 
7f1b40000000-7f1b40021000 rw-p 00000000 00:00 0 
7f1b40021000-7f1b44000000 ---p 00000000 00:00 0 
7f1b44000000-7f1b448d9000 rw-p 00000000 00:00 0 
7f1b448d9000-7f1b48000000 ---p 00000000 00:00 0 
7f1b48000000-7f1b48021000 rw-p 00000000 00:00 0 
7f1b48021000-7f1b4c000000 ---p 00000000 00:00 0 
7f1b4c000000-7f1b4e2fb000 rw-p 00000000 00:00 0 
7f1b4e2fb000-7f1b50000000 ---p 00000000 00:00 0 
7f1b50000000-7f1b52350000 rw-p 00000000 00:00 0 
7f1b52350000-7f1b54000000 ---p 00000000 00:00 0 
7f1b54000000-7f1b54021000 rw-p 00000000 00:00 0 
7f1b54021000-7f1b58000000 ---p 00000000 00:00 0 
7f1b58000000-7f1b58021000 rw-p 00000000 00:00 0 
7f1b58021000-7f1b5c000000 ---p 00000000 00:00 0 
7f1b5c000000-7f1b5c28b000 rw-p 00000000 00:00 0 
7f1b5c28b000-7f1b60000000 ---p 00000000 00:00 0 
7f1b60000000-7f1b60021000 rw-p 00000000 00:00 0 
7f1b60021000-7f1b64000000 ---p 00000000 00:00 0 
7f1b64000000-7f1b64021000 rw-p 00000000 00:00 0 
7f1b64021000-7f1b68000000 ---p 00000000 00:00 0 
7f1b6c000000-7f1b6c021000 rw-p 00000000 00:00 0 
7f1b6c021000-7f1b70000000 ---p 00000000 00:00 0 
7f1b70000000-7f1b70021000 rw-p 00000000 00:00 0 
7f1b70021000-7f1b74000000 ---p 00000000 00:00 0 
7f1b74000000-7f1b74021000 rw-p 00000000 00:00 0 
7f1b74021000-7f1b78000000 ---p 00000000 00:00 0 
7f1b7807a000-7f1b780a7000 rw-p 00000000 00:00 0 
7f1b780a7000-7f1b7827b000 ---p 00000000 00:00 0 
7f1b7827b000-7f1b78282000 r--s 00000000 08:03 9443445                    /usr/lib/x86_64-linux-gnu/gconv/gconv-modules.cache
7f1b78282000-7f1b782a8000 r--p 00000000 08:03 11146960                   /usr/share/locale-langpack/es/LC_MESSAGES/libc.mo
7f1b782a8000-7f1b782aa000 r--s 00007000 08:03 5636261                    /home/luis/.m2/repository/com/fasterxml/jackson/core/jackson-annotations/2.1.4/jackson-annotations-2.1.4.jar
7f1b782aa000-7f1b782bb000 r--s 000d2000 08:03 5636287                    /home/luis/.m2/repository/com/fasterxml/jackson/core/jackson-databind/2.1.4/jackson-databind-2.1.4.jar
7f1b782bb000-7f1b782bf000 r--s 0002f000 08:03 5636274                    /home/luis/.m2/repository/com/fasterxml/jackson/core/jackson-core/2.1.4/jackson-core-2.1.4.jar
7f1b782bf000-7f1b782cf000 r--s 000c4000 08:03 5767281                    /home/luis/.m2/repository/org/codehaus/castor/castor/1.2/castor-1.2.jar
7f1b782cf000-7f1b782f3000 r--s 00341000 08:03 5636914                    /home/luis/.m2/repository/eclipse/jdtcore/3.1.0/jdtcore-3.1.0.jar
7f1b782f3000-7f1b782fb000 r--s 00028000 08:03 5506632                    /home/luis/.m2/repository/xml-apis/xml-apis/1.3.02/xml-apis-1.3.02.jar
7f1b782fb000-7f1b7830b000 r--s 0013f000 08:03 5637133                    /home/luis/.m2/repository/jfree/jfreechart/1.0.12/jfreechart-1.0.12.jar
7f1b7830b000-7f1b78311000 r--s 00046000 08:03 5637126                    /home/luis/.m2/repository/jfree/jcommon/1.0.15/jcommon-1.0.15.jar
7f1b78311000-7f1b78315000 r--s 0002b000 08:03 5767258                    /home/luis/.m2/repository/org/bouncycastle/bcmail-jdk14/1.38/bcmail-jdk14-1.38.jar
7f1b78315000-7f1b78336000 r--s 0015a000 08:03 5767265                    /home/luis/.m2/repository/org/bouncycastle/bcprov-jdk14/1.38/bcprov-jdk14-1.38.jar
7f1b78336000-7f1b78337000 r--s 00005000 08:03 5767272                    /home/luis/.m2/repository/org/bouncycastle/bctsp-jdk14/1.38/bctsp-jdk14-1.38.jar
7f1b78337000-7f1b78358000 r--s 0015a000 08:03 5636186                    /home/luis/.m2/repository/bouncycastle/bcprov-jdk14/138/bcprov-jdk14-138.jar
7f1b78358000-7f1b7835c000 r--s 0002b000 08:03 5636179                    /home/luis/.m2/repository/bouncycastle/bcmail-jdk14/138/bcmail-jdk14-138.jar
7f1b7835c000-7f1b78369000 r--s 00108000 08:03 5636457                    /home/luis/.m2/repository/com/lowagie/itext/2.1.7.js2/itext-2.1.7.js2.jar
7f1b78369000-7f1b7836b000 r--s 0000d000 08:03 5636881                    /home/luis/.m2/repository/commons-logging/commons-logging/1.1.1/commons-logging-1.1.1.jar
7f1b7836b000-7f1b78371000 r--s 0002b000 08:03 5636791                    /home/luis/.m2/repository/commons-digester/commons-digester/2.1/commons-digester-2.1.jar
7f1b78371000-7f1b78377000 r--s 00023000 08:03 5636753                    /home/luis/.m2/repository/commons-collections/commons-collections/2.1/commons-collections-2.1.jar
7f1b78377000-7f1b7837c000 r--s 00034000 08:03 5636681                    /home/luis/.m2/repository/commons-beanutils/commons-beanutils/1.8.0/commons-beanutils-1.8.0.jar
7f1b7837c000-7f1b783ce000 r--s 00421000 08:03 5637258                    /home/luis/.m2/repository/net/sf/jasperreports/jasperreports/5.5.0/jasperreports-5.5.0.jar
7f1b783ce000-7f1b783d8000 r--s 0005c000 08:03 5637051                    /home/luis/.m2/repository/javax/servlet/jstl/1.2/jstl-1.2.jar
7f1b783d8000-7f1b783ec000 r--s 0013a000 08:03 5768773                    /home/luis/.m2/repository/org/primefaces/themes/all-themes/1.0.10/all-themes-1.0.10.jar
7f1b783ec000-7f1b783f1000 r--s 0002a000 08:03 5636322                    /home/luis/.m2/repository/com/google/code/gson/gson/2.2.4/gson-2.2.4.jar
7f1b783f1000-7f1b783fe000 r--s 0015c000 08:03 5768710                    /home/luis/.m2/repository/org/primefaces/extensions/primefaces-extensions/4.0.0/primefaces-extensions-4.0.0.jar
7f1b783fe000-7f1b7842a000 r--s 00318000 08:03 5768743                    /home/luis/.m2/repository/org/primefaces/primefaces/5.3/primefaces-5.3.jar
7f1b7842a000-7f1b7842d000 r--s 00015000 08:03 5637040                    /home/luis/.m2/repository/javax/servlet/javax.servlet-api/3.1.0/javax.servlet-api-3.1.0.jar
7f1b7842d000-7f1b78432000 r--s 00046000 08:03 5637394                    /home/luis/.m2/repository/org/apache/commons/commons-lang3/3.0/commons-lang3-3.0.jar
7f1b78432000-7f1b78434000 r--s 00010000 08:03 5636723                    /home/luis/.m2/repository/commons-codec/commons-codec/1.5/commons-codec-1.5.jar
7f1b78434000-7f1b78456000 r--s 001bb000 08:03 5767191                    /home/luis/.m2/repository/org/apache/poi/poi/3.10-FINAL/poi-3.10-FINAL.jar
7f1b78456000-7f1b7845d000 r--s 00088000 08:03 5636472                    /home/luis/.m2/repository/com/microsoft/sqlserver/sqljdbc/4-4.0.2206.100/sqljdbc-4-4.0.2206.100.jar
7f1b7845d000-7f1b7846b000 r--s 00091000 08:03 5768146                    /home/luis/.m2/repository/org/hibernate/hibernate-entitymanager/4.3.8.Final/hibernate-entitymanager-4.3.8.Final.jar
7f1b7846b000-7f1b78470000 r--s 00068000 08:03 5636103                    /home/luis/.m2/repository/antlr/antlr/2.7.7/antlr-2.7.7.jar
7f1b78470000-7f1b7847a000 r--s 000a5000 08:03 5768213                    /home/luis/.m2/repository/org/javassist/javassist/3.18.1-GA/javassist-3.18.1-GA.jar
7f1b7847a000-7f1b7847f000 r--s 00017000 08:03 5768181                    /home/luis/.m2/repository/org/hibernate/javax/persistence/hibernate-jpa-2.1-api/1.0.0.Final/hibernate-jpa-2.1-api-1.0.0.Final.jar
7f1b7847f000-7f1b78482000 r--s 00010000 08:03 5768112                    /home/luis/.m2/repository/org/hibernate/common/hibernate-commons-annotations/4.0.5.Final/hibernate-commons-annotations-4.0.5.Final.jar
7f1b78482000-7f1b78483000 r--s 00006000 08:03 5768395                    /home/luis/.m2/repository/org/jboss/spec/javax/transaction/jboss-transaction-api_1.2_spec/1.0.0.Final/jboss-transaction-api_1.2_spec-1.0.0.Final.jar
7f1b78483000-7f1b78484000 r--s 00002000 08:03 5768273                    /home/luis/.m2/repository/org/jboss/logging/jboss-logging-annotations/1.2.0.Beta1/jboss-logging-annotations-1.2.0.Beta1.jar
7f1b78484000-7f1b784e2000 r--s 004aa000 08:03 5768129                    /home/luis/.m2/repository/org/hibernate/hibernate-core/4.3.8.Final/hibernate-core-4.3.8.Final.jar
7f1b784e2000-7f1b784e4000 r--s 0000d000 08:03 5636244                    /home/luis/.m2/repository/com/fasterxml/classmate/1.0.0/classmate-1.0.0.jar
7f1b784e4000-7f1b784e6000 r--s 0000c000 08:03 5506588                    /home/luis/.m2/repository/org/jboss/logging/jboss-logging/3.1.3.GA/jboss-logging-3.1.3.GA.jar
7f1b784e6000-7f1b784ea000 r--s 0000c000 08:03 5506503                    /home/luis/.m2/repository/javax/validation/validation-api/1.1.0.Final/validation-api-1.1.0.Final.jar
7f1b784ea000-7f1b784f8000 r--s 0008d000 08:03 5506568                    /home/luis/.m2/repository/org/hibernate/hibernate-validator/5.1.3.Final/hibernate-validator-5.1.3.Final.jar
7f1b784f8000-7f1b78521000 r--s 002d4000 08:03 5506561                    /home/luis/.m2/repository/org/glassfish/javax.faces/2.2.10/javax.faces-2.2.10.jar
7f1b78521000-7f1b78523000 r--s 00012000 08:03 5506576                    /home/luis/.m2/repository/org/jboss/jandex/1.2.3.Final/jandex-1.2.3.Final.jar
7f1b78523000-7f1b78572000 r--s 00378000 08:03 5506607                    /home/luis/.m2/repository/org/jboss/weld/servlet/weld-servlet/2.2.11.Final/weld-servlet-2.2.11.Final.jar
7f1b78572000-7f1b7857f000 r--s 0009c000 08:03 5506495                    /home/luis/.m2/repository/javax/faces/javax.faces-api/2.2/javax.faces-api-2.2.jar
7f1b7857f000-7f1b78584000 r--s 00048000 08:03 5506486                    /home/luis/.m2/repository/dom4j/dom4j/1.6.1/dom4j-1.6.1.jar
7f1b78584000-7f1b78586000 r--s 00005000 08:03 5506515                    /home/luis/.m2/repository/org/apache/geronimo/specs/geronimo-stax-api_1.0_spec/1.0/geronimo-stax-api_1.0_spec-1.0.jar
7f1b78586000-7f1b78588000 r--s 00005000 08:03 5506623                    /home/luis/.m2/repository/stax/stax-api/1.0.1/stax-api-1.0.1.jar
7f1b78588000-7f1b785c5000 r--s 0024f000 08:03 5506549                    /home/luis/.m2/repository/org/apache/xmlbeans/xmlbeans/2.3.0/xmlbeans-2.3.0.jar
7f1b785c5000-7f1b78644000 r--s 0034a000 08:03 5506547                    /home/luis/.m2/repository/org/apache/poi/poi-ooxml-schemas/3.7/poi-ooxml-schemas-3.7.jar
7f1b78644000-7f1b7864b000 r--s 00073000 08:03 5506545                    /home/luis/.m2/repository/org/apache/poi/poi-ooxml/3.7/poi-ooxml-3.7.jar
7f1b7864b000-7f1b7884b000 rw-p 00000000 00:00 0 
7f1b7884b000-7f1b78a4b000 rw-p 00000000 00:00 0 
7f1b78a4b000-7f1b78ac4000 r--s 010e3000 08:03 9182454                    /usr/local/jdk/jdk1.8.0_91/lib/tools.jar
7f1b78ac4000-7f1b78ac7000 r--s 0001b000 08:03 5637155                    /home/luis/.m2/repository/junit/junit/3.8.2/junit-3.8.2.jar
7f1b78ac7000-7f1b78ad5000 r--s 0008f000 08:03 5636348                    /home/luis/.m2/repository/com/google/collections/google-collections/1.0/google-collections-1.0.jar
7f1b78ad5000-7f1b78ad6000 r--s 0000a000 08:03 5636898                    /home/luis/.m2/repository/commons-logging/commons-logging-api/1.1/commons-logging-api-1.1.jar
7f1b78ad6000-7f1b78add000 r--s 00051000 08:03 5637179                    /home/luis/.m2/repository/log4j/log4j/1.2.12/log4j-1.2.12.jar
7f1b78add000-7f1b78ae1000 r--s 0001d000 08:03 5767224                    /home/luis/.m2/repository/org/apache/xbean/xbean-reflect/3.4/xbean-reflect-3.4.jar
7f1b78ae1000-7f1b78ae2000 r--s 00004000 08:03 5767496                    /home/luis/.m2/repository/org/codehaus/plexus/plexus-compiler-javac/2.0/plexus-compiler-javac-2.0.jar
7f1b78ae2000-7f1b78ae4000 r--s 00000000 08:03 5767515                    /home/luis/.m2/repository/org/codehaus/plexus/plexus-compiler-manager/2.0/plexus-compiler-manager-2.0.jar
7f1b78ae4000-7f1b78ae6000 r--s 00005000 08:03 5767477                    /home/luis/.m2/repository/org/codehaus/plexus/plexus-compiler-api/2.0/plexus-compiler-api-2.0.jar
7f1b78ae6000-7f1b78ae8000 r--s 00000000 08:03 5767545                    /home/luis/.m2/repository/org/codehaus/plexus/plexus-component-annotations/1.5.5/plexus-component-annotations-1.5.5.jar
7f1b78ae8000-7f1b78aea000 r--s 00002000 08:03 5638746                    /home/luis/.m2/repository/org/apache/maven/shared/maven-shared-incremental/1.0/maven-shared-incremental-1.0.jar
7f1b78aea000-7f1b78aec000 r--s 00006000 08:03 5636310                    /home/luis/.m2/repository/com/google/code/findbugs/jsr305/2.0.1/jsr305-2.0.1.jar
7f1b78aec000-7f1b78aef000 r--s 00023000 08:03 5638766                    /home/luis/.m2/repository/org/apache/maven/shared/maven-shared-utils/0.1/maven-shared-utils-0.1.jar
7f1b78aef000-7f1b78af3000 r--s 00030000 08:03 5767795                    /home/luis/.m2/repository/org/codehaus/plexus/plexus-utils/1.5.1/plexus-utils-1.5.1.jar
7f1b78af3000-7f1b78af5000 r--s 00009000 08:03 5506218                    /home/luis/.m2/repository/org/apache/maven/plugins/maven-compiler-plugin/3.0/maven-compiler-plugin-3.0.jar
7f1b78af5000-7f1b78af7000 r--s 0000d000 08:03 5767703                    /home/luis/.m2/repository/org/codehaus/plexus/plexus-interpolation/1.13/plexus-interpolation-1.13.jar
7f1b78af7000-7f1b78af8000 r--s 00001000 08:03 5769120                    /home/luis/.m2/repository/org/sonatype/plexus/plexus-build-api/0.0.4/plexus-build-api-0.0.4.jar
7f1b78af8000-7f1b78afa000 r--s 00007000 08:03 5898378                    /home/luis/.m2/repository/org/apache/maven/shared/maven-filtering/1.0-beta-4/maven-filtering-1.0-beta-4.jar
7f1b78afa000-7f1b78afd000 r--s 0001b000 08:03 5637149                    /home/luis/.m2/repository/junit/junit/3.8.1/junit-3.8.1.jar
7f1b78afd000-7f1b78aff000 r--s 00002000 08:03 5767679                    /home/luis/.m2/repository/org/codehaus/plexus/plexus-interactivity-api/1.0-alpha-4/plexus-interactivity-api-1.0-alpha-4.jar
7f1b78aff000-7f1b78b01000 r--s 00006000 08:03 5636699                    /home/luis/.m2/repository/commons-cli/commons-cli/1.0/commons-cli-1.0.jar
7f1b78b01000-7f1b78b02000 r--s 00001000 08:03 5637843                    /home/luis/.m2/repository/org/apache/maven/doxia/doxia-sink-api/1.0-alpha-7/doxia-sink-api-1.0-alpha-7.jar
7f1b78b02000-7f1b78b03000 r--s 00002000 08:03 5638583                    /home/luis/.m2/repository/org/apache/maven/reporting/maven-reporting-api/2.0.6/maven-reporting-api-2.0.6.jar
7f1b78b03000-7f1b78b04000 r--s 00005000 08:03 5506210                    /home/luis/.m2/repository/org/apache/maven/plugins/maven-resources-plugin/2.4.3/maven-resources-plugin-2.4.3.jar
7f1b78b04000-7f1b78b08000 r--s 00033000 08:03 5767834                    /home/luis/.m2/repository/org/codehaus/plexus/plexus-utils/2.0.5/plexus-utils-2.0.5.jar
7f1b78b08000-7f1b78b09000 r--s 00005000 08:03 5506214                    /home/luis/.m2/repository/org/apache/maven/plugins/maven-clean-plugin/2.4.1/maven-clean-plugin-2.4.1.jar
7f1b78b09000-7f1b78d09000 rw-p 00000000 00:00 0 
7f1b78d09000-7f1b78d1a000 r-xp 00000000 08:03 11933208                   /usr/local/jdk/jdk1.8.0_91/jre/lib/amd64/libnio.so
7f1b78d1a000-7f1b78f19000 ---p 00011000 08:03 11933208                   /usr/local/jdk/jdk1.8.0_91/jre/lib/amd64/libnio.so
7f1b78f19000-7f1b78f1a000 rw-p 00010000 08:03 11933208                   /usr/local/jdk/jdk1.8.0_91/jre/lib/amd64/libnio.so
7f1b78f1a000-7f1b78f30000 r-xp 00000000 08:03 11933179                   /usr/local/jdk/jdk1.8.0_91/jre/lib/amd64/libnet.so
7f1b78f30000-7f1b79130000 ---p 00016000 08:03 11933179                   /usr/local/jdk/jdk1.8.0_91/jre/lib/amd64/libnet.so
7f1b79130000-7f1b79131000 rw-p 00016000 08:03 11933179                   /usr/local/jdk/jdk1.8.0_91/jre/lib/amd64/libnet.so
7f1b79131000-7f1b79134000 ---p 00000000 00:00 0 
7f1b79134000-7f1b7916a000 rw-p 00000000 00:00 0                          [stack:7390]
7f1b7916a000-7f1b7916b000 r--p 00000000 00:00 0 
7f1b7916b000-7f1b7936b000 rw-p 00000000 00:00 0 
7f1b7936b000-7f1b7936f000 r--s 00097000 08:03 11667576                   /usr/local/jdk/jdk1.8.0_91/jre/lib/jsse.jar
7f1b7936f000-7f1b7956f000 rw-p 00000000 00:00 0 
7f1b7956f000-7f1b79571000 r--s 0000c000 08:03 4854023                    /home/luis/netbeans-8.1/java/maven-nblib/netbeans-eventspy.jar
7f1b79571000-7f1b7958d000 r--s 00393000 08:03 11933112                   /usr/local/jdk/jdk1.8.0_91/jre/lib/ext/cldrdata.jar
7f1b7958d000-7f1b795ac000 r--s 00154000 08:03 4854041                    /home/luis/netbeans-8.1/java/maven/lib/sisu-guava-0.9.9.jar
7f1b795ac000-7f1b795ad000 ---p 00000000 00:00 0 
7f1b795ad000-7f1b796ad000 rw-p 00000000 00:00 0                          [stack:7377]
7f1b796ad000-7f1b796b0000 ---p 00000000 00:00 0 
7f1b796b0000-7f1b797ae000 rw-p 00000000 00:00 0                          [stack:7376]
7f1b797ae000-7f1b797b1000 ---p 00000000 00:00 0 
7f1b797b1000-7f1b798af000 rw-p 00000000 00:00 0                          [stack:7375]
7f1b798af000-7f1b798b2000 ---p 00000000 00:00 0 
7f1b798b2000-7f1b799b0000 rw-p 00000000 00:00 0                          [stack:7374]
7f1b799b0000-7f1b799b3000 ---p 00000000 00:00 0 
7f1b799b3000-7f1b79ab1000 rw-p 00000000 00:00 0                          [stack:7373]
7f1b79ab1000-7f1b79ab4000 ---p 00000000 00:00 0 
7f1b79ab4000-7f1b79bb2000 rw-p 00000000 00:00 0                          [stack:7372]
7f1b79bb2000-7f1b7a0ef000 r--p 00000000 08:03 9050153                    /usr/lib/locale/locale-archive
7f1b7a0ef000-7f1b7a0f2000 ---p 00000000 00:00 0 
7f1b7a0f2000-7f1b7d000000 rw-p 00000000 00:00 0                          [stack:7371]
7f1b7d000000-7f1b7dca0000 rwxp 00000000 00:00 0 
7f1b7dca0000-7f1b8c000000 ---p 00000000 00:00 0 
7f1b8c000000-7f1b8ceaa000 rw-p 00000000 00:00 0 
7f1b8ceaa000-7f1b90000000 ---p 00000000 00:00 0 
7f1b90000000-7f1b90002000 r--s 0000d000 08:03 4853956                    /home/luis/netbeans-8.1/java/maven/lib/plexus-interpolation-1.14.jar
7f1b90002000-7f1b9000c000 r--s 00116000 08:03 11933115                   /usr/local/jdk/jdk1.8.0_91/jre/lib/ext/localedata.jar
7f1b9000c000-7f1b90010000 r--s 0001c000 08:03 4854028                    /home/luis/netbeans-8.1/java/maven/lib/aether-util-1.13.1.jar
7f1b90010000-7f1b90018000 r--s 00050000 08:03 4853986                    /home/luis/netbeans-8.1/java/maven/lib/sisu-guice-3.1.0-no_aop.jar
7f1b90018000-7f1b9001c000 r--s 00021000 08:03 4853952                    /home/luis/netbeans-8.1/java/maven/lib/maven-model-builder-3.0.5.jar
7f1b9001c000-7f1b9001e000 r--s 0000a000 08:03 4854015                    /home/luis/netbeans-8.1/java/maven/lib/maven-settings-3.0.5.jar
7f1b9001e000-7f1b90020000 r--s 00000000 08:03 4853683                    /home/luis/netbeans-8.1/java/maven/lib/plexus-component-annotations-1.5.5.jar
7f1b90020000-7f1b90022000 r--s 00002000 08:03 4854033                    /home/luis/netbeans-8.1/java/maven/lib/plexus-cipher-1.7.jar
7f1b90022000-7f1b90029000 r--s 0003f000 08:03 4854000                    /home/luis/netbeans-8.1/java/maven/lib/sisu-inject-bean-2.3.0.jar
7f1b90029000-7f1b9002b000 r--s 00006000 08:03 4853804                    /home/luis/netbeans-8.1/java/maven/lib/maven-repository-metadata-3.0.5.jar
7f1b9002b000-7f1b9002f000 r--s 00013000 08:03 4854034                    /home/luis/netbeans-8.1/java/maven/lib/aether-api-1.13.1.jar
7f1b9002f000-7f1b90033000 r--s 00033000 08:03 4854026                    /home/luis/netbeans-8.1/java/maven/lib/plexus-utils-2.0.6.jar
7f1b90033000-7f1b90039000 r--s 0003f000 08:03 4854029                    /home/luis/netbeans-8.1/java/maven/lib/maven-compat-3.0.5.jar
7f1b90039000-7f1b90054000 r--s 000e4000 08:03 4854008                    /home/luis/netbeans-8.1/java/maven/lib/wagon-http-2.4-shaded.jar
7f1b90054000-7f1b90082000 r--s 001c9000 08:03 4853955                    /home/luis/netbeans-8.1/java/maven/lib/ext/wagon-http-2.8-shaded.jar
7f1b90082000-7f1b90085000 ---p 00000000 00:00 0 
7f1b90085000-7f1b90183000 rw-p 00000000 00:00 0                          [stack:7370]
7f1b90183000-7f1b90184000 ---p 00000000 00:00 0 
7f1b90184000-7f1b91266000 rw-p 00000000 00:00 0                          [stack:7369]
7f1b91266000-7f1b9143f000 r--s 03d1f000 08:03 11667601                   /usr/local/jdk/jdk1.8.0_91/jre/lib/rt.jar
7f1b9143f000-7f1b91f96000 rw-p 00000000 00:00 0 
7f1b91f96000-7f1b91f97000 ---p 00000000 00:00 0 
7f1b91f97000-7f1b92097000 rw-p 00000000 00:00 0                          [stack:7368]
7f1b92097000-7f1b92098000 ---p 00000000 00:00 0 
7f1b92098000-7f1b92198000 rw-p 00000000 00:00 0                          [stack:7367]
7f1b92198000-7f1b92199000 ---p 00000000 00:00 0 
7f1b92199000-7f1b92299000 rw-p 00000000 00:00 0                          [stack:7366]
7f1b92299000-7f1b9229a000 ---p 00000000 00:00 0 
7f1b9229a000-7f1b923ba000 rw-p 00000000 00:00 0                          [stack:7365]
7f1b923ba000-7f1b92586000 ---p 00000000 00:00 0 
7f1b92586000-7f1b925a6000 rw-p 00000000 00:00 0 
7f1b925a6000-7f1b92771000 ---p 00000000 00:00 0 
7f1b92771000-7f1b9279f000 rw-p 00000000 00:00 0 
7f1b9279f000-7f1b92867000 ---p 00000000 00:00 0 
7f1b92867000-7f1b9289b000 rw-p 00000000 00:00 0 
7f1b9289b000-7f1b92c28000 ---p 00000000 00:00 0 
7f1b92c28000-7f1b92c42000 r-xp 00000000 08:03 11933169                   /usr/local/jdk/jdk1.8.0_91/jre/lib/amd64/libzip.so
7f1b92c42000-7f1b92e42000 ---p 0001a000 08:03 11933169                   /usr/local/jdk/jdk1.8.0_91/jre/lib/amd64/libzip.so
7f1b92e42000-7f1b92e43000 rw-p 0001a000 08:03 11933169                   /usr/local/jdk/jdk1.8.0_91/jre/lib/amd64/libzip.so
7f1b92e43000-7f1b92e4e000 r-xp 00000000 08:03 2363482                    /lib/x86_64-linux-gnu/libnss_files-2.19.so
7f1b92e4e000-7f1b9304d000 ---p 0000b000 08:03 2363482                    /lib/x86_64-linux-gnu/libnss_files-2.19.so
7f1b9304d000-7f1b9304e000 r--p 0000a000 08:03 2363482                    /lib/x86_64-linux-gnu/libnss_files-2.19.so
7f1b9304e000-7f1b9304f000 rw-p 0000b000 08:03 2363482                    /lib/x86_64-linux-gnu/libnss_files-2.19.so
7f1b9304f000-7f1b9305a000 r-xp 00000000 08:03 2363492                    /lib/x86_64-linux-gnu/libnss_nis-2.19.so
7f1b9305a000-7f1b93259000 ---p 0000b000 08:03 2363492                    /lib/x86_64-linux-gnu/libnss_nis-2.19.so
7f1b93259000-7f1b9325a000 r--p 0000a000 08:03 2363492                    /lib/x86_64-linux-gnu/libnss_nis-2.19.so
7f1b9325a000-7f1b9325b000 rw-p 0000b000 08:03 2363492                    /lib/x86_64-linux-gnu/libnss_nis-2.19.so
7f1b9325b000-7f1b93272000 r-xp 00000000 08:03 2363476                    /lib/x86_64-linux-gnu/libnsl-2.19.so
7f1b93272000-7f1b93471000 ---p 00017000 08:03 2363476                    /lib/x86_64-linux-gnu/libnsl-2.19.so
7f1b93471000-7f1b93472000 r--p 00016000 08:03 2363476                    /lib/x86_64-linux-gnu/libnsl-2.19.so
7f1b93472000-7f1b93473000 rw-p 00017000 08:03 2363476                    /lib/x86_64-linux-gnu/libnsl-2.19.so
7f1b93473000-7f1b93475000 rw-p 00000000 00:00 0 
7f1b93475000-7f1b9347e000 r-xp 00000000 08:03 2363478                    /lib/x86_64-linux-gnu/libnss_compat-2.19.so
7f1b9347e000-7f1b9367d000 ---p 00009000 08:03 2363478                    /lib/x86_64-linux-gnu/libnss_compat-2.19.so
7f1b9367d000-7f1b9367e000 r--p 00008000 08:03 2363478                    /lib/x86_64-linux-gnu/libnss_compat-2.19.so
7f1b9367e000-7f1b9367f000 rw-p 00009000 08:03 2363478                    /lib/x86_64-linux-gnu/libnss_compat-2.19.so
7f1b9367f000-7f1b936a9000 r-xp 00000000 08:03 11933181                   /usr/local/jdk/jdk1.8.0_91/jre/lib/amd64/libjava.so
7f1b936a9000-7f1b938a9000 ---p 0002a000 08:03 11933181                   /usr/local/jdk/jdk1.8.0_91/jre/lib/amd64/libjava.so
7f1b938a9000-7f1b938ab000 rw-p 0002a000 08:03 11933181                   /usr/local/jdk/jdk1.8.0_91/jre/lib/amd64/libjava.so
7f1b938ab000-7f1b938b8000 r-xp 00000000 08:03 11933182                   /usr/local/jdk/jdk1.8.0_91/jre/lib/amd64/libverify.so
7f1b938b8000-7f1b93ab8000 ---p 0000d000 08:03 11933182                   /usr/local/jdk/jdk1.8.0_91/jre/lib/amd64/libverify.so
7f1b93ab8000-7f1b93aba000 rw-p 0000d000 08:03 11933182                   /usr/local/jdk/jdk1.8.0_91/jre/lib/amd64/libverify.so
7f1b93aba000-7f1b93ac1000 r-xp 00000000 08:03 2363535                    /lib/x86_64-linux-gnu/librt-2.19.so
7f1b93ac1000-7f1b93cc0000 ---p 00007000 08:03 2363535                    /lib/x86_64-linux-gnu/librt-2.19.so
7f1b93cc0000-7f1b93cc1000 r--p 00006000 08:03 2363535                    /lib/x86_64-linux-gnu/librt-2.19.so
7f1b93cc1000-7f1b93cc2000 rw-p 00007000 08:03 2363535                    /lib/x86_64-linux-gnu/librt-2.19.so
7f1b93cc2000-7f1b93dc7000 r-xp 00000000 08:03 2363457                    /lib/x86_64-linux-gnu/libm-2.19.so
7f1b93dc7000-7f1b93fc6000 ---p 00105000 08:03 2363457                    /lib/x86_64-linux-gnu/libm-2.19.so
7f1b93fc6000-7f1b93fc7000 r--p 00104000 08:03 2363457                    /lib/x86_64-linux-gnu/libm-2.19.so
7f1b93fc7000-7f1b93fc8000 rw-p 00105000 08:03 2363457                    /lib/x86_64-linux-gnu/libm-2.19.so
7f1b93fc8000-7f1b94c88000 r-xp 00000000 08:03 11933188                   /usr/local/jdk/jdk1.8.0_91/jre/lib/amd64/server/libjvm.so
7f1b94c88000-7f1b94e88000 ---p 00cc0000 08:03 11933188                   /usr/local/jdk/jdk1.8.0_91/jre/lib/amd64/server/libjvm.so
7f1b94e88000-7f1b94f60000 rw-p 00cc0000 08:03 11933188                   /usr/local/jdk/jdk1.8.0_91/jre/lib/amd64/server/libjvm.so
7f1b94f60000-7f1b94fab000 rw-p 00000000 00:00 0 
7f1b94fab000-7f1b95166000 r-xp 00000000 08:03 2363406                    /lib/x86_64-linux-gnu/libc-2.19.so
7f1b95166000-7f1b95366000 ---p 001bb000 08:03 2363406                    /lib/x86_64-linux-gnu/libc-2.19.so
7f1b95366000-7f1b9536a000 r--p 001bb000 08:03 2363406                    /lib/x86_64-linux-gnu/libc-2.19.so
7f1b9536a000-7f1b9536c000 rw-p 001bf000 08:03 2363406                    /lib/x86_64-linux-gnu/libc-2.19.so
7f1b9536c000-7f1b95371000 rw-p 00000000 00:00 0 
7f1b95371000-7f1b95374000 r-xp 00000000 08:03 2363423                    /lib/x86_64-linux-gnu/libdl-2.19.so
7f1b95374000-7f1b95573000 ---p 00003000 08:03 2363423                    /lib/x86_64-linux-gnu/libdl-2.19.so
7f1b95573000-7f1b95574000 r--p 00002000 08:03 2363423                    /lib/x86_64-linux-gnu/libdl-2.19.so
7f1b95574000-7f1b95575000 rw-p 00003000 08:03 2363423                    /lib/x86_64-linux-gnu/libdl-2.19.so
7f1b95575000-7f1b9558a000 r-xp 00000000 08:03 9311551                    /usr/local/jdk/jdk1.8.0_91/lib/amd64/jli/libjli.so
7f1b9558a000-7f1b9578a000 ---p 00015000 08:03 9311551                    /usr/local/jdk/jdk1.8.0_91/lib/amd64/jli/libjli.so
7f1b9578a000-7f1b9578b000 rw-p 00015000 08:03 9311551                    /usr/local/jdk/jdk1.8.0_91/lib/amd64/jli/libjli.so
7f1b9578b000-7f1b957a4000 r-xp 00000000 08:03 2363527                    /lib/x86_64-linux-gnu/libpthread-2.19.so
7f1b957a4000-7f1b959a3000 ---p 00019000 08:03 2363527                    /lib/x86_64-linux-gnu/libpthread-2.19.so
7f1b959a3000-7f1b959a4000 r--p 00018000 08:03 2363527                    /lib/x86_64-linux-gnu/libpthread-2.19.so
7f1b959a4000-7f1b959a5000 rw-p 00019000 08:03 2363527                    /lib/x86_64-linux-gnu/libpthread-2.19.so
7f1b959a5000-7f1b959a9000 rw-p 00000000 00:00 0 
7f1b959a9000-7f1b959cc000 r-xp 00000000 08:03 2363382                    /lib/x86_64-linux-gnu/ld-2.19.so
7f1b959cc000-7f1b959cd000 r--s 00006000 08:03 4853953                    /home/luis/netbeans-8.1/java/maven/lib/plexus-sec-dispatcher-1.3.jar
7f1b959cd000-7f1b959ce000 r--s 0000a000 08:03 4854014                    /home/luis/netbeans-8.1/java/maven/lib/maven-embedder-3.0.5.jar
7f1b959ce000-7f1b959d0000 r--s 0000b000 08:03 4854013                    /home/luis/netbeans-8.1/java/maven/lib/maven-artifact-3.0.5.jar
7f1b959d0000-7f1b959d2000 r--s 0000b000 08:03 4853998                    /home/luis/netbeans-8.1/java/maven/lib/wagon-provider-api-2.4.jar
7f1b959d2000-7f1b959d4000 r--s 0000c000 08:03 4853917                    /home/luis/netbeans-8.1/java/maven/lib/maven-aether-provider-3.0.5.jar
7f1b959d4000-7f1b959d6000 r--s 0000b000 08:03 4853999                    /home/luis/netbeans-8.1/java/maven/lib/maven-plugin-api-3.0.5.jar
7f1b959d6000-7f1b959d9000 r--s 00008000 08:03 4853899                    /home/luis/netbeans-8.1/java/maven/lib/maven-settings-builder-3.0.5.jar
7f1b959d9000-7f1b959db000 r--s 00026000 08:03 4854032                    /home/luis/netbeans-8.1/java/maven/lib/maven-model-3.0.5.jar
7f1b959db000-7f1b959e2000 r--s 0002b000 08:03 4853975                    /home/luis/netbeans-8.1/java/maven/lib/sisu-inject-plexus-2.3.0.jar
7f1b959e2000-7f1b959e4000 r--s 00006000 08:03 4853870                    /home/luis/netbeans-8.1/java/maven/lib/aether-connector-wagon-1.13.1.jar
7f1b959e4000-7f1b95aa5000 rw-p 00000000 00:00 0 
7f1b95aa5000-7f1b95aa8000 ---p 00000000 00:00 0 
7f1b95aa8000-7f1b95baa000 rw-p 00000000 00:00 0                          [stack:7364]
7f1b95baa000-7f1b95bab000 r--s 00002000 08:03 4854045                    /home/luis/netbeans-8.1/java/maven/lib/wagon-file-2.4.jar
7f1b95bab000-7f1b95bad000 r--s 00009000 08:03 4854043                    /home/luis/netbeans-8.1/java/maven/lib/commons-cli-1.2.jar
7f1b95bad000-7f1b95bae000 r--s 00003000 08:03 4854035                    /home/luis/netbeans-8.1/java/maven/lib/aether-spi-1.13.1.jar
7f1b95bae000-7f1b95bb1000 r--s 0001d000 08:03 4854027                    /home/luis/netbeans-8.1/java/maven/lib/aether-impl-1.13.1.jar
7f1b95bb1000-7f1b95bbd000 r--s 0007d000 08:03 4854040                    /home/luis/netbeans-8.1/java/maven/lib/maven-core-3.0.5.jar
7f1b95bbd000-7f1b95bbf000 r--s 0000a000 08:03 4853988                    /home/luis/netbeans-8.1/java/maven/boot/plexus-classworlds-2.4.jar
7f1b95bbf000-7f1b95bc7000 rw-s 00000000 08:03 3671215                    /tmp/hsperfdata_luis/7361
7f1b95bc7000-7f1b95bc8000 rw-p 00000000 00:00 0 
7f1b95bc8000-7f1b95bc9000 ---p 00000000 00:00 0 
7f1b95bc9000-7f1b95bcb000 rw-p 00000000 00:00 0 
7f1b95bcb000-7f1b95bcc000 r--p 00022000 08:03 2363382                    /lib/x86_64-linux-gnu/ld-2.19.so
7f1b95bcc000-7f1b95bcd000 rw-p 00023000 08:03 2363382                    /lib/x86_64-linux-gnu/ld-2.19.so
7f1b95bcd000-7f1b95bce000 rw-p 00000000 00:00 0 
7fff41116000-7fff41137000 rw-p 00000000 00:00 0                          [stack]
7fff411fe000-7fff41200000 r-xp 00000000 00:00 0                          [vdso]
ffffffffff600000-ffffffffff601000 r-xp 00000000 00:00 0                  [vsyscall]

VM Arguments:
jvm_args: -Dclassworlds.conf=/home/luis/netbeans-8.1/java/maven/bin/m2.conf -Dmaven.home=/home/luis/netbeans-8.1/java/maven 
java_command: org.codehaus.plexus.classworlds.launcher.Launcher -Dmaven.ext.class.path=/home/luis/netbeans-8.1/java/maven-nblib/netbeans-eventspy.jar clean install
java_class_path (initial): /home/luis/netbeans-8.1/java/maven/boot/plexus-classworlds-2.4.jar
Launcher Type: SUN_STANDARD

Environment Variables:
JAVA_HOME=/usr/local/jdk/jdk1.8.0_91
PATH=/usr/local/sbin:/usr/local/bin:/usr/sbin:/usr/bin:/sbin:/bin:/usr/games:/usr/local/games:/home/luis/bin:/usr/local/jdk/jdk1.8.0_91/bin
USERNAME=luis
LD_LIBRARY_PATH=/usr/local/jdk/jdk1.8.0_91/jre/lib/amd64:/usr/local/jdk/jdk1.8.0_91/jre/lib/i386:
SHELL=/bin/bash
DISPLAY=:0.0

Signal Handlers:
SIGSEGV: [libjvm.so+0xabca10], sa_mask[0]=11111111011111111101111111111110, sa_flags=SA_RESTART|SA_SIGINFO
SIGBUS: [libjvm.so+0xabca10], sa_mask[0]=11111111011111111101111111111110, sa_flags=SA_RESTART|SA_SIGINFO
SIGFPE: [libjvm.so+0x919a20], sa_mask[0]=11111111011111111101111111111110, sa_flags=SA_RESTART|SA_SIGINFO
SIGPIPE: [libjvm.so+0x919a20], sa_mask[0]=11111111011111111101111111111110, sa_flags=SA_RESTART|SA_SIGINFO
SIGXFSZ: [libjvm.so+0x919a20], sa_mask[0]=11111111011111111101111111111110, sa_flags=SA_RESTART|SA_SIGINFO
SIGILL: [libjvm.so+0x919a20], sa_mask[0]=11111111011111111101111111111110, sa_flags=SA_RESTART|SA_SIGINFO
SIGUSR1: SIG_DFL, sa_mask[0]=00000000000000000000000000000000, sa_flags=none
SIGUSR2: [libjvm.so+0x91b050], sa_mask[0]=00100000000000000000000000000000, sa_flags=SA_RESTART|SA_SIGINFO
SIGHUP: [libjvm.so+0x91c450], sa_mask[0]=11111111011111111101111111111110, sa_flags=SA_RESTART|SA_SIGINFO
SIGINT: SIG_IGN, sa_mask[0]=00000000000000000000000000000000, sa_flags=none
SIGTERM: [libjvm.so+0x91c450], sa_mask[0]=11111111011111111101111111111110, sa_flags=SA_RESTART|SA_SIGINFO
SIGQUIT: [libjvm.so+0x91c450], sa_mask[0]=11111111011111111101111111111110, sa_flags=SA_RESTART|SA_SIGINFO


---------------  S Y S T E M  ---------------

OS:DISTRIB_ID=LinuxMint
DISTRIB_RELEASE=17.1
DISTRIB_CODENAME=rebecca
DISTRIB_DESCRIPTION="Linux Mint 17.1 Rebecca"

uname:Linux 3.13.0-37-generic #64-Ubuntu SMP Mon Sep 22 21:28:38 UTC 2014 x86_64
libc:glibc 2.19 NPTL 2.19 
rlimit: STACK 8192k, CORE 0k, NPROC 46885, NOFILE 4096, AS infinity
load average:8,60 2,55 1,24

/proc/meminfo:
MemTotal:        6032516 kB
MemFree:          117472 kB
Buffers:             372 kB
Cached:           406584 kB
SwapCached:         3120 kB
Active:          4581632 kB
Inactive:        1136892 kB
Active(anon):    4577296 kB
Inactive(anon):  1116028 kB
Active(file):       4336 kB
Inactive(file):    20864 kB
Unevictable:          32 kB
Mlocked:              32 kB
SwapTotal:        115708 kB
SwapFree:              0 kB
Dirty:               244 kB
Writeback:             0 kB
AnonPages:       5308616 kB
Mapped:           180876 kB
Shmem:            381632 kB
Slab:              64540 kB
SReclaimable:      28540 kB
SUnreclaim:        36000 kB
KernelStack:        6288 kB
PageTables:        50368 kB
NFS_Unstable:          0 kB
Bounce:                0 kB
WritebackTmp:          0 kB
CommitLimit:     3131964 kB
Committed_AS:    9905332 kB
VmallocTotal:   34359738367 kB
VmallocUsed:      355552 kB
VmallocChunk:   34359374336 kB
HardwareCorrupted:     0 kB
AnonHugePages:   2820096 kB
HugePages_Total:       0
HugePages_Free:        0
HugePages_Rsvd:        0
HugePages_Surp:        0
Hugepagesize:       2048 kB
DirectMap4k:       85964 kB
DirectMap2M:     2979840 kB
DirectMap1G:     3145728 kB


CPU:total 4 (2 cores per cpu, 2 threads per core) family 6 model 60 stepping 3, cmov, cx8, fxsr, mmx, sse, sse2, sse3, ssse3, sse4.1, sse4.2, popcnt, avx, avx2, aes, clmul, erms, lzcnt, ht, tsc, tscinvbit, bmi1, bmi2

/proc/cpuinfo:
processor	: 0
vendor_id	: GenuineIntel
cpu family	: 6
model		: 60
model name	: Intel(R) Core(TM) i3-4170 CPU @ 3.70GHz
stepping	: 3
microcode	: 0x19
cpu MHz		: 3700.000
cache size	: 3072 KB
physical id	: 0
siblings	: 4
core id		: 0
cpu cores	: 2
apicid		: 0
initial apicid	: 0
fpu		: yes
fpu_exception	: yes
cpuid level	: 13
wp		: yes
flags		: fpu vme de pse tsc msr pae mce cx8 apic sep mtrr pge mca cmov pat pse36 clflush dts acpi mmx fxsr sse sse2 ss ht tm pbe syscall nx pdpe1gb rdtscp lm constant_tsc arch_perfmon pebs bts rep_good nopl xtopology nonstop_tsc aperfmperf eagerfpu pni pclmulqdq dtes64 monitor ds_cpl vmx est tm2 ssse3 fma cx16 xtpr pdcm pcid sse4_1 sse4_2 movbe popcnt tsc_deadline_timer aes xsave avx f16c rdrand lahf_lm abm arat epb xsaveopt pln pts dtherm tpr_shadow vnmi flexpriority ept vpid fsgsbase tsc_adjust bmi1 avx2 smep bmi2 erms invpcid
bogomips	: 7391.82
clflush size	: 64
cache_alignment	: 64
address sizes	: 39 bits physical, 48 bits virtual
power management:

processor	: 1
vendor_id	: GenuineIntel
cpu family	: 6
model		: 60
model name	: Intel(R) Core(TM) i3-4170 CPU @ 3.70GHz
stepping	: 3
microcode	: 0x19
cpu MHz		: 3700.000
cache size	: 3072 KB
physical id	: 0
siblings	: 4
core id		: 1
cpu cores	: 2
apicid		: 2
initial apicid	: 2
fpu		: yes
fpu_exception	: yes
cpuid level	: 13
wp		: yes
flags		: fpu vme de pse tsc msr pae mce cx8 apic sep mtrr pge mca cmov pat pse36 clflush dts acpi mmx fxsr sse sse2 ss ht tm pbe syscall nx pdpe1gb rdtscp lm constant_tsc arch_perfmon pebs bts rep_good nopl xtopology nonstop_tsc aperfmperf eagerfpu pni pclmulqdq dtes64 monitor ds_cpl vmx est tm2 ssse3 fma cx16 xtpr pdcm pcid sse4_1 sse4_2 movbe popcnt tsc_deadline_timer aes xsave avx f16c rdrand lahf_lm abm arat epb xsaveopt pln pts dtherm tpr_shadow vnmi flexpriority ept vpid fsgsbase tsc_adjust bmi1 avx2 smep bmi2 erms invpcid
bogomips	: 7391.82
clflush size	: 64
cache_alignment	: 64
address sizes	: 39 bits physical, 48 bits virtual
power management:

processor	: 2
vendor_id	: GenuineIntel
cpu family	: 6
model		: 60
model name	: Intel(R) Core(TM) i3-4170 CPU @ 3.70GHz
stepping	: 3
microcode	: 0x19
cpu MHz		: 3700.000
cache size	: 3072 KB
physical id	: 0
siblings	: 4
core id		: 0
cpu cores	: 2
apicid		: 1
initial apicid	: 1
fpu		: yes
fpu_exception	: yes
cpuid level	: 13
wp		: yes
flags		: fpu vme de pse tsc msr pae mce cx8 apic sep mtrr pge mca cmov pat pse36 clflush dts acpi mmx fxsr sse sse2 ss ht tm pbe syscall nx pdpe1gb rdtscp lm constant_tsc arch_perfmon pebs bts rep_good nopl xtopology nonstop_tsc aperfmperf eagerfpu pni pclmulqdq dtes64 monitor ds_cpl vmx est tm2 ssse3 fma cx16 xtpr pdcm pcid sse4_1 sse4_2 movbe popcnt tsc_deadline_timer aes xsave avx f16c rdrand lahf_lm abm arat epb xsaveopt pln pts dtherm tpr_shadow vnmi flexpriority ept vpid fsgsbase tsc_adjust bmi1 avx2 smep bmi2 erms invpcid
bogomips	: 7391.82
clflush size	: 64
cache_alignment	: 64
address sizes	: 39 bits physical, 48 bits virtual
power management:

processor	: 3
vendor_id	: GenuineIntel
cpu family	: 6
model		: 60
model name	: Intel(R) Core(TM) i3-4170 CPU @ 3.70GHz
stepping	: 3
microcode	: 0x19
cpu MHz		: 3700.000
cache size	: 3072 KB
physical id	: 0
siblings	: 4
core id		: 1
cpu cores	: 2
apicid		: 3
initial apicid	: 3
fpu		: yes
fpu_exception	: yes
cpuid level	: 13
wp		: yes
flags		: fpu vme de pse tsc msr pae mce cx8 apic sep mtrr pge mca cmov pat pse36 clflush dts acpi mmx fxsr sse sse2 ss ht tm pbe syscall nx pdpe1gb rdtscp lm constant_tsc arch_perfmon pebs bts rep_good nopl xtopology nonstop_tsc aperfmperf eagerfpu pni pclmulqdq dtes64 monitor ds_cpl vmx est tm2 ssse3 fma cx16 xtpr pdcm pcid sse4_1 sse4_2 movbe popcnt tsc_deadline_timer aes xsave avx f16c rdrand lahf_lm abm arat epb xsaveopt pln pts dtherm tpr_shadow vnmi flexpriority ept vpid fsgsbase tsc_adjust bmi1 avx2 smep bmi2 erms invpcid
bogomips	: 7391.82
clflush size	: 64
cache_alignment	: 64
address sizes	: 39 bits physical, 48 bits virtual
power management:



Memory: 4k page, physical 6032516k(117472k free), swap 115708k(0k free)

vm_info: Java HotSpot(TM) 64-Bit Server VM (25.91-b14) for linux-amd64 JRE (1.8.0_91-b14), built on Apr  1 2016 00:57:21 by "java_re" with gcc 4.3.0 20080428 (Red Hat 4.3.0-8)

time: Tue Jun 21 10:54:09 2016
elapsed time: 23 seconds (0d 0h 0m 23s)

